16-May-2021 16:46:34 ::: Beginning: Image generation.
16-May-2021 16:46:34 ::: Completed: Image generation.
16-May-2021 16:46:34 ::: Beginning: Rotations only test.
16-May-2021 16:46:37 ::: Completed: Rotations only test.
16-May-2021 16:46:37 ::: Beginning: Translation only test.
16-May-2021 16:46:37 ::: Beginning: Translation size 1 of 76 (size = 0.000).
16-May-2021 16:46:45 ::: Completed: Translation size 1 of 76 (size = 0.000).
16-May-2021 16:46:45 ::: Beginning: Translation size 2 of 76 (size = 0.200).
16-May-2021 16:46:54 ::: Completed: Translation size 2 of 76 (size = 0.200).
16-May-2021 16:46:54 ::: Beginning: Translation size 3 of 76 (size = 0.400).
16-May-2021 16:47:03 ::: Completed: Translation size 3 of 76 (size = 0.400).
16-May-2021 16:47:03 ::: Beginning: Translation size 4 of 76 (size = 0.600).
16-May-2021 16:47:11 ::: Completed: Translation size 4 of 76 (size = 0.600).
16-May-2021 16:47:11 ::: Beginning: Translation size 5 of 76 (size = 0.800).
16-May-2021 16:47:19 ::: Completed: Translation size 5 of 76 (size = 0.800).
16-May-2021 16:47:19 ::: Beginning: Translation size 6 of 76 (size = 1.000).
16-May-2021 16:47:28 ::: Completed: Translation size 6 of 76 (size = 1.000).
16-May-2021 16:47:28 ::: Beginning: Translation size 7 of 76 (size = 1.200).
16-May-2021 16:47:36 ::: Completed: Translation size 7 of 76 (size = 1.200).
16-May-2021 16:47:36 ::: Beginning: Translation size 8 of 76 (size = 1.400).
16-May-2021 16:47:45 ::: Completed: Translation size 8 of 76 (size = 1.400).
16-May-2021 16:47:45 ::: Beginning: Translation size 9 of 76 (size = 1.600).
16-May-2021 16:47:53 ::: Completed: Translation size 9 of 76 (size = 1.600).
16-May-2021 16:47:53 ::: Beginning: Translation size 10 of 76 (size = 1.800).
16-May-2021 16:48:02 ::: Completed: Translation size 10 of 76 (size = 1.800).
16-May-2021 16:48:02 ::: Beginning: Translation size 11 of 76 (size = 2.000).
16-May-2021 16:48:10 ::: Completed: Translation size 11 of 76 (size = 2.000).
16-May-2021 16:48:10 ::: Beginning: Translation size 12 of 76 (size = 2.200).
16-May-2021 16:48:18 ::: Completed: Translation size 12 of 76 (size = 2.200).
16-May-2021 16:48:18 ::: Beginning: Translation size 13 of 76 (size = 2.400).
16-May-2021 16:48:27 ::: Completed: Translation size 13 of 76 (size = 2.400).
16-May-2021 16:48:27 ::: Beginning: Translation size 14 of 76 (size = 2.600).
16-May-2021 16:48:35 ::: Completed: Translation size 14 of 76 (size = 2.600).
16-May-2021 16:48:35 ::: Beginning: Translation size 15 of 76 (size = 2.800).
16-May-2021 16:48:44 ::: Completed: Translation size 15 of 76 (size = 2.800).
16-May-2021 16:48:44 ::: Beginning: Translation size 16 of 76 (size = 3.000).
16-May-2021 16:48:52 ::: Completed: Translation size 16 of 76 (size = 3.000).
16-May-2021 16:48:52 ::: Beginning: Translation size 17 of 76 (size = 3.200).
16-May-2021 16:49:01 ::: Completed: Translation size 17 of 76 (size = 3.200).
16-May-2021 16:49:01 ::: Beginning: Translation size 18 of 76 (size = 3.400).
16-May-2021 16:49:09 ::: Completed: Translation size 18 of 76 (size = 3.400).
16-May-2021 16:49:09 ::: Beginning: Translation size 19 of 76 (size = 3.600).
16-May-2021 16:49:18 ::: Completed: Translation size 19 of 76 (size = 3.600).
16-May-2021 16:49:18 ::: Beginning: Translation size 20 of 76 (size = 3.800).
16-May-2021 16:49:26 ::: Completed: Translation size 20 of 76 (size = 3.800).
16-May-2021 16:49:26 ::: Beginning: Translation size 21 of 76 (size = 4.000).
16-May-2021 16:49:34 ::: Completed: Translation size 21 of 76 (size = 4.000).
16-May-2021 16:49:34 ::: Beginning: Translation size 22 of 76 (size = 4.200).
16-May-2021 16:49:43 ::: Completed: Translation size 22 of 76 (size = 4.200).
16-May-2021 16:49:43 ::: Beginning: Translation size 23 of 76 (size = 4.400).
16-May-2021 16:49:51 ::: Completed: Translation size 23 of 76 (size = 4.400).
16-May-2021 16:49:51 ::: Beginning: Translation size 24 of 76 (size = 4.600).
16-May-2021 16:50:00 ::: Completed: Translation size 24 of 76 (size = 4.600).
16-May-2021 16:50:00 ::: Beginning: Translation size 25 of 76 (size = 4.800).
16-May-2021 16:50:08 ::: Completed: Translation size 25 of 76 (size = 4.800).
16-May-2021 16:50:08 ::: Beginning: Translation size 26 of 76 (size = 5.000).
16-May-2021 16:50:17 ::: Completed: Translation size 26 of 76 (size = 5.000).
16-May-2021 16:50:17 ::: Beginning: Translation size 27 of 76 (size = 5.200).
16-May-2021 16:50:25 ::: Completed: Translation size 27 of 76 (size = 5.200).
16-May-2021 16:50:25 ::: Beginning: Translation size 28 of 76 (size = 5.400).
16-May-2021 16:50:34 ::: Completed: Translation size 28 of 76 (size = 5.400).
16-May-2021 16:50:34 ::: Beginning: Translation size 29 of 76 (size = 5.600).
16-May-2021 16:50:42 ::: Completed: Translation size 29 of 76 (size = 5.600).
16-May-2021 16:50:42 ::: Beginning: Translation size 30 of 76 (size = 5.800).
16-May-2021 16:50:51 ::: Completed: Translation size 30 of 76 (size = 5.800).
16-May-2021 16:50:51 ::: Beginning: Translation size 31 of 76 (size = 6.000).
16-May-2021 16:50:59 ::: Completed: Translation size 31 of 76 (size = 6.000).
16-May-2021 16:50:59 ::: Beginning: Translation size 32 of 76 (size = 6.200).
16-May-2021 16:51:07 ::: Completed: Translation size 32 of 76 (size = 6.200).
16-May-2021 16:51:07 ::: Beginning: Translation size 33 of 76 (size = 6.400).
16-May-2021 16:51:16 ::: Completed: Translation size 33 of 76 (size = 6.400).
16-May-2021 16:51:16 ::: Beginning: Translation size 34 of 76 (size = 6.600).
16-May-2021 16:51:24 ::: Completed: Translation size 34 of 76 (size = 6.600).
16-May-2021 16:51:24 ::: Beginning: Translation size 35 of 76 (size = 6.800).
16-May-2021 16:51:33 ::: Completed: Translation size 35 of 76 (size = 6.800).
16-May-2021 16:51:33 ::: Beginning: Translation size 36 of 76 (size = 7.000).
16-May-2021 16:51:41 ::: Completed: Translation size 36 of 76 (size = 7.000).
16-May-2021 16:51:41 ::: Beginning: Translation size 37 of 76 (size = 7.200).
16-May-2021 16:51:50 ::: Completed: Translation size 37 of 76 (size = 7.200).
16-May-2021 16:51:50 ::: Beginning: Translation size 38 of 76 (size = 7.400).
16-May-2021 16:51:58 ::: Completed: Translation size 38 of 76 (size = 7.400).
16-May-2021 16:51:58 ::: Beginning: Translation size 39 of 76 (size = 7.600).
16-May-2021 16:52:07 ::: Completed: Translation size 39 of 76 (size = 7.600).
16-May-2021 16:52:07 ::: Beginning: Translation size 40 of 76 (size = 7.800).
16-May-2021 16:52:15 ::: Completed: Translation size 40 of 76 (size = 7.800).
16-May-2021 16:52:15 ::: Beginning: Translation size 41 of 76 (size = 8.000).
16-May-2021 16:52:24 ::: Completed: Translation size 41 of 76 (size = 8.000).
16-May-2021 16:52:24 ::: Beginning: Translation size 42 of 76 (size = 8.200).
16-May-2021 16:52:32 ::: Completed: Translation size 42 of 76 (size = 8.200).
16-May-2021 16:52:32 ::: Beginning: Translation size 43 of 76 (size = 8.400).
16-May-2021 16:52:41 ::: Completed: Translation size 43 of 76 (size = 8.400).
16-May-2021 16:52:41 ::: Beginning: Translation size 44 of 76 (size = 8.600).
16-May-2021 16:52:49 ::: Completed: Translation size 44 of 76 (size = 8.600).
16-May-2021 16:52:49 ::: Beginning: Translation size 45 of 76 (size = 8.800).
16-May-2021 16:52:58 ::: Completed: Translation size 45 of 76 (size = 8.800).
16-May-2021 16:52:58 ::: Beginning: Translation size 46 of 76 (size = 9.000).
16-May-2021 16:53:06 ::: Completed: Translation size 46 of 76 (size = 9.000).
16-May-2021 16:53:06 ::: Beginning: Translation size 47 of 76 (size = 9.200).
16-May-2021 16:53:15 ::: Completed: Translation size 47 of 76 (size = 9.200).
16-May-2021 16:53:15 ::: Beginning: Translation size 48 of 76 (size = 9.400).
16-May-2021 16:53:23 ::: Completed: Translation size 48 of 76 (size = 9.400).
16-May-2021 16:53:23 ::: Beginning: Translation size 49 of 76 (size = 9.600).
16-May-2021 16:53:32 ::: Completed: Translation size 49 of 76 (size = 9.600).
16-May-2021 16:53:32 ::: Beginning: Translation size 50 of 76 (size = 9.800).
16-May-2021 16:53:40 ::: Completed: Translation size 50 of 76 (size = 9.800).
16-May-2021 16:53:40 ::: Beginning: Translation size 51 of 76 (size = 10.000).
16-May-2021 16:53:48 ::: Completed: Translation size 51 of 76 (size = 10.000).
16-May-2021 16:53:48 ::: Beginning: Translation size 52 of 76 (size = 10.200).
16-May-2021 16:53:57 ::: Completed: Translation size 52 of 76 (size = 10.200).
16-May-2021 16:53:57 ::: Beginning: Translation size 53 of 76 (size = 10.400).
16-May-2021 16:54:05 ::: Completed: Translation size 53 of 76 (size = 10.400).
16-May-2021 16:54:05 ::: Beginning: Translation size 54 of 76 (size = 10.600).
16-May-2021 16:54:14 ::: Completed: Translation size 54 of 76 (size = 10.600).
16-May-2021 16:54:14 ::: Beginning: Translation size 55 of 76 (size = 10.800).
16-May-2021 16:54:22 ::: Completed: Translation size 55 of 76 (size = 10.800).
16-May-2021 16:54:22 ::: Beginning: Translation size 56 of 76 (size = 11.000).
16-May-2021 16:54:30 ::: Completed: Translation size 56 of 76 (size = 11.000).
16-May-2021 16:54:30 ::: Beginning: Translation size 57 of 76 (size = 11.200).
16-May-2021 16:54:39 ::: Completed: Translation size 57 of 76 (size = 11.200).
16-May-2021 16:54:39 ::: Beginning: Translation size 58 of 76 (size = 11.400).
16-May-2021 16:54:47 ::: Completed: Translation size 58 of 76 (size = 11.400).
16-May-2021 16:54:47 ::: Beginning: Translation size 59 of 76 (size = 11.600).
16-May-2021 16:54:56 ::: Completed: Translation size 59 of 76 (size = 11.600).
16-May-2021 16:54:56 ::: Beginning: Translation size 60 of 76 (size = 11.800).
16-May-2021 16:55:04 ::: Completed: Translation size 60 of 76 (size = 11.800).
16-May-2021 16:55:04 ::: Beginning: Translation size 61 of 76 (size = 12.000).
16-May-2021 16:55:13 ::: Completed: Translation size 61 of 76 (size = 12.000).
16-May-2021 16:55:13 ::: Beginning: Translation size 62 of 76 (size = 12.200).
16-May-2021 16:55:21 ::: Completed: Translation size 62 of 76 (size = 12.200).
16-May-2021 16:55:21 ::: Beginning: Translation size 63 of 76 (size = 12.400).
16-May-2021 16:55:30 ::: Completed: Translation size 63 of 76 (size = 12.400).
16-May-2021 16:55:30 ::: Beginning: Translation size 64 of 76 (size = 12.600).
16-May-2021 16:55:38 ::: Completed: Translation size 64 of 76 (size = 12.600).
16-May-2021 16:55:38 ::: Beginning: Translation size 65 of 76 (size = 12.800).
16-May-2021 16:55:46 ::: Completed: Translation size 65 of 76 (size = 12.800).
16-May-2021 16:55:46 ::: Beginning: Translation size 66 of 76 (size = 13.000).
16-May-2021 16:55:55 ::: Completed: Translation size 66 of 76 (size = 13.000).
16-May-2021 16:55:55 ::: Beginning: Translation size 67 of 76 (size = 13.200).
16-May-2021 16:56:03 ::: Completed: Translation size 67 of 76 (size = 13.200).
16-May-2021 16:56:03 ::: Beginning: Translation size 68 of 76 (size = 13.400).
16-May-2021 16:56:12 ::: Completed: Translation size 68 of 76 (size = 13.400).
16-May-2021 16:56:12 ::: Beginning: Translation size 69 of 76 (size = 13.600).
16-May-2021 16:56:20 ::: Completed: Translation size 69 of 76 (size = 13.600).
16-May-2021 16:56:20 ::: Beginning: Translation size 70 of 76 (size = 13.800).
16-May-2021 16:56:29 ::: Completed: Translation size 70 of 76 (size = 13.800).
16-May-2021 16:56:29 ::: Beginning: Translation size 71 of 76 (size = 14.000).
16-May-2021 16:56:37 ::: Completed: Translation size 71 of 76 (size = 14.000).
16-May-2021 16:56:37 ::: Beginning: Translation size 72 of 76 (size = 14.200).
16-May-2021 16:56:46 ::: Completed: Translation size 72 of 76 (size = 14.200).
16-May-2021 16:56:46 ::: Beginning: Translation size 73 of 76 (size = 14.400).
16-May-2021 16:56:54 ::: Completed: Translation size 73 of 76 (size = 14.400).
16-May-2021 16:56:54 ::: Beginning: Translation size 74 of 76 (size = 14.600).
16-May-2021 16:57:02 ::: Completed: Translation size 74 of 76 (size = 14.600).
16-May-2021 16:57:02 ::: Beginning: Translation size 75 of 76 (size = 14.800).
16-May-2021 16:57:11 ::: Completed: Translation size 75 of 76 (size = 14.800).
16-May-2021 16:57:11 ::: Beginning: Translation size 76 of 76 (size = 15.000).
16-May-2021 16:57:19 ::: Completed: Translation size 76 of 76 (size = 15.000).
16-May-2021 16:57:19 ::: Completed: Translation only test.
16-May-2021 16:57:19 ::: Beginning: Rotation and translation test.
16-May-2021 16:57:19 ::: Beginning: Translation size 1 of 76 (size = 0.000).
16-May-2021 16:57:35 ::: Completed: Translation size 1 of 76 (size = 0.000).
16-May-2021 16:57:35 ::: Beginning: Translation size 2 of 76 (size = 0.200).
16-May-2021 16:57:52 ::: Completed: Translation size 2 of 76 (size = 0.200).
16-May-2021 16:57:52 ::: Beginning: Translation size 3 of 76 (size = 0.400).
16-May-2021 16:58:10 ::: Completed: Translation size 3 of 76 (size = 0.400).
16-May-2021 16:58:10 ::: Beginning: Translation size 4 of 76 (size = 0.600).
16-May-2021 16:58:27 ::: Completed: Translation size 4 of 76 (size = 0.600).
16-May-2021 16:58:27 ::: Beginning: Translation size 5 of 76 (size = 0.800).
16-May-2021 16:58:44 ::: Completed: Translation size 5 of 76 (size = 0.800).
16-May-2021 16:58:44 ::: Beginning: Translation size 6 of 76 (size = 1.000).
16-May-2021 16:59:02 ::: Completed: Translation size 6 of 76 (size = 1.000).
16-May-2021 16:59:02 ::: Beginning: Translation size 7 of 76 (size = 1.200).
16-May-2021 16:59:19 ::: Completed: Translation size 7 of 76 (size = 1.200).
16-May-2021 16:59:19 ::: Beginning: Translation size 8 of 76 (size = 1.400).
16-May-2021 16:59:36 ::: Completed: Translation size 8 of 76 (size = 1.400).
16-May-2021 16:59:36 ::: Beginning: Translation size 9 of 76 (size = 1.600).
16-May-2021 16:59:54 ::: Completed: Translation size 9 of 76 (size = 1.600).
16-May-2021 16:59:54 ::: Beginning: Translation size 10 of 76 (size = 1.800).
16-May-2021 17:00:12 ::: Completed: Translation size 10 of 76 (size = 1.800).
16-May-2021 17:00:12 ::: Beginning: Translation size 11 of 76 (size = 2.000).
16-May-2021 17:00:29 ::: Completed: Translation size 11 of 76 (size = 2.000).
16-May-2021 17:00:29 ::: Beginning: Translation size 12 of 76 (size = 2.200).
16-May-2021 17:00:46 ::: Completed: Translation size 12 of 76 (size = 2.200).
16-May-2021 17:00:46 ::: Beginning: Translation size 13 of 76 (size = 2.400).
16-May-2021 17:01:03 ::: Completed: Translation size 13 of 76 (size = 2.400).
16-May-2021 17:01:03 ::: Beginning: Translation size 14 of 76 (size = 2.600).
16-May-2021 17:01:21 ::: Completed: Translation size 14 of 76 (size = 2.600).
16-May-2021 17:01:21 ::: Beginning: Translation size 15 of 76 (size = 2.800).
16-May-2021 17:01:39 ::: Completed: Translation size 15 of 76 (size = 2.800).
16-May-2021 17:01:39 ::: Beginning: Translation size 16 of 76 (size = 3.000).
16-May-2021 17:01:56 ::: Completed: Translation size 16 of 76 (size = 3.000).
16-May-2021 17:01:56 ::: Beginning: Translation size 17 of 76 (size = 3.200).
16-May-2021 17:02:13 ::: Completed: Translation size 17 of 76 (size = 3.200).
16-May-2021 17:02:13 ::: Beginning: Translation size 18 of 76 (size = 3.400).
16-May-2021 17:02:31 ::: Completed: Translation size 18 of 76 (size = 3.400).
16-May-2021 17:02:31 ::: Beginning: Translation size 19 of 76 (size = 3.600).
16-May-2021 17:02:48 ::: Completed: Translation size 19 of 76 (size = 3.600).
16-May-2021 17:02:48 ::: Beginning: Translation size 20 of 76 (size = 3.800).
16-May-2021 17:03:06 ::: Completed: Translation size 20 of 76 (size = 3.800).
16-May-2021 17:03:06 ::: Beginning: Translation size 21 of 76 (size = 4.000).
16-May-2021 17:03:23 ::: Completed: Translation size 21 of 76 (size = 4.000).
16-May-2021 17:03:23 ::: Beginning: Translation size 22 of 76 (size = 4.200).
16-May-2021 17:03:41 ::: Completed: Translation size 22 of 76 (size = 4.200).
16-May-2021 17:03:41 ::: Beginning: Translation size 23 of 76 (size = 4.400).
16-May-2021 17:03:58 ::: Completed: Translation size 23 of 76 (size = 4.400).
16-May-2021 17:03:58 ::: Beginning: Translation size 24 of 76 (size = 4.600).
16-May-2021 17:04:15 ::: Completed: Translation size 24 of 76 (size = 4.600).
16-May-2021 17:04:15 ::: Beginning: Translation size 25 of 76 (size = 4.800).
16-May-2021 17:04:33 ::: Completed: Translation size 25 of 76 (size = 4.800).
16-May-2021 17:04:33 ::: Beginning: Translation size 26 of 76 (size = 5.000).
16-May-2021 17:04:50 ::: Completed: Translation size 26 of 76 (size = 5.000).
16-May-2021 17:04:50 ::: Beginning: Translation size 27 of 76 (size = 5.200).
16-May-2021 17:05:07 ::: Completed: Translation size 27 of 76 (size = 5.200).
16-May-2021 17:05:07 ::: Beginning: Translation size 28 of 76 (size = 5.400).
16-May-2021 17:05:25 ::: Completed: Translation size 28 of 76 (size = 5.400).
16-May-2021 17:05:25 ::: Beginning: Translation size 29 of 76 (size = 5.600).
16-May-2021 17:05:42 ::: Completed: Translation size 29 of 76 (size = 5.600).
16-May-2021 17:05:42 ::: Beginning: Translation size 30 of 76 (size = 5.800).
16-May-2021 17:06:00 ::: Completed: Translation size 30 of 76 (size = 5.800).
16-May-2021 17:06:00 ::: Beginning: Translation size 31 of 76 (size = 6.000).
16-May-2021 17:06:17 ::: Completed: Translation size 31 of 76 (size = 6.000).
16-May-2021 17:06:17 ::: Beginning: Translation size 32 of 76 (size = 6.200).
16-May-2021 17:06:35 ::: Completed: Translation size 32 of 76 (size = 6.200).
16-May-2021 17:06:35 ::: Beginning: Translation size 33 of 76 (size = 6.400).
16-May-2021 17:06:52 ::: Completed: Translation size 33 of 76 (size = 6.400).
16-May-2021 17:06:52 ::: Beginning: Translation size 34 of 76 (size = 6.600).
16-May-2021 17:07:10 ::: Completed: Translation size 34 of 76 (size = 6.600).
16-May-2021 17:07:10 ::: Beginning: Translation size 35 of 76 (size = 6.800).
16-May-2021 17:07:27 ::: Completed: Translation size 35 of 76 (size = 6.800).
16-May-2021 17:07:27 ::: Beginning: Translation size 36 of 76 (size = 7.000).
16-May-2021 17:07:44 ::: Completed: Translation size 36 of 76 (size = 7.000).
16-May-2021 17:07:44 ::: Beginning: Translation size 37 of 76 (size = 7.200).
16-May-2021 17:08:02 ::: Completed: Translation size 37 of 76 (size = 7.200).
16-May-2021 17:08:02 ::: Beginning: Translation size 38 of 76 (size = 7.400).
16-May-2021 17:08:20 ::: Completed: Translation size 38 of 76 (size = 7.400).
16-May-2021 17:08:20 ::: Beginning: Translation size 39 of 76 (size = 7.600).
16-May-2021 17:08:37 ::: Completed: Translation size 39 of 76 (size = 7.600).
16-May-2021 17:08:37 ::: Beginning: Translation size 40 of 76 (size = 7.800).
16-May-2021 17:08:54 ::: Completed: Translation size 40 of 76 (size = 7.800).
16-May-2021 17:08:54 ::: Beginning: Translation size 41 of 76 (size = 8.000).
16-May-2021 17:09:12 ::: Completed: Translation size 41 of 76 (size = 8.000).
16-May-2021 17:09:12 ::: Beginning: Translation size 42 of 76 (size = 8.200).
16-May-2021 17:09:29 ::: Completed: Translation size 42 of 76 (size = 8.200).
16-May-2021 17:09:29 ::: Beginning: Translation size 43 of 76 (size = 8.400).
16-May-2021 17:09:47 ::: Completed: Translation size 43 of 76 (size = 8.400).
16-May-2021 17:09:47 ::: Beginning: Translation size 44 of 76 (size = 8.600).
16-May-2021 17:10:04 ::: Completed: Translation size 44 of 76 (size = 8.600).
16-May-2021 17:10:04 ::: Beginning: Translation size 45 of 76 (size = 8.800).
16-May-2021 17:10:22 ::: Completed: Translation size 45 of 76 (size = 8.800).
16-May-2021 17:10:22 ::: Beginning: Translation size 46 of 76 (size = 9.000).
16-May-2021 17:10:39 ::: Completed: Translation size 46 of 76 (size = 9.000).
16-May-2021 17:10:39 ::: Beginning: Translation size 47 of 76 (size = 9.200).
16-May-2021 17:10:57 ::: Completed: Translation size 47 of 76 (size = 9.200).
16-May-2021 17:10:57 ::: Beginning: Translation size 48 of 76 (size = 9.400).
16-May-2021 17:11:14 ::: Completed: Translation size 48 of 76 (size = 9.400).
16-May-2021 17:11:14 ::: Beginning: Translation size 49 of 76 (size = 9.600).
16-May-2021 17:11:31 ::: Completed: Translation size 49 of 76 (size = 9.600).
16-May-2021 17:11:31 ::: Beginning: Translation size 50 of 76 (size = 9.800).
16-May-2021 17:11:49 ::: Completed: Translation size 50 of 76 (size = 9.800).
16-May-2021 17:11:49 ::: Beginning: Translation size 51 of 76 (size = 10.000).
16-May-2021 17:12:07 ::: Completed: Translation size 51 of 76 (size = 10.000).
16-May-2021 17:12:07 ::: Beginning: Translation size 52 of 76 (size = 10.200).
16-May-2021 17:12:24 ::: Completed: Translation size 52 of 76 (size = 10.200).
16-May-2021 17:12:24 ::: Beginning: Translation size 53 of 76 (size = 10.400).
16-May-2021 17:12:41 ::: Completed: Translation size 53 of 76 (size = 10.400).
16-May-2021 17:12:41 ::: Beginning: Translation size 54 of 76 (size = 10.600).
16-May-2021 17:12:58 ::: Completed: Translation size 54 of 76 (size = 10.600).
16-May-2021 17:12:58 ::: Beginning: Translation size 55 of 76 (size = 10.800).
16-May-2021 17:13:15 ::: Completed: Translation size 55 of 76 (size = 10.800).
16-May-2021 17:13:15 ::: Beginning: Translation size 56 of 76 (size = 11.000).
16-May-2021 17:13:33 ::: Completed: Translation size 56 of 76 (size = 11.000).
16-May-2021 17:13:33 ::: Beginning: Translation size 57 of 76 (size = 11.200).
16-May-2021 17:13:51 ::: Completed: Translation size 57 of 76 (size = 11.200).
16-May-2021 17:13:51 ::: Beginning: Translation size 58 of 76 (size = 11.400).
16-May-2021 17:14:08 ::: Completed: Translation size 58 of 76 (size = 11.400).
16-May-2021 17:14:08 ::: Beginning: Translation size 59 of 76 (size = 11.600).
16-May-2021 17:14:25 ::: Completed: Translation size 59 of 76 (size = 11.600).
16-May-2021 17:14:25 ::: Beginning: Translation size 60 of 76 (size = 11.800).
16-May-2021 17:14:43 ::: Completed: Translation size 60 of 76 (size = 11.800).
16-May-2021 17:14:43 ::: Beginning: Translation size 61 of 76 (size = 12.000).
16-May-2021 17:15:00 ::: Completed: Translation size 61 of 76 (size = 12.000).
16-May-2021 17:15:00 ::: Beginning: Translation size 62 of 76 (size = 12.200).
16-May-2021 17:15:18 ::: Completed: Translation size 62 of 76 (size = 12.200).
16-May-2021 17:15:18 ::: Beginning: Translation size 63 of 76 (size = 12.400).
16-May-2021 17:15:35 ::: Completed: Translation size 63 of 76 (size = 12.400).
16-May-2021 17:15:35 ::: Beginning: Translation size 64 of 76 (size = 12.600).
16-May-2021 17:15:53 ::: Completed: Translation size 64 of 76 (size = 12.600).
16-May-2021 17:15:53 ::: Beginning: Translation size 65 of 76 (size = 12.800).
16-May-2021 17:16:10 ::: Completed: Translation size 65 of 76 (size = 12.800).
16-May-2021 17:16:10 ::: Beginning: Translation size 66 of 76 (size = 13.000).
16-May-2021 17:16:27 ::: Completed: Translation size 66 of 76 (size = 13.000).
16-May-2021 17:16:27 ::: Beginning: Translation size 67 of 76 (size = 13.200).
16-May-2021 17:16:45 ::: Completed: Translation size 67 of 76 (size = 13.200).
16-May-2021 17:16:45 ::: Beginning: Translation size 68 of 76 (size = 13.400).
16-May-2021 17:17:02 ::: Completed: Translation size 68 of 76 (size = 13.400).
16-May-2021 17:17:02 ::: Beginning: Translation size 69 of 76 (size = 13.600).
16-May-2021 17:17:19 ::: Completed: Translation size 69 of 76 (size = 13.600).
16-May-2021 17:17:19 ::: Beginning: Translation size 70 of 76 (size = 13.800).
16-May-2021 17:17:36 ::: Completed: Translation size 70 of 76 (size = 13.800).
16-May-2021 17:17:36 ::: Beginning: Translation size 71 of 76 (size = 14.000).
16-May-2021 17:17:54 ::: Completed: Translation size 71 of 76 (size = 14.000).
16-May-2021 17:17:54 ::: Beginning: Translation size 72 of 76 (size = 14.200).
16-May-2021 17:18:11 ::: Completed: Translation size 72 of 76 (size = 14.200).
16-May-2021 17:18:11 ::: Beginning: Translation size 73 of 76 (size = 14.400).
16-May-2021 17:18:28 ::: Completed: Translation size 73 of 76 (size = 14.400).
16-May-2021 17:18:28 ::: Beginning: Translation size 74 of 76 (size = 14.600).
16-May-2021 17:18:46 ::: Completed: Translation size 74 of 76 (size = 14.600).
16-May-2021 17:18:46 ::: Beginning: Translation size 75 of 76 (size = 14.800).
16-May-2021 17:19:03 ::: Completed: Translation size 75 of 76 (size = 14.800).
16-May-2021 17:19:03 ::: Beginning: Translation size 76 of 76 (size = 15.000).
16-May-2021 17:19:21 ::: Completed: Translation size 76 of 76 (size = 15.000).
16-May-2021 17:19:21 ::: Completed: Rotation and translation test.
[Warning: MATLAB has disabled some advanced graphics rendering features by switching to software OpenGL.
For more information, click <a href="matlab:opengl('problems')">here</a>.] 
Current plot held
Current plot held
