22-Jan-2022 07:05:28 ::: Beginning: Image generation.
22-Jan-2022 07:08:23 ::: Completed: Image generation.
22-Jan-2022 07:08:23 ::: Beginning: Rotations only test.
22-Jan-2022 08:34:52 ::: Completed: Rotations only test.
22-Jan-2022 08:34:52 ::: Beginning: Translation only test.
22-Jan-2022 08:34:52 ::: Beginning: Translation size 1 of 31 (size = 0.000).
22-Jan-2022 08:37:23 ::: Completed: Translation size 1 of 31 (size = 0.000).
22-Jan-2022 08:37:23 ::: Beginning: Translation size 2 of 31 (size = 0.500).
22-Jan-2022 08:39:54 ::: Completed: Translation size 2 of 31 (size = 0.500).
22-Jan-2022 08:39:54 ::: Beginning: Translation size 3 of 31 (size = 1.000).
22-Jan-2022 08:42:23 ::: Completed: Translation size 3 of 31 (size = 1.000).
22-Jan-2022 08:42:23 ::: Beginning: Translation size 4 of 31 (size = 1.500).
22-Jan-2022 08:44:55 ::: Completed: Translation size 4 of 31 (size = 1.500).
22-Jan-2022 08:44:55 ::: Beginning: Translation size 5 of 31 (size = 2.000).
22-Jan-2022 08:47:19 ::: Completed: Translation size 5 of 31 (size = 2.000).
22-Jan-2022 08:47:19 ::: Beginning: Translation size 6 of 31 (size = 2.500).
22-Jan-2022 08:49:44 ::: Completed: Translation size 6 of 31 (size = 2.500).
22-Jan-2022 08:49:44 ::: Beginning: Translation size 7 of 31 (size = 3.000).
22-Jan-2022 08:52:08 ::: Completed: Translation size 7 of 31 (size = 3.000).
22-Jan-2022 08:52:08 ::: Beginning: Translation size 8 of 31 (size = 3.500).
22-Jan-2022 08:54:31 ::: Completed: Translation size 8 of 31 (size = 3.500).
22-Jan-2022 08:54:31 ::: Beginning: Translation size 9 of 31 (size = 4.000).
22-Jan-2022 08:56:55 ::: Completed: Translation size 9 of 31 (size = 4.000).
22-Jan-2022 08:56:55 ::: Beginning: Translation size 10 of 31 (size = 4.500).
22-Jan-2022 08:59:20 ::: Completed: Translation size 10 of 31 (size = 4.500).
22-Jan-2022 08:59:20 ::: Beginning: Translation size 11 of 31 (size = 5.000).
22-Jan-2022 09:01:29 ::: Completed: Translation size 11 of 31 (size = 5.000).
22-Jan-2022 09:01:29 ::: Beginning: Translation size 12 of 31 (size = 5.500).
22-Jan-2022 09:03:28 ::: Completed: Translation size 12 of 31 (size = 5.500).
22-Jan-2022 09:03:28 ::: Beginning: Translation size 13 of 31 (size = 6.000).
22-Jan-2022 09:05:32 ::: Completed: Translation size 13 of 31 (size = 6.000).
22-Jan-2022 09:05:32 ::: Beginning: Translation size 14 of 31 (size = 6.500).
22-Jan-2022 09:07:38 ::: Completed: Translation size 14 of 31 (size = 6.500).
22-Jan-2022 09:07:38 ::: Beginning: Translation size 15 of 31 (size = 7.000).
22-Jan-2022 09:10:02 ::: Completed: Translation size 15 of 31 (size = 7.000).
22-Jan-2022 09:10:02 ::: Beginning: Translation size 16 of 31 (size = 7.500).
22-Jan-2022 09:12:40 ::: Completed: Translation size 16 of 31 (size = 7.500).
22-Jan-2022 09:12:40 ::: Beginning: Translation size 17 of 31 (size = 8.000).
22-Jan-2022 09:15:23 ::: Completed: Translation size 17 of 31 (size = 8.000).
22-Jan-2022 09:15:23 ::: Beginning: Translation size 18 of 31 (size = 8.500).
22-Jan-2022 09:18:09 ::: Completed: Translation size 18 of 31 (size = 8.500).
22-Jan-2022 09:18:09 ::: Beginning: Translation size 19 of 31 (size = 9.000).
22-Jan-2022 09:20:48 ::: Completed: Translation size 19 of 31 (size = 9.000).
22-Jan-2022 09:20:48 ::: Beginning: Translation size 20 of 31 (size = 9.500).
22-Jan-2022 09:23:23 ::: Completed: Translation size 20 of 31 (size = 9.500).
22-Jan-2022 09:23:23 ::: Beginning: Translation size 21 of 31 (size = 10.000).
22-Jan-2022 09:26:03 ::: Completed: Translation size 21 of 31 (size = 10.000).
22-Jan-2022 09:26:03 ::: Beginning: Translation size 22 of 31 (size = 10.500).
22-Jan-2022 09:28:38 ::: Completed: Translation size 22 of 31 (size = 10.500).
22-Jan-2022 09:28:38 ::: Beginning: Translation size 23 of 31 (size = 11.000).
22-Jan-2022 09:31:13 ::: Completed: Translation size 23 of 31 (size = 11.000).
22-Jan-2022 09:31:13 ::: Beginning: Translation size 24 of 31 (size = 11.500).
22-Jan-2022 09:33:48 ::: Completed: Translation size 24 of 31 (size = 11.500).
22-Jan-2022 09:33:48 ::: Beginning: Translation size 25 of 31 (size = 12.000).
22-Jan-2022 09:36:25 ::: Completed: Translation size 25 of 31 (size = 12.000).
22-Jan-2022 09:36:25 ::: Beginning: Translation size 26 of 31 (size = 12.500).
22-Jan-2022 09:38:54 ::: Completed: Translation size 26 of 31 (size = 12.500).
22-Jan-2022 09:38:54 ::: Beginning: Translation size 27 of 31 (size = 13.000).
22-Jan-2022 09:41:23 ::: Completed: Translation size 27 of 31 (size = 13.000).
22-Jan-2022 09:41:23 ::: Beginning: Translation size 28 of 31 (size = 13.500).
22-Jan-2022 09:43:51 ::: Completed: Translation size 28 of 31 (size = 13.500).
22-Jan-2022 09:43:51 ::: Beginning: Translation size 29 of 31 (size = 14.000).
22-Jan-2022 09:46:21 ::: Completed: Translation size 29 of 31 (size = 14.000).
22-Jan-2022 09:46:21 ::: Beginning: Translation size 30 of 31 (size = 14.500).
22-Jan-2022 09:48:46 ::: Completed: Translation size 30 of 31 (size = 14.500).
22-Jan-2022 09:48:46 ::: Beginning: Translation size 31 of 31 (size = 15.000).
22-Jan-2022 09:51:10 ::: Completed: Translation size 31 of 31 (size = 15.000).
22-Jan-2022 09:51:10 ::: Completed: Translation only test.
22-Jan-2022 09:51:10 ::: Beginning: Rotation and translation test.
22-Jan-2022 09:51:10 ::: Beginning: Translation size 1 of 31 (size = 0.000).
22-Jan-2022 09:54:44 ::: Completed: Translation size 1 of 31 (size = 0.000).
22-Jan-2022 09:54:44 ::: Beginning: Translation size 2 of 31 (size = 0.500).
22-Jan-2022 09:58:13 ::: Completed: Translation size 2 of 31 (size = 0.500).
22-Jan-2022 09:58:13 ::: Beginning: Translation size 3 of 31 (size = 1.000).
22-Jan-2022 10:01:18 ::: Completed: Translation size 3 of 31 (size = 1.000).
22-Jan-2022 10:01:18 ::: Beginning: Translation size 4 of 31 (size = 1.500).
22-Jan-2022 10:04:21 ::: Completed: Translation size 4 of 31 (size = 1.500).
22-Jan-2022 10:04:21 ::: Beginning: Translation size 5 of 31 (size = 2.000).
22-Jan-2022 10:08:05 ::: Completed: Translation size 5 of 31 (size = 2.000).
22-Jan-2022 10:08:05 ::: Beginning: Translation size 6 of 31 (size = 2.500).
22-Jan-2022 10:11:59 ::: Completed: Translation size 6 of 31 (size = 2.500).
22-Jan-2022 10:11:59 ::: Beginning: Translation size 7 of 31 (size = 3.000).
22-Jan-2022 10:16:13 ::: Completed: Translation size 7 of 31 (size = 3.000).
22-Jan-2022 10:16:13 ::: Beginning: Translation size 8 of 31 (size = 3.500).
22-Jan-2022 10:20:29 ::: Completed: Translation size 8 of 31 (size = 3.500).
22-Jan-2022 10:20:29 ::: Beginning: Translation size 9 of 31 (size = 4.000).
22-Jan-2022 10:24:30 ::: Completed: Translation size 9 of 31 (size = 4.000).
22-Jan-2022 10:24:30 ::: Beginning: Translation size 10 of 31 (size = 4.500).
22-Jan-2022 10:28:26 ::: Completed: Translation size 10 of 31 (size = 4.500).
22-Jan-2022 10:28:26 ::: Beginning: Translation size 11 of 31 (size = 5.000).
22-Jan-2022 10:32:27 ::: Completed: Translation size 11 of 31 (size = 5.000).
22-Jan-2022 10:32:27 ::: Beginning: Translation size 12 of 31 (size = 5.500).
22-Jan-2022 10:36:07 ::: Completed: Translation size 12 of 31 (size = 5.500).
22-Jan-2022 10:36:07 ::: Beginning: Translation size 13 of 31 (size = 6.000).
22-Jan-2022 10:39:42 ::: Completed: Translation size 13 of 31 (size = 6.000).
22-Jan-2022 10:39:42 ::: Beginning: Translation size 14 of 31 (size = 6.500).
22-Jan-2022 10:43:17 ::: Completed: Translation size 14 of 31 (size = 6.500).
22-Jan-2022 10:43:17 ::: Beginning: Translation size 15 of 31 (size = 7.000).
22-Jan-2022 10:46:57 ::: Completed: Translation size 15 of 31 (size = 7.000).
22-Jan-2022 10:46:57 ::: Beginning: Translation size 16 of 31 (size = 7.500).
22-Jan-2022 10:50:25 ::: Completed: Translation size 16 of 31 (size = 7.500).
22-Jan-2022 10:50:25 ::: Beginning: Translation size 17 of 31 (size = 8.000).
22-Jan-2022 10:53:24 ::: Completed: Translation size 17 of 31 (size = 8.000).
22-Jan-2022 10:53:24 ::: Beginning: Translation size 18 of 31 (size = 8.500).
22-Jan-2022 10:56:26 ::: Completed: Translation size 18 of 31 (size = 8.500).
22-Jan-2022 10:56:26 ::: Beginning: Translation size 19 of 31 (size = 9.000).
22-Jan-2022 10:59:30 ::: Completed: Translation size 19 of 31 (size = 9.000).
22-Jan-2022 10:59:30 ::: Beginning: Translation size 20 of 31 (size = 9.500).
22-Jan-2022 11:02:35 ::: Completed: Translation size 20 of 31 (size = 9.500).
22-Jan-2022 11:02:35 ::: Beginning: Translation size 21 of 31 (size = 10.000).
22-Jan-2022 11:06:10 ::: Completed: Translation size 21 of 31 (size = 10.000).
22-Jan-2022 11:06:10 ::: Beginning: Translation size 22 of 31 (size = 10.500).
22-Jan-2022 11:10:11 ::: Completed: Translation size 22 of 31 (size = 10.500).
22-Jan-2022 11:10:11 ::: Beginning: Translation size 23 of 31 (size = 11.000).
22-Jan-2022 11:14:13 ::: Completed: Translation size 23 of 31 (size = 11.000).
22-Jan-2022 11:14:13 ::: Beginning: Translation size 24 of 31 (size = 11.500).
22-Jan-2022 11:18:13 ::: Completed: Translation size 24 of 31 (size = 11.500).
22-Jan-2022 11:18:13 ::: Beginning: Translation size 25 of 31 (size = 12.000).
22-Jan-2022 11:22:12 ::: Completed: Translation size 25 of 31 (size = 12.000).
22-Jan-2022 11:22:12 ::: Beginning: Translation size 26 of 31 (size = 12.500).
22-Jan-2022 11:26:12 ::: Completed: Translation size 26 of 31 (size = 12.500).
22-Jan-2022 11:26:12 ::: Beginning: Translation size 27 of 31 (size = 13.000).
22-Jan-2022 11:30:15 ::: Completed: Translation size 27 of 31 (size = 13.000).
22-Jan-2022 11:30:15 ::: Beginning: Translation size 28 of 31 (size = 13.500).
22-Jan-2022 11:34:02 ::: Completed: Translation size 28 of 31 (size = 13.500).
22-Jan-2022 11:34:02 ::: Beginning: Translation size 29 of 31 (size = 14.000).
22-Jan-2022 11:37:41 ::: Completed: Translation size 29 of 31 (size = 14.000).
22-Jan-2022 11:37:41 ::: Beginning: Translation size 30 of 31 (size = 14.500).
22-Jan-2022 11:41:19 ::: Completed: Translation size 30 of 31 (size = 14.500).
22-Jan-2022 11:41:19 ::: Beginning: Translation size 31 of 31 (size = 15.000).
22-Jan-2022 11:44:59 ::: Completed: Translation size 31 of 31 (size = 15.000).
22-Jan-2022 11:44:59 ::: Completed: Rotation and translation test.
Current plot held
Current plot held
IdleTimeout has been reached.
Parallel pool using the 'local' profile is shutting down.
