19-Jan-2022 11:11:05 ::: Beginning: Load saved parameters and images
19-Jan-2022 11:11:05 ::: Completed: Load saved parameters and images
19-Jan-2022 11:11:05 ::: Beginning: Running test
19-Jan-2022 11:11:05 ::: Beginning: Bandlimit 1 of 35 (banlimit = 2)
19-Jan-2022 11:11:05 ::: Beginning: Sigma 1 of 10 (sigma = 0.500)
19-Jan-2022 11:11:06 ::: Completed: Sigma 1 of 10 (sigma = 0.500)
19-Jan-2022 11:11:06 ::: Beginning: Sigma 2 of 10 (sigma = 1.000)
19-Jan-2022 11:11:06 ::: Completed: Sigma 2 of 10 (sigma = 1.000)
19-Jan-2022 11:11:06 ::: Beginning: Sigma 3 of 10 (sigma = 1.500)
19-Jan-2022 11:11:06 ::: Completed: Sigma 3 of 10 (sigma = 1.500)
19-Jan-2022 11:11:06 ::: Beginning: Sigma 4 of 10 (sigma = 2.000)
19-Jan-2022 11:11:06 ::: Completed: Sigma 4 of 10 (sigma = 2.000)
19-Jan-2022 11:11:06 ::: Beginning: Sigma 5 of 10 (sigma = 2.500)
19-Jan-2022 11:11:06 ::: Completed: Sigma 5 of 10 (sigma = 2.500)
19-Jan-2022 11:11:06 ::: Beginning: Sigma 6 of 10 (sigma = 3.000)
19-Jan-2022 11:11:07 ::: Completed: Sigma 6 of 10 (sigma = 3.000)
19-Jan-2022 11:11:07 ::: Beginning: Sigma 7 of 10 (sigma = 3.500)
19-Jan-2022 11:11:07 ::: Completed: Sigma 7 of 10 (sigma = 3.500)
19-Jan-2022 11:11:07 ::: Beginning: Sigma 8 of 10 (sigma = 4.000)
19-Jan-2022 11:11:07 ::: Completed: Sigma 8 of 10 (sigma = 4.000)
19-Jan-2022 11:11:07 ::: Beginning: Sigma 9 of 10 (sigma = 4.500)
19-Jan-2022 11:11:07 ::: Completed: Sigma 9 of 10 (sigma = 4.500)
19-Jan-2022 11:11:07 ::: Beginning: Sigma 10 of 10 (sigma = 5.000)
19-Jan-2022 11:11:07 ::: Completed: Sigma 10 of 10 (sigma = 5.000)
19-Jan-2022 11:11:07 ::: Completed: Bandlimit 1 of 35 (banlimit = 2)
19-Jan-2022 11:11:07 ::: Beginning: Bandlimit 2 of 35 (banlimit = 4)
19-Jan-2022 11:11:07 ::: Beginning: Sigma 1 of 10 (sigma = 0.500)
19-Jan-2022 11:11:07 ::: Completed: Sigma 1 of 10 (sigma = 0.500)
19-Jan-2022 11:11:07 ::: Beginning: Sigma 2 of 10 (sigma = 1.000)
19-Jan-2022 11:11:07 ::: Completed: Sigma 2 of 10 (sigma = 1.000)
19-Jan-2022 11:11:07 ::: Beginning: Sigma 3 of 10 (sigma = 1.500)
19-Jan-2022 11:11:07 ::: Completed: Sigma 3 of 10 (sigma = 1.500)
19-Jan-2022 11:11:07 ::: Beginning: Sigma 4 of 10 (sigma = 2.000)
19-Jan-2022 11:11:08 ::: Completed: Sigma 4 of 10 (sigma = 2.000)
19-Jan-2022 11:11:08 ::: Beginning: Sigma 5 of 10 (sigma = 2.500)
19-Jan-2022 11:11:08 ::: Completed: Sigma 5 of 10 (sigma = 2.500)
19-Jan-2022 11:11:08 ::: Beginning: Sigma 6 of 10 (sigma = 3.000)
19-Jan-2022 11:11:08 ::: Completed: Sigma 6 of 10 (sigma = 3.000)
19-Jan-2022 11:11:08 ::: Beginning: Sigma 7 of 10 (sigma = 3.500)
19-Jan-2022 11:11:08 ::: Completed: Sigma 7 of 10 (sigma = 3.500)
19-Jan-2022 11:11:08 ::: Beginning: Sigma 8 of 10 (sigma = 4.000)
19-Jan-2022 11:11:08 ::: Completed: Sigma 8 of 10 (sigma = 4.000)
19-Jan-2022 11:11:08 ::: Beginning: Sigma 9 of 10 (sigma = 4.500)
19-Jan-2022 11:11:08 ::: Completed: Sigma 9 of 10 (sigma = 4.500)
19-Jan-2022 11:11:08 ::: Beginning: Sigma 10 of 10 (sigma = 5.000)
19-Jan-2022 11:11:08 ::: Completed: Sigma 10 of 10 (sigma = 5.000)
19-Jan-2022 11:11:08 ::: Completed: Bandlimit 2 of 35 (banlimit = 4)
19-Jan-2022 11:11:08 ::: Beginning: Bandlimit 3 of 35 (banlimit = 6)
19-Jan-2022 11:11:08 ::: Beginning: Sigma 1 of 10 (sigma = 0.500)
19-Jan-2022 11:11:08 ::: Completed: Sigma 1 of 10 (sigma = 0.500)
19-Jan-2022 11:11:08 ::: Beginning: Sigma 2 of 10 (sigma = 1.000)
19-Jan-2022 11:11:09 ::: Completed: Sigma 2 of 10 (sigma = 1.000)
19-Jan-2022 11:11:09 ::: Beginning: Sigma 3 of 10 (sigma = 1.500)
19-Jan-2022 11:11:09 ::: Completed: Sigma 3 of 10 (sigma = 1.500)
19-Jan-2022 11:11:09 ::: Beginning: Sigma 4 of 10 (sigma = 2.000)
19-Jan-2022 11:11:09 ::: Completed: Sigma 4 of 10 (sigma = 2.000)
19-Jan-2022 11:11:09 ::: Beginning: Sigma 5 of 10 (sigma = 2.500)
19-Jan-2022 11:11:09 ::: Completed: Sigma 5 of 10 (sigma = 2.500)
19-Jan-2022 11:11:09 ::: Beginning: Sigma 6 of 10 (sigma = 3.000)
19-Jan-2022 11:11:09 ::: Completed: Sigma 6 of 10 (sigma = 3.000)
19-Jan-2022 11:11:09 ::: Beginning: Sigma 7 of 10 (sigma = 3.500)
19-Jan-2022 11:11:09 ::: Completed: Sigma 7 of 10 (sigma = 3.500)
19-Jan-2022 11:11:09 ::: Beginning: Sigma 8 of 10 (sigma = 4.000)
19-Jan-2022 11:11:09 ::: Completed: Sigma 8 of 10 (sigma = 4.000)
19-Jan-2022 11:11:09 ::: Beginning: Sigma 9 of 10 (sigma = 4.500)
19-Jan-2022 11:11:09 ::: Completed: Sigma 9 of 10 (sigma = 4.500)
19-Jan-2022 11:11:09 ::: Beginning: Sigma 10 of 10 (sigma = 5.000)
19-Jan-2022 11:11:10 ::: Completed: Sigma 10 of 10 (sigma = 5.000)
19-Jan-2022 11:11:10 ::: Completed: Bandlimit 3 of 35 (banlimit = 6)
19-Jan-2022 11:11:10 ::: Beginning: Bandlimit 4 of 35 (banlimit = 8)
19-Jan-2022 11:11:10 ::: Beginning: Sigma 1 of 10 (sigma = 0.500)
19-Jan-2022 11:11:10 ::: Completed: Sigma 1 of 10 (sigma = 0.500)
19-Jan-2022 11:11:10 ::: Beginning: Sigma 2 of 10 (sigma = 1.000)
19-Jan-2022 11:11:10 ::: Completed: Sigma 2 of 10 (sigma = 1.000)
19-Jan-2022 11:11:10 ::: Beginning: Sigma 3 of 10 (sigma = 1.500)
19-Jan-2022 11:11:10 ::: Completed: Sigma 3 of 10 (sigma = 1.500)
19-Jan-2022 11:11:10 ::: Beginning: Sigma 4 of 10 (sigma = 2.000)
19-Jan-2022 11:11:10 ::: Completed: Sigma 4 of 10 (sigma = 2.000)
19-Jan-2022 11:11:10 ::: Beginning: Sigma 5 of 10 (sigma = 2.500)
19-Jan-2022 11:11:10 ::: Completed: Sigma 5 of 10 (sigma = 2.500)
19-Jan-2022 11:11:10 ::: Beginning: Sigma 6 of 10 (sigma = 3.000)
19-Jan-2022 11:11:11 ::: Completed: Sigma 6 of 10 (sigma = 3.000)
19-Jan-2022 11:11:11 ::: Beginning: Sigma 7 of 10 (sigma = 3.500)
19-Jan-2022 11:11:11 ::: Completed: Sigma 7 of 10 (sigma = 3.500)
19-Jan-2022 11:11:11 ::: Beginning: Sigma 8 of 10 (sigma = 4.000)
19-Jan-2022 11:11:11 ::: Completed: Sigma 8 of 10 (sigma = 4.000)
19-Jan-2022 11:11:11 ::: Beginning: Sigma 9 of 10 (sigma = 4.500)
19-Jan-2022 11:11:11 ::: Completed: Sigma 9 of 10 (sigma = 4.500)
19-Jan-2022 11:11:11 ::: Beginning: Sigma 10 of 10 (sigma = 5.000)
19-Jan-2022 11:11:11 ::: Completed: Sigma 10 of 10 (sigma = 5.000)
19-Jan-2022 11:11:11 ::: Completed: Bandlimit 4 of 35 (banlimit = 8)
19-Jan-2022 11:11:11 ::: Beginning: Bandlimit 5 of 35 (banlimit = 10)
19-Jan-2022 11:11:11 ::: Beginning: Sigma 1 of 10 (sigma = 0.500)
19-Jan-2022 11:11:11 ::: Completed: Sigma 1 of 10 (sigma = 0.500)
19-Jan-2022 11:11:11 ::: Beginning: Sigma 2 of 10 (sigma = 1.000)
19-Jan-2022 11:11:12 ::: Completed: Sigma 2 of 10 (sigma = 1.000)
19-Jan-2022 11:11:12 ::: Beginning: Sigma 3 of 10 (sigma = 1.500)
19-Jan-2022 11:11:12 ::: Completed: Sigma 3 of 10 (sigma = 1.500)
19-Jan-2022 11:11:12 ::: Beginning: Sigma 4 of 10 (sigma = 2.000)
19-Jan-2022 11:11:12 ::: Completed: Sigma 4 of 10 (sigma = 2.000)
19-Jan-2022 11:11:12 ::: Beginning: Sigma 5 of 10 (sigma = 2.500)
19-Jan-2022 11:11:12 ::: Completed: Sigma 5 of 10 (sigma = 2.500)
19-Jan-2022 11:11:12 ::: Beginning: Sigma 6 of 10 (sigma = 3.000)
19-Jan-2022 11:11:12 ::: Completed: Sigma 6 of 10 (sigma = 3.000)
19-Jan-2022 11:11:12 ::: Beginning: Sigma 7 of 10 (sigma = 3.500)
19-Jan-2022 11:11:13 ::: Completed: Sigma 7 of 10 (sigma = 3.500)
19-Jan-2022 11:11:13 ::: Beginning: Sigma 8 of 10 (sigma = 4.000)
19-Jan-2022 11:11:13 ::: Completed: Sigma 8 of 10 (sigma = 4.000)
19-Jan-2022 11:11:13 ::: Beginning: Sigma 9 of 10 (sigma = 4.500)
19-Jan-2022 11:11:13 ::: Completed: Sigma 9 of 10 (sigma = 4.500)
19-Jan-2022 11:11:13 ::: Beginning: Sigma 10 of 10 (sigma = 5.000)
19-Jan-2022 11:11:13 ::: Completed: Sigma 10 of 10 (sigma = 5.000)
19-Jan-2022 11:11:13 ::: Completed: Bandlimit 5 of 35 (banlimit = 10)
19-Jan-2022 11:11:13 ::: Beginning: Bandlimit 6 of 35 (banlimit = 12)
19-Jan-2022 11:11:13 ::: Beginning: Sigma 1 of 10 (sigma = 0.500)
19-Jan-2022 11:11:13 ::: Completed: Sigma 1 of 10 (sigma = 0.500)
19-Jan-2022 11:11:13 ::: Beginning: Sigma 2 of 10 (sigma = 1.000)
19-Jan-2022 11:11:13 ::: Completed: Sigma 2 of 10 (sigma = 1.000)
19-Jan-2022 11:11:13 ::: Beginning: Sigma 3 of 10 (sigma = 1.500)
19-Jan-2022 11:11:14 ::: Completed: Sigma 3 of 10 (sigma = 1.500)
19-Jan-2022 11:11:14 ::: Beginning: Sigma 4 of 10 (sigma = 2.000)
19-Jan-2022 11:11:14 ::: Completed: Sigma 4 of 10 (sigma = 2.000)
19-Jan-2022 11:11:14 ::: Beginning: Sigma 5 of 10 (sigma = 2.500)
19-Jan-2022 11:11:14 ::: Completed: Sigma 5 of 10 (sigma = 2.500)
19-Jan-2022 11:11:14 ::: Beginning: Sigma 6 of 10 (sigma = 3.000)
19-Jan-2022 11:11:14 ::: Completed: Sigma 6 of 10 (sigma = 3.000)
19-Jan-2022 11:11:14 ::: Beginning: Sigma 7 of 10 (sigma = 3.500)
19-Jan-2022 11:11:14 ::: Completed: Sigma 7 of 10 (sigma = 3.500)
19-Jan-2022 11:11:14 ::: Beginning: Sigma 8 of 10 (sigma = 4.000)
19-Jan-2022 11:11:15 ::: Completed: Sigma 8 of 10 (sigma = 4.000)
19-Jan-2022 11:11:15 ::: Beginning: Sigma 9 of 10 (sigma = 4.500)
19-Jan-2022 11:11:15 ::: Completed: Sigma 9 of 10 (sigma = 4.500)
19-Jan-2022 11:11:15 ::: Beginning: Sigma 10 of 10 (sigma = 5.000)
19-Jan-2022 11:11:15 ::: Completed: Sigma 10 of 10 (sigma = 5.000)
19-Jan-2022 11:11:15 ::: Completed: Bandlimit 6 of 35 (banlimit = 12)
19-Jan-2022 11:11:15 ::: Beginning: Bandlimit 7 of 35 (banlimit = 14)
19-Jan-2022 11:11:15 ::: Beginning: Sigma 1 of 10 (sigma = 0.500)
19-Jan-2022 11:11:15 ::: Completed: Sigma 1 of 10 (sigma = 0.500)
19-Jan-2022 11:11:15 ::: Beginning: Sigma 2 of 10 (sigma = 1.000)
19-Jan-2022 11:11:16 ::: Completed: Sigma 2 of 10 (sigma = 1.000)
19-Jan-2022 11:11:16 ::: Beginning: Sigma 3 of 10 (sigma = 1.500)
19-Jan-2022 11:11:16 ::: Completed: Sigma 3 of 10 (sigma = 1.500)
19-Jan-2022 11:11:16 ::: Beginning: Sigma 4 of 10 (sigma = 2.000)
19-Jan-2022 11:11:16 ::: Completed: Sigma 4 of 10 (sigma = 2.000)
19-Jan-2022 11:11:16 ::: Beginning: Sigma 5 of 10 (sigma = 2.500)
19-Jan-2022 11:11:16 ::: Completed: Sigma 5 of 10 (sigma = 2.500)
19-Jan-2022 11:11:16 ::: Beginning: Sigma 6 of 10 (sigma = 3.000)
19-Jan-2022 11:11:16 ::: Completed: Sigma 6 of 10 (sigma = 3.000)
19-Jan-2022 11:11:16 ::: Beginning: Sigma 7 of 10 (sigma = 3.500)
19-Jan-2022 11:11:17 ::: Completed: Sigma 7 of 10 (sigma = 3.500)
19-Jan-2022 11:11:17 ::: Beginning: Sigma 8 of 10 (sigma = 4.000)
19-Jan-2022 11:11:17 ::: Completed: Sigma 8 of 10 (sigma = 4.000)
19-Jan-2022 11:11:17 ::: Beginning: Sigma 9 of 10 (sigma = 4.500)
19-Jan-2022 11:11:17 ::: Completed: Sigma 9 of 10 (sigma = 4.500)
19-Jan-2022 11:11:17 ::: Beginning: Sigma 10 of 10 (sigma = 5.000)
19-Jan-2022 11:11:17 ::: Completed: Sigma 10 of 10 (sigma = 5.000)
19-Jan-2022 11:11:17 ::: Completed: Bandlimit 7 of 35 (banlimit = 14)
19-Jan-2022 11:11:17 ::: Beginning: Bandlimit 8 of 35 (banlimit = 16)
19-Jan-2022 11:11:17 ::: Beginning: Sigma 1 of 10 (sigma = 0.500)
19-Jan-2022 11:11:18 ::: Completed: Sigma 1 of 10 (sigma = 0.500)
19-Jan-2022 11:11:18 ::: Beginning: Sigma 2 of 10 (sigma = 1.000)
19-Jan-2022 11:11:18 ::: Completed: Sigma 2 of 10 (sigma = 1.000)
19-Jan-2022 11:11:18 ::: Beginning: Sigma 3 of 10 (sigma = 1.500)
19-Jan-2022 11:11:18 ::: Completed: Sigma 3 of 10 (sigma = 1.500)
19-Jan-2022 11:11:18 ::: Beginning: Sigma 4 of 10 (sigma = 2.000)
19-Jan-2022 11:11:18 ::: Completed: Sigma 4 of 10 (sigma = 2.000)
19-Jan-2022 11:11:18 ::: Beginning: Sigma 5 of 10 (sigma = 2.500)
19-Jan-2022 11:11:19 ::: Completed: Sigma 5 of 10 (sigma = 2.500)
19-Jan-2022 11:11:19 ::: Beginning: Sigma 6 of 10 (sigma = 3.000)
19-Jan-2022 11:11:19 ::: Completed: Sigma 6 of 10 (sigma = 3.000)
19-Jan-2022 11:11:19 ::: Beginning: Sigma 7 of 10 (sigma = 3.500)
19-Jan-2022 11:11:19 ::: Completed: Sigma 7 of 10 (sigma = 3.500)
19-Jan-2022 11:11:19 ::: Beginning: Sigma 8 of 10 (sigma = 4.000)
19-Jan-2022 11:11:19 ::: Completed: Sigma 8 of 10 (sigma = 4.000)
19-Jan-2022 11:11:19 ::: Beginning: Sigma 9 of 10 (sigma = 4.500)
19-Jan-2022 11:11:20 ::: Completed: Sigma 9 of 10 (sigma = 4.500)
19-Jan-2022 11:11:20 ::: Beginning: Sigma 10 of 10 (sigma = 5.000)
19-Jan-2022 11:11:20 ::: Completed: Sigma 10 of 10 (sigma = 5.000)
19-Jan-2022 11:11:20 ::: Completed: Bandlimit 8 of 35 (banlimit = 16)
19-Jan-2022 11:11:20 ::: Beginning: Bandlimit 9 of 35 (banlimit = 18)
19-Jan-2022 11:11:20 ::: Beginning: Sigma 1 of 10 (sigma = 0.500)
19-Jan-2022 11:11:20 ::: Completed: Sigma 1 of 10 (sigma = 0.500)
19-Jan-2022 11:11:20 ::: Beginning: Sigma 2 of 10 (sigma = 1.000)
19-Jan-2022 11:11:21 ::: Completed: Sigma 2 of 10 (sigma = 1.000)
19-Jan-2022 11:11:21 ::: Beginning: Sigma 3 of 10 (sigma = 1.500)
19-Jan-2022 11:11:21 ::: Completed: Sigma 3 of 10 (sigma = 1.500)
19-Jan-2022 11:11:21 ::: Beginning: Sigma 4 of 10 (sigma = 2.000)
19-Jan-2022 11:11:22 ::: Completed: Sigma 4 of 10 (sigma = 2.000)
19-Jan-2022 11:11:22 ::: Beginning: Sigma 5 of 10 (sigma = 2.500)
19-Jan-2022 11:11:22 ::: Completed: Sigma 5 of 10 (sigma = 2.500)
19-Jan-2022 11:11:22 ::: Beginning: Sigma 6 of 10 (sigma = 3.000)
19-Jan-2022 11:11:22 ::: Completed: Sigma 6 of 10 (sigma = 3.000)
19-Jan-2022 11:11:22 ::: Beginning: Sigma 7 of 10 (sigma = 3.500)
19-Jan-2022 11:11:23 ::: Completed: Sigma 7 of 10 (sigma = 3.500)
19-Jan-2022 11:11:23 ::: Beginning: Sigma 8 of 10 (sigma = 4.000)
19-Jan-2022 11:11:23 ::: Completed: Sigma 8 of 10 (sigma = 4.000)
19-Jan-2022 11:11:23 ::: Beginning: Sigma 9 of 10 (sigma = 4.500)
19-Jan-2022 11:11:23 ::: Completed: Sigma 9 of 10 (sigma = 4.500)
19-Jan-2022 11:11:23 ::: Beginning: Sigma 10 of 10 (sigma = 5.000)
19-Jan-2022 11:11:24 ::: Completed: Sigma 10 of 10 (sigma = 5.000)
19-Jan-2022 11:11:24 ::: Completed: Bandlimit 9 of 35 (banlimit = 18)
19-Jan-2022 11:11:24 ::: Beginning: Bandlimit 10 of 35 (banlimit = 20)
19-Jan-2022 11:11:24 ::: Beginning: Sigma 1 of 10 (sigma = 0.500)
19-Jan-2022 11:11:24 ::: Completed: Sigma 1 of 10 (sigma = 0.500)
19-Jan-2022 11:11:24 ::: Beginning: Sigma 2 of 10 (sigma = 1.000)
19-Jan-2022 11:11:24 ::: Completed: Sigma 2 of 10 (sigma = 1.000)
19-Jan-2022 11:11:24 ::: Beginning: Sigma 3 of 10 (sigma = 1.500)
19-Jan-2022 11:11:25 ::: Completed: Sigma 3 of 10 (sigma = 1.500)
19-Jan-2022 11:11:25 ::: Beginning: Sigma 4 of 10 (sigma = 2.000)
19-Jan-2022 11:11:25 ::: Completed: Sigma 4 of 10 (sigma = 2.000)
19-Jan-2022 11:11:25 ::: Beginning: Sigma 5 of 10 (sigma = 2.500)
19-Jan-2022 11:11:26 ::: Completed: Sigma 5 of 10 (sigma = 2.500)
19-Jan-2022 11:11:26 ::: Beginning: Sigma 6 of 10 (sigma = 3.000)
19-Jan-2022 11:11:26 ::: Completed: Sigma 6 of 10 (sigma = 3.000)
19-Jan-2022 11:11:26 ::: Beginning: Sigma 7 of 10 (sigma = 3.500)
19-Jan-2022 11:11:26 ::: Completed: Sigma 7 of 10 (sigma = 3.500)
19-Jan-2022 11:11:26 ::: Beginning: Sigma 8 of 10 (sigma = 4.000)
19-Jan-2022 11:11:27 ::: Completed: Sigma 8 of 10 (sigma = 4.000)
19-Jan-2022 11:11:27 ::: Beginning: Sigma 9 of 10 (sigma = 4.500)
19-Jan-2022 11:11:27 ::: Completed: Sigma 9 of 10 (sigma = 4.500)
19-Jan-2022 11:11:27 ::: Beginning: Sigma 10 of 10 (sigma = 5.000)
19-Jan-2022 11:11:28 ::: Completed: Sigma 10 of 10 (sigma = 5.000)
19-Jan-2022 11:11:28 ::: Completed: Bandlimit 10 of 35 (banlimit = 20)
19-Jan-2022 11:11:28 ::: Beginning: Bandlimit 11 of 35 (banlimit = 22)
19-Jan-2022 11:11:28 ::: Beginning: Sigma 1 of 10 (sigma = 0.500)
19-Jan-2022 11:11:28 ::: Completed: Sigma 1 of 10 (sigma = 0.500)
19-Jan-2022 11:11:28 ::: Beginning: Sigma 2 of 10 (sigma = 1.000)
19-Jan-2022 11:11:29 ::: Completed: Sigma 2 of 10 (sigma = 1.000)
19-Jan-2022 11:11:29 ::: Beginning: Sigma 3 of 10 (sigma = 1.500)
19-Jan-2022 11:11:29 ::: Completed: Sigma 3 of 10 (sigma = 1.500)
19-Jan-2022 11:11:29 ::: Beginning: Sigma 4 of 10 (sigma = 2.000)
19-Jan-2022 11:11:30 ::: Completed: Sigma 4 of 10 (sigma = 2.000)
19-Jan-2022 11:11:30 ::: Beginning: Sigma 5 of 10 (sigma = 2.500)
19-Jan-2022 11:11:30 ::: Completed: Sigma 5 of 10 (sigma = 2.500)
19-Jan-2022 11:11:30 ::: Beginning: Sigma 6 of 10 (sigma = 3.000)
19-Jan-2022 11:11:31 ::: Completed: Sigma 6 of 10 (sigma = 3.000)
19-Jan-2022 11:11:31 ::: Beginning: Sigma 7 of 10 (sigma = 3.500)
19-Jan-2022 11:11:31 ::: Completed: Sigma 7 of 10 (sigma = 3.500)
19-Jan-2022 11:11:31 ::: Beginning: Sigma 8 of 10 (sigma = 4.000)
19-Jan-2022 11:11:32 ::: Completed: Sigma 8 of 10 (sigma = 4.000)
19-Jan-2022 11:11:32 ::: Beginning: Sigma 9 of 10 (sigma = 4.500)
19-Jan-2022 11:11:32 ::: Completed: Sigma 9 of 10 (sigma = 4.500)
19-Jan-2022 11:11:32 ::: Beginning: Sigma 10 of 10 (sigma = 5.000)
19-Jan-2022 11:11:33 ::: Completed: Sigma 10 of 10 (sigma = 5.000)
19-Jan-2022 11:11:33 ::: Completed: Bandlimit 11 of 35 (banlimit = 22)
19-Jan-2022 11:11:33 ::: Beginning: Bandlimit 12 of 35 (banlimit = 24)
19-Jan-2022 11:11:33 ::: Beginning: Sigma 1 of 10 (sigma = 0.500)
19-Jan-2022 11:11:33 ::: Completed: Sigma 1 of 10 (sigma = 0.500)
19-Jan-2022 11:11:33 ::: Beginning: Sigma 2 of 10 (sigma = 1.000)
19-Jan-2022 11:11:34 ::: Completed: Sigma 2 of 10 (sigma = 1.000)
19-Jan-2022 11:11:34 ::: Beginning: Sigma 3 of 10 (sigma = 1.500)
19-Jan-2022 11:11:35 ::: Completed: Sigma 3 of 10 (sigma = 1.500)
19-Jan-2022 11:11:35 ::: Beginning: Sigma 4 of 10 (sigma = 2.000)
19-Jan-2022 11:11:35 ::: Completed: Sigma 4 of 10 (sigma = 2.000)
19-Jan-2022 11:11:35 ::: Beginning: Sigma 5 of 10 (sigma = 2.500)
19-Jan-2022 11:11:35 ::: Completed: Sigma 5 of 10 (sigma = 2.500)
19-Jan-2022 11:11:35 ::: Beginning: Sigma 6 of 10 (sigma = 3.000)
19-Jan-2022 11:11:36 ::: Completed: Sigma 6 of 10 (sigma = 3.000)
19-Jan-2022 11:11:36 ::: Beginning: Sigma 7 of 10 (sigma = 3.500)
19-Jan-2022 11:11:36 ::: Completed: Sigma 7 of 10 (sigma = 3.500)
19-Jan-2022 11:11:36 ::: Beginning: Sigma 8 of 10 (sigma = 4.000)
19-Jan-2022 11:11:37 ::: Completed: Sigma 8 of 10 (sigma = 4.000)
19-Jan-2022 11:11:37 ::: Beginning: Sigma 9 of 10 (sigma = 4.500)
19-Jan-2022 11:11:37 ::: Completed: Sigma 9 of 10 (sigma = 4.500)
19-Jan-2022 11:11:37 ::: Beginning: Sigma 10 of 10 (sigma = 5.000)
19-Jan-2022 11:11:38 ::: Completed: Sigma 10 of 10 (sigma = 5.000)
19-Jan-2022 11:11:38 ::: Completed: Bandlimit 12 of 35 (banlimit = 24)
19-Jan-2022 11:11:38 ::: Beginning: Bandlimit 13 of 35 (banlimit = 26)
19-Jan-2022 11:11:38 ::: Beginning: Sigma 1 of 10 (sigma = 0.500)
19-Jan-2022 11:11:38 ::: Completed: Sigma 1 of 10 (sigma = 0.500)
19-Jan-2022 11:11:38 ::: Beginning: Sigma 2 of 10 (sigma = 1.000)
19-Jan-2022 11:11:39 ::: Completed: Sigma 2 of 10 (sigma = 1.000)
19-Jan-2022 11:11:39 ::: Beginning: Sigma 3 of 10 (sigma = 1.500)
19-Jan-2022 11:11:40 ::: Completed: Sigma 3 of 10 (sigma = 1.500)
19-Jan-2022 11:11:40 ::: Beginning: Sigma 4 of 10 (sigma = 2.000)
19-Jan-2022 11:11:40 ::: Completed: Sigma 4 of 10 (sigma = 2.000)
19-Jan-2022 11:11:40 ::: Beginning: Sigma 5 of 10 (sigma = 2.500)
19-Jan-2022 11:11:41 ::: Completed: Sigma 5 of 10 (sigma = 2.500)
19-Jan-2022 11:11:41 ::: Beginning: Sigma 6 of 10 (sigma = 3.000)
19-Jan-2022 11:11:41 ::: Completed: Sigma 6 of 10 (sigma = 3.000)
19-Jan-2022 11:11:41 ::: Beginning: Sigma 7 of 10 (sigma = 3.500)
19-Jan-2022 11:11:42 ::: Completed: Sigma 7 of 10 (sigma = 3.500)
19-Jan-2022 11:11:42 ::: Beginning: Sigma 8 of 10 (sigma = 4.000)
19-Jan-2022 11:11:42 ::: Completed: Sigma 8 of 10 (sigma = 4.000)
19-Jan-2022 11:11:42 ::: Beginning: Sigma 9 of 10 (sigma = 4.500)
19-Jan-2022 11:11:43 ::: Completed: Sigma 9 of 10 (sigma = 4.500)
19-Jan-2022 11:11:43 ::: Beginning: Sigma 10 of 10 (sigma = 5.000)
19-Jan-2022 11:11:44 ::: Completed: Sigma 10 of 10 (sigma = 5.000)
19-Jan-2022 11:11:44 ::: Completed: Bandlimit 13 of 35 (banlimit = 26)
19-Jan-2022 11:11:44 ::: Beginning: Bandlimit 14 of 35 (banlimit = 28)
19-Jan-2022 11:11:44 ::: Beginning: Sigma 1 of 10 (sigma = 0.500)
19-Jan-2022 11:11:44 ::: Completed: Sigma 1 of 10 (sigma = 0.500)
19-Jan-2022 11:11:44 ::: Beginning: Sigma 2 of 10 (sigma = 1.000)
19-Jan-2022 11:11:45 ::: Completed: Sigma 2 of 10 (sigma = 1.000)
19-Jan-2022 11:11:45 ::: Beginning: Sigma 3 of 10 (sigma = 1.500)
19-Jan-2022 11:11:46 ::: Completed: Sigma 3 of 10 (sigma = 1.500)
19-Jan-2022 11:11:46 ::: Beginning: Sigma 4 of 10 (sigma = 2.000)
19-Jan-2022 11:11:47 ::: Completed: Sigma 4 of 10 (sigma = 2.000)
19-Jan-2022 11:11:47 ::: Beginning: Sigma 5 of 10 (sigma = 2.500)
19-Jan-2022 11:11:47 ::: Completed: Sigma 5 of 10 (sigma = 2.500)
19-Jan-2022 11:11:47 ::: Beginning: Sigma 6 of 10 (sigma = 3.000)
19-Jan-2022 11:11:48 ::: Completed: Sigma 6 of 10 (sigma = 3.000)
19-Jan-2022 11:11:48 ::: Beginning: Sigma 7 of 10 (sigma = 3.500)
19-Jan-2022 11:11:49 ::: Completed: Sigma 7 of 10 (sigma = 3.500)
19-Jan-2022 11:11:49 ::: Beginning: Sigma 8 of 10 (sigma = 4.000)
19-Jan-2022 11:11:49 ::: Completed: Sigma 8 of 10 (sigma = 4.000)
19-Jan-2022 11:11:49 ::: Beginning: Sigma 9 of 10 (sigma = 4.500)
19-Jan-2022 11:11:50 ::: Completed: Sigma 9 of 10 (sigma = 4.500)
19-Jan-2022 11:11:50 ::: Beginning: Sigma 10 of 10 (sigma = 5.000)
19-Jan-2022 11:11:51 ::: Completed: Sigma 10 of 10 (sigma = 5.000)
19-Jan-2022 11:11:51 ::: Completed: Bandlimit 14 of 35 (banlimit = 28)
19-Jan-2022 11:11:51 ::: Beginning: Bandlimit 15 of 35 (banlimit = 30)
19-Jan-2022 11:11:51 ::: Beginning: Sigma 1 of 10 (sigma = 0.500)
19-Jan-2022 11:11:51 ::: Completed: Sigma 1 of 10 (sigma = 0.500)
19-Jan-2022 11:11:51 ::: Beginning: Sigma 2 of 10 (sigma = 1.000)
19-Jan-2022 11:11:52 ::: Completed: Sigma 2 of 10 (sigma = 1.000)
19-Jan-2022 11:11:52 ::: Beginning: Sigma 3 of 10 (sigma = 1.500)
19-Jan-2022 11:11:53 ::: Completed: Sigma 3 of 10 (sigma = 1.500)
19-Jan-2022 11:11:53 ::: Beginning: Sigma 4 of 10 (sigma = 2.000)
19-Jan-2022 11:11:54 ::: Completed: Sigma 4 of 10 (sigma = 2.000)
19-Jan-2022 11:11:54 ::: Beginning: Sigma 5 of 10 (sigma = 2.500)
19-Jan-2022 11:11:54 ::: Completed: Sigma 5 of 10 (sigma = 2.500)
19-Jan-2022 11:11:54 ::: Beginning: Sigma 6 of 10 (sigma = 3.000)
19-Jan-2022 11:11:55 ::: Completed: Sigma 6 of 10 (sigma = 3.000)
19-Jan-2022 11:11:55 ::: Beginning: Sigma 7 of 10 (sigma = 3.500)
19-Jan-2022 11:11:56 ::: Completed: Sigma 7 of 10 (sigma = 3.500)
19-Jan-2022 11:11:56 ::: Beginning: Sigma 8 of 10 (sigma = 4.000)
19-Jan-2022 11:11:56 ::: Completed: Sigma 8 of 10 (sigma = 4.000)
19-Jan-2022 11:11:56 ::: Beginning: Sigma 9 of 10 (sigma = 4.500)
19-Jan-2022 11:11:57 ::: Completed: Sigma 9 of 10 (sigma = 4.500)
19-Jan-2022 11:11:57 ::: Beginning: Sigma 10 of 10 (sigma = 5.000)
19-Jan-2022 11:11:58 ::: Completed: Sigma 10 of 10 (sigma = 5.000)
19-Jan-2022 11:11:58 ::: Completed: Bandlimit 15 of 35 (banlimit = 30)
19-Jan-2022 11:11:58 ::: Beginning: Bandlimit 16 of 35 (banlimit = 32)
19-Jan-2022 11:11:58 ::: Beginning: Sigma 1 of 10 (sigma = 0.500)
19-Jan-2022 11:11:59 ::: Completed: Sigma 1 of 10 (sigma = 0.500)
19-Jan-2022 11:11:59 ::: Beginning: Sigma 2 of 10 (sigma = 1.000)
19-Jan-2022 11:12:00 ::: Completed: Sigma 2 of 10 (sigma = 1.000)
19-Jan-2022 11:12:00 ::: Beginning: Sigma 3 of 10 (sigma = 1.500)
19-Jan-2022 11:12:01 ::: Completed: Sigma 3 of 10 (sigma = 1.500)
19-Jan-2022 11:12:01 ::: Beginning: Sigma 4 of 10 (sigma = 2.000)
19-Jan-2022 11:12:02 ::: Completed: Sigma 4 of 10 (sigma = 2.000)
19-Jan-2022 11:12:02 ::: Beginning: Sigma 5 of 10 (sigma = 2.500)
19-Jan-2022 11:12:03 ::: Completed: Sigma 5 of 10 (sigma = 2.500)
19-Jan-2022 11:12:03 ::: Beginning: Sigma 6 of 10 (sigma = 3.000)
19-Jan-2022 11:12:04 ::: Completed: Sigma 6 of 10 (sigma = 3.000)
19-Jan-2022 11:12:04 ::: Beginning: Sigma 7 of 10 (sigma = 3.500)
19-Jan-2022 11:12:05 ::: Completed: Sigma 7 of 10 (sigma = 3.500)
19-Jan-2022 11:12:05 ::: Beginning: Sigma 8 of 10 (sigma = 4.000)
19-Jan-2022 11:12:06 ::: Completed: Sigma 8 of 10 (sigma = 4.000)
19-Jan-2022 11:12:06 ::: Beginning: Sigma 9 of 10 (sigma = 4.500)
19-Jan-2022 11:12:07 ::: Completed: Sigma 9 of 10 (sigma = 4.500)
19-Jan-2022 11:12:07 ::: Beginning: Sigma 10 of 10 (sigma = 5.000)
19-Jan-2022 11:12:08 ::: Completed: Sigma 10 of 10 (sigma = 5.000)
19-Jan-2022 11:12:08 ::: Completed: Bandlimit 16 of 35 (banlimit = 32)
19-Jan-2022 11:12:08 ::: Beginning: Bandlimit 17 of 35 (banlimit = 34)
19-Jan-2022 11:12:08 ::: Beginning: Sigma 1 of 10 (sigma = 0.500)
19-Jan-2022 11:12:09 ::: Completed: Sigma 1 of 10 (sigma = 0.500)
19-Jan-2022 11:12:09 ::: Beginning: Sigma 2 of 10 (sigma = 1.000)
19-Jan-2022 11:12:10 ::: Completed: Sigma 2 of 10 (sigma = 1.000)
19-Jan-2022 11:12:10 ::: Beginning: Sigma 3 of 10 (sigma = 1.500)
19-Jan-2022 11:12:12 ::: Completed: Sigma 3 of 10 (sigma = 1.500)
19-Jan-2022 11:12:12 ::: Beginning: Sigma 4 of 10 (sigma = 2.000)
19-Jan-2022 11:12:13 ::: Completed: Sigma 4 of 10 (sigma = 2.000)
19-Jan-2022 11:12:13 ::: Beginning: Sigma 5 of 10 (sigma = 2.500)
19-Jan-2022 11:12:14 ::: Completed: Sigma 5 of 10 (sigma = 2.500)
19-Jan-2022 11:12:14 ::: Beginning: Sigma 6 of 10 (sigma = 3.000)
19-Jan-2022 11:12:15 ::: Completed: Sigma 6 of 10 (sigma = 3.000)
19-Jan-2022 11:12:15 ::: Beginning: Sigma 7 of 10 (sigma = 3.500)
19-Jan-2022 11:12:16 ::: Completed: Sigma 7 of 10 (sigma = 3.500)
19-Jan-2022 11:12:16 ::: Beginning: Sigma 8 of 10 (sigma = 4.000)
19-Jan-2022 11:12:17 ::: Completed: Sigma 8 of 10 (sigma = 4.000)
19-Jan-2022 11:12:17 ::: Beginning: Sigma 9 of 10 (sigma = 4.500)
19-Jan-2022 11:12:18 ::: Completed: Sigma 9 of 10 (sigma = 4.500)
19-Jan-2022 11:12:18 ::: Beginning: Sigma 10 of 10 (sigma = 5.000)
19-Jan-2022 11:12:19 ::: Completed: Sigma 10 of 10 (sigma = 5.000)
19-Jan-2022 11:12:19 ::: Completed: Bandlimit 17 of 35 (banlimit = 34)
19-Jan-2022 11:12:19 ::: Beginning: Bandlimit 18 of 35 (banlimit = 36)
19-Jan-2022 11:12:19 ::: Beginning: Sigma 1 of 10 (sigma = 0.500)
19-Jan-2022 11:12:20 ::: Completed: Sigma 1 of 10 (sigma = 0.500)
19-Jan-2022 11:12:20 ::: Beginning: Sigma 2 of 10 (sigma = 1.000)
19-Jan-2022 11:12:21 ::: Completed: Sigma 2 of 10 (sigma = 1.000)
19-Jan-2022 11:12:21 ::: Beginning: Sigma 3 of 10 (sigma = 1.500)
19-Jan-2022 11:12:22 ::: Completed: Sigma 3 of 10 (sigma = 1.500)
19-Jan-2022 11:12:22 ::: Beginning: Sigma 4 of 10 (sigma = 2.000)
19-Jan-2022 11:12:23 ::: Completed: Sigma 4 of 10 (sigma = 2.000)
19-Jan-2022 11:12:23 ::: Beginning: Sigma 5 of 10 (sigma = 2.500)
19-Jan-2022 11:12:25 ::: Completed: Sigma 5 of 10 (sigma = 2.500)
19-Jan-2022 11:12:25 ::: Beginning: Sigma 6 of 10 (sigma = 3.000)
19-Jan-2022 11:12:26 ::: Completed: Sigma 6 of 10 (sigma = 3.000)
19-Jan-2022 11:12:26 ::: Beginning: Sigma 7 of 10 (sigma = 3.500)
19-Jan-2022 11:12:27 ::: Completed: Sigma 7 of 10 (sigma = 3.500)
19-Jan-2022 11:12:27 ::: Beginning: Sigma 8 of 10 (sigma = 4.000)
19-Jan-2022 11:12:29 ::: Completed: Sigma 8 of 10 (sigma = 4.000)
19-Jan-2022 11:12:29 ::: Beginning: Sigma 9 of 10 (sigma = 4.500)
19-Jan-2022 11:12:30 ::: Completed: Sigma 9 of 10 (sigma = 4.500)
19-Jan-2022 11:12:30 ::: Beginning: Sigma 10 of 10 (sigma = 5.000)
19-Jan-2022 11:12:31 ::: Completed: Sigma 10 of 10 (sigma = 5.000)
19-Jan-2022 11:12:31 ::: Completed: Bandlimit 18 of 35 (banlimit = 36)
19-Jan-2022 11:12:31 ::: Beginning: Bandlimit 19 of 35 (banlimit = 38)
19-Jan-2022 11:12:31 ::: Beginning: Sigma 1 of 10 (sigma = 0.500)
19-Jan-2022 11:12:32 ::: Completed: Sigma 1 of 10 (sigma = 0.500)
19-Jan-2022 11:12:32 ::: Beginning: Sigma 2 of 10 (sigma = 1.000)
19-Jan-2022 11:12:33 ::: Completed: Sigma 2 of 10 (sigma = 1.000)
19-Jan-2022 11:12:33 ::: Beginning: Sigma 3 of 10 (sigma = 1.500)
19-Jan-2022 11:12:35 ::: Completed: Sigma 3 of 10 (sigma = 1.500)
19-Jan-2022 11:12:35 ::: Beginning: Sigma 4 of 10 (sigma = 2.000)
19-Jan-2022 11:12:36 ::: Completed: Sigma 4 of 10 (sigma = 2.000)
19-Jan-2022 11:12:36 ::: Beginning: Sigma 5 of 10 (sigma = 2.500)
19-Jan-2022 11:12:37 ::: Completed: Sigma 5 of 10 (sigma = 2.500)
19-Jan-2022 11:12:37 ::: Beginning: Sigma 6 of 10 (sigma = 3.000)
19-Jan-2022 11:12:39 ::: Completed: Sigma 6 of 10 (sigma = 3.000)
19-Jan-2022 11:12:39 ::: Beginning: Sigma 7 of 10 (sigma = 3.500)
19-Jan-2022 11:12:40 ::: Completed: Sigma 7 of 10 (sigma = 3.500)
19-Jan-2022 11:12:40 ::: Beginning: Sigma 8 of 10 (sigma = 4.000)
19-Jan-2022 11:12:42 ::: Completed: Sigma 8 of 10 (sigma = 4.000)
19-Jan-2022 11:12:42 ::: Beginning: Sigma 9 of 10 (sigma = 4.500)
19-Jan-2022 11:12:43 ::: Completed: Sigma 9 of 10 (sigma = 4.500)
19-Jan-2022 11:12:43 ::: Beginning: Sigma 10 of 10 (sigma = 5.000)
19-Jan-2022 11:12:45 ::: Completed: Sigma 10 of 10 (sigma = 5.000)
19-Jan-2022 11:12:45 ::: Completed: Bandlimit 19 of 35 (banlimit = 38)
19-Jan-2022 11:12:45 ::: Beginning: Bandlimit 20 of 35 (banlimit = 40)
19-Jan-2022 11:12:45 ::: Beginning: Sigma 1 of 10 (sigma = 0.500)
19-Jan-2022 11:12:47 ::: Completed: Sigma 1 of 10 (sigma = 0.500)
19-Jan-2022 11:12:47 ::: Beginning: Sigma 2 of 10 (sigma = 1.000)
19-Jan-2022 11:12:49 ::: Completed: Sigma 2 of 10 (sigma = 1.000)
19-Jan-2022 11:12:49 ::: Beginning: Sigma 3 of 10 (sigma = 1.500)
19-Jan-2022 11:12:51 ::: Completed: Sigma 3 of 10 (sigma = 1.500)
19-Jan-2022 11:12:51 ::: Beginning: Sigma 4 of 10 (sigma = 2.000)
19-Jan-2022 11:12:52 ::: Completed: Sigma 4 of 10 (sigma = 2.000)
19-Jan-2022 11:12:52 ::: Beginning: Sigma 5 of 10 (sigma = 2.500)
19-Jan-2022 11:12:54 ::: Completed: Sigma 5 of 10 (sigma = 2.500)
19-Jan-2022 11:12:54 ::: Beginning: Sigma 6 of 10 (sigma = 3.000)
19-Jan-2022 11:12:55 ::: Completed: Sigma 6 of 10 (sigma = 3.000)
19-Jan-2022 11:12:55 ::: Beginning: Sigma 7 of 10 (sigma = 3.500)
19-Jan-2022 11:12:57 ::: Completed: Sigma 7 of 10 (sigma = 3.500)
19-Jan-2022 11:12:57 ::: Beginning: Sigma 8 of 10 (sigma = 4.000)
19-Jan-2022 11:12:59 ::: Completed: Sigma 8 of 10 (sigma = 4.000)
19-Jan-2022 11:12:59 ::: Beginning: Sigma 9 of 10 (sigma = 4.500)
19-Jan-2022 11:13:00 ::: Completed: Sigma 9 of 10 (sigma = 4.500)
19-Jan-2022 11:13:00 ::: Beginning: Sigma 10 of 10 (sigma = 5.000)
19-Jan-2022 11:13:02 ::: Completed: Sigma 10 of 10 (sigma = 5.000)
19-Jan-2022 11:13:02 ::: Completed: Bandlimit 20 of 35 (banlimit = 40)
19-Jan-2022 11:13:02 ::: Beginning: Bandlimit 21 of 35 (banlimit = 42)
19-Jan-2022 11:13:02 ::: Beginning: Sigma 1 of 10 (sigma = 0.500)
19-Jan-2022 11:13:04 ::: Completed: Sigma 1 of 10 (sigma = 0.500)
19-Jan-2022 11:13:04 ::: Beginning: Sigma 2 of 10 (sigma = 1.000)
19-Jan-2022 11:13:06 ::: Completed: Sigma 2 of 10 (sigma = 1.000)
19-Jan-2022 11:13:06 ::: Beginning: Sigma 3 of 10 (sigma = 1.500)
19-Jan-2022 11:13:08 ::: Completed: Sigma 3 of 10 (sigma = 1.500)
19-Jan-2022 11:13:08 ::: Beginning: Sigma 4 of 10 (sigma = 2.000)
19-Jan-2022 11:13:09 ::: Completed: Sigma 4 of 10 (sigma = 2.000)
19-Jan-2022 11:13:09 ::: Beginning: Sigma 5 of 10 (sigma = 2.500)
19-Jan-2022 11:13:11 ::: Completed: Sigma 5 of 10 (sigma = 2.500)
19-Jan-2022 11:13:11 ::: Beginning: Sigma 6 of 10 (sigma = 3.000)
19-Jan-2022 11:13:13 ::: Completed: Sigma 6 of 10 (sigma = 3.000)
19-Jan-2022 11:13:13 ::: Beginning: Sigma 7 of 10 (sigma = 3.500)
19-Jan-2022 11:13:15 ::: Completed: Sigma 7 of 10 (sigma = 3.500)
19-Jan-2022 11:13:15 ::: Beginning: Sigma 8 of 10 (sigma = 4.000)
19-Jan-2022 11:13:17 ::: Completed: Sigma 8 of 10 (sigma = 4.000)
19-Jan-2022 11:13:17 ::: Beginning: Sigma 9 of 10 (sigma = 4.500)
19-Jan-2022 11:13:20 ::: Completed: Sigma 9 of 10 (sigma = 4.500)
19-Jan-2022 11:13:20 ::: Beginning: Sigma 10 of 10 (sigma = 5.000)
19-Jan-2022 11:13:22 ::: Completed: Sigma 10 of 10 (sigma = 5.000)
19-Jan-2022 11:13:22 ::: Completed: Bandlimit 21 of 35 (banlimit = 42)
19-Jan-2022 11:13:22 ::: Beginning: Bandlimit 22 of 35 (banlimit = 44)
19-Jan-2022 11:13:22 ::: Beginning: Sigma 1 of 10 (sigma = 0.500)
19-Jan-2022 11:13:24 ::: Completed: Sigma 1 of 10 (sigma = 0.500)
19-Jan-2022 11:13:24 ::: Beginning: Sigma 2 of 10 (sigma = 1.000)
19-Jan-2022 11:13:27 ::: Completed: Sigma 2 of 10 (sigma = 1.000)
19-Jan-2022 11:13:27 ::: Beginning: Sigma 3 of 10 (sigma = 1.500)
19-Jan-2022 11:13:29 ::: Completed: Sigma 3 of 10 (sigma = 1.500)
19-Jan-2022 11:13:29 ::: Beginning: Sigma 4 of 10 (sigma = 2.000)
19-Jan-2022 11:13:31 ::: Completed: Sigma 4 of 10 (sigma = 2.000)
19-Jan-2022 11:13:31 ::: Beginning: Sigma 5 of 10 (sigma = 2.500)
19-Jan-2022 11:13:33 ::: Completed: Sigma 5 of 10 (sigma = 2.500)
19-Jan-2022 11:13:33 ::: Beginning: Sigma 6 of 10 (sigma = 3.000)
19-Jan-2022 11:13:35 ::: Completed: Sigma 6 of 10 (sigma = 3.000)
19-Jan-2022 11:13:35 ::: Beginning: Sigma 7 of 10 (sigma = 3.500)
19-Jan-2022 11:13:37 ::: Completed: Sigma 7 of 10 (sigma = 3.500)
19-Jan-2022 11:13:37 ::: Beginning: Sigma 8 of 10 (sigma = 4.000)
19-Jan-2022 11:13:39 ::: Completed: Sigma 8 of 10 (sigma = 4.000)
19-Jan-2022 11:13:39 ::: Beginning: Sigma 9 of 10 (sigma = 4.500)
19-Jan-2022 11:13:41 ::: Completed: Sigma 9 of 10 (sigma = 4.500)
19-Jan-2022 11:13:41 ::: Beginning: Sigma 10 of 10 (sigma = 5.000)
19-Jan-2022 11:13:43 ::: Completed: Sigma 10 of 10 (sigma = 5.000)
19-Jan-2022 11:13:43 ::: Completed: Bandlimit 22 of 35 (banlimit = 44)
19-Jan-2022 11:13:43 ::: Beginning: Bandlimit 23 of 35 (banlimit = 46)
19-Jan-2022 11:13:43 ::: Beginning: Sigma 1 of 10 (sigma = 0.500)
19-Jan-2022 11:13:46 ::: Completed: Sigma 1 of 10 (sigma = 0.500)
19-Jan-2022 11:13:46 ::: Beginning: Sigma 2 of 10 (sigma = 1.000)
19-Jan-2022 11:13:48 ::: Completed: Sigma 2 of 10 (sigma = 1.000)
19-Jan-2022 11:13:48 ::: Beginning: Sigma 3 of 10 (sigma = 1.500)
19-Jan-2022 11:13:50 ::: Completed: Sigma 3 of 10 (sigma = 1.500)
19-Jan-2022 11:13:50 ::: Beginning: Sigma 4 of 10 (sigma = 2.000)
19-Jan-2022 11:13:54 ::: Completed: Sigma 4 of 10 (sigma = 2.000)
19-Jan-2022 11:13:54 ::: Beginning: Sigma 5 of 10 (sigma = 2.500)
19-Jan-2022 11:13:56 ::: Completed: Sigma 5 of 10 (sigma = 2.500)
19-Jan-2022 11:13:56 ::: Beginning: Sigma 6 of 10 (sigma = 3.000)
19-Jan-2022 11:13:59 ::: Completed: Sigma 6 of 10 (sigma = 3.000)
19-Jan-2022 11:13:59 ::: Beginning: Sigma 7 of 10 (sigma = 3.500)
19-Jan-2022 11:14:02 ::: Completed: Sigma 7 of 10 (sigma = 3.500)
19-Jan-2022 11:14:02 ::: Beginning: Sigma 8 of 10 (sigma = 4.000)
19-Jan-2022 11:14:04 ::: Completed: Sigma 8 of 10 (sigma = 4.000)
19-Jan-2022 11:14:04 ::: Beginning: Sigma 9 of 10 (sigma = 4.500)
19-Jan-2022 11:14:07 ::: Completed: Sigma 9 of 10 (sigma = 4.500)
19-Jan-2022 11:14:07 ::: Beginning: Sigma 10 of 10 (sigma = 5.000)
19-Jan-2022 11:14:09 ::: Completed: Sigma 10 of 10 (sigma = 5.000)
19-Jan-2022 11:14:09 ::: Completed: Bandlimit 23 of 35 (banlimit = 46)
19-Jan-2022 11:14:09 ::: Beginning: Bandlimit 24 of 35 (banlimit = 48)
19-Jan-2022 11:14:09 ::: Beginning: Sigma 1 of 10 (sigma = 0.500)
19-Jan-2022 11:14:12 ::: Completed: Sigma 1 of 10 (sigma = 0.500)
19-Jan-2022 11:14:12 ::: Beginning: Sigma 2 of 10 (sigma = 1.000)
19-Jan-2022 11:14:14 ::: Completed: Sigma 2 of 10 (sigma = 1.000)
19-Jan-2022 11:14:14 ::: Beginning: Sigma 3 of 10 (sigma = 1.500)
19-Jan-2022 11:14:17 ::: Completed: Sigma 3 of 10 (sigma = 1.500)
19-Jan-2022 11:14:17 ::: Beginning: Sigma 4 of 10 (sigma = 2.000)
19-Jan-2022 11:14:20 ::: Completed: Sigma 4 of 10 (sigma = 2.000)
19-Jan-2022 11:14:20 ::: Beginning: Sigma 5 of 10 (sigma = 2.500)
19-Jan-2022 11:14:23 ::: Completed: Sigma 5 of 10 (sigma = 2.500)
19-Jan-2022 11:14:23 ::: Beginning: Sigma 6 of 10 (sigma = 3.000)
19-Jan-2022 11:14:25 ::: Completed: Sigma 6 of 10 (sigma = 3.000)
19-Jan-2022 11:14:25 ::: Beginning: Sigma 7 of 10 (sigma = 3.500)
19-Jan-2022 11:14:29 ::: Completed: Sigma 7 of 10 (sigma = 3.500)
19-Jan-2022 11:14:29 ::: Beginning: Sigma 8 of 10 (sigma = 4.000)
19-Jan-2022 11:14:32 ::: Completed: Sigma 8 of 10 (sigma = 4.000)
19-Jan-2022 11:14:32 ::: Beginning: Sigma 9 of 10 (sigma = 4.500)
19-Jan-2022 11:14:35 ::: Completed: Sigma 9 of 10 (sigma = 4.500)
19-Jan-2022 11:14:35 ::: Beginning: Sigma 10 of 10 (sigma = 5.000)
19-Jan-2022 11:14:38 ::: Completed: Sigma 10 of 10 (sigma = 5.000)
19-Jan-2022 11:14:38 ::: Completed: Bandlimit 24 of 35 (banlimit = 48)
19-Jan-2022 11:14:38 ::: Beginning: Bandlimit 25 of 35 (banlimit = 50)
19-Jan-2022 11:14:38 ::: Beginning: Sigma 1 of 10 (sigma = 0.500)
19-Jan-2022 11:14:41 ::: Completed: Sigma 1 of 10 (sigma = 0.500)
19-Jan-2022 11:14:41 ::: Beginning: Sigma 2 of 10 (sigma = 1.000)
19-Jan-2022 11:14:44 ::: Completed: Sigma 2 of 10 (sigma = 1.000)
19-Jan-2022 11:14:44 ::: Beginning: Sigma 3 of 10 (sigma = 1.500)
19-Jan-2022 11:14:47 ::: Completed: Sigma 3 of 10 (sigma = 1.500)
19-Jan-2022 11:14:47 ::: Beginning: Sigma 4 of 10 (sigma = 2.000)
19-Jan-2022 11:14:50 ::: Completed: Sigma 4 of 10 (sigma = 2.000)
19-Jan-2022 11:14:50 ::: Beginning: Sigma 5 of 10 (sigma = 2.500)
19-Jan-2022 11:14:53 ::: Completed: Sigma 5 of 10 (sigma = 2.500)
19-Jan-2022 11:14:53 ::: Beginning: Sigma 6 of 10 (sigma = 3.000)
19-Jan-2022 11:14:56 ::: Completed: Sigma 6 of 10 (sigma = 3.000)
19-Jan-2022 11:14:56 ::: Beginning: Sigma 7 of 10 (sigma = 3.500)
19-Jan-2022 11:14:59 ::: Completed: Sigma 7 of 10 (sigma = 3.500)
19-Jan-2022 11:14:59 ::: Beginning: Sigma 8 of 10 (sigma = 4.000)
19-Jan-2022 11:15:02 ::: Completed: Sigma 8 of 10 (sigma = 4.000)
19-Jan-2022 11:15:02 ::: Beginning: Sigma 9 of 10 (sigma = 4.500)
19-Jan-2022 11:15:06 ::: Completed: Sigma 9 of 10 (sigma = 4.500)
19-Jan-2022 11:15:06 ::: Beginning: Sigma 10 of 10 (sigma = 5.000)
19-Jan-2022 11:15:10 ::: Completed: Sigma 10 of 10 (sigma = 5.000)
19-Jan-2022 11:15:10 ::: Completed: Bandlimit 25 of 35 (banlimit = 50)
19-Jan-2022 11:15:10 ::: Beginning: Bandlimit 26 of 35 (banlimit = 52)
19-Jan-2022 11:15:10 ::: Beginning: Sigma 1 of 10 (sigma = 0.500)
19-Jan-2022 11:15:14 ::: Completed: Sigma 1 of 10 (sigma = 0.500)
19-Jan-2022 11:15:14 ::: Beginning: Sigma 2 of 10 (sigma = 1.000)
19-Jan-2022 11:15:17 ::: Completed: Sigma 2 of 10 (sigma = 1.000)
19-Jan-2022 11:15:17 ::: Beginning: Sigma 3 of 10 (sigma = 1.500)
19-Jan-2022 11:15:20 ::: Completed: Sigma 3 of 10 (sigma = 1.500)
19-Jan-2022 11:15:20 ::: Beginning: Sigma 4 of 10 (sigma = 2.000)
19-Jan-2022 11:15:24 ::: Completed: Sigma 4 of 10 (sigma = 2.000)
19-Jan-2022 11:15:24 ::: Beginning: Sigma 5 of 10 (sigma = 2.500)
19-Jan-2022 11:15:28 ::: Completed: Sigma 5 of 10 (sigma = 2.500)
19-Jan-2022 11:15:28 ::: Beginning: Sigma 6 of 10 (sigma = 3.000)
19-Jan-2022 11:15:31 ::: Completed: Sigma 6 of 10 (sigma = 3.000)
19-Jan-2022 11:15:31 ::: Beginning: Sigma 7 of 10 (sigma = 3.500)
19-Jan-2022 11:15:35 ::: Completed: Sigma 7 of 10 (sigma = 3.500)
19-Jan-2022 11:15:35 ::: Beginning: Sigma 8 of 10 (sigma = 4.000)
19-Jan-2022 11:15:38 ::: Completed: Sigma 8 of 10 (sigma = 4.000)
19-Jan-2022 11:15:38 ::: Beginning: Sigma 9 of 10 (sigma = 4.500)
19-Jan-2022 11:15:43 ::: Completed: Sigma 9 of 10 (sigma = 4.500)
19-Jan-2022 11:15:43 ::: Beginning: Sigma 10 of 10 (sigma = 5.000)
19-Jan-2022 11:15:46 ::: Completed: Sigma 10 of 10 (sigma = 5.000)
19-Jan-2022 11:15:46 ::: Completed: Bandlimit 26 of 35 (banlimit = 52)
19-Jan-2022 11:15:46 ::: Beginning: Bandlimit 27 of 35 (banlimit = 54)
19-Jan-2022 11:15:46 ::: Beginning: Sigma 1 of 10 (sigma = 0.500)
19-Jan-2022 11:15:50 ::: Completed: Sigma 1 of 10 (sigma = 0.500)
19-Jan-2022 11:15:50 ::: Beginning: Sigma 2 of 10 (sigma = 1.000)
19-Jan-2022 11:15:54 ::: Completed: Sigma 2 of 10 (sigma = 1.000)
19-Jan-2022 11:15:54 ::: Beginning: Sigma 3 of 10 (sigma = 1.500)
19-Jan-2022 11:15:58 ::: Completed: Sigma 3 of 10 (sigma = 1.500)
19-Jan-2022 11:15:58 ::: Beginning: Sigma 4 of 10 (sigma = 2.000)
19-Jan-2022 11:16:02 ::: Completed: Sigma 4 of 10 (sigma = 2.000)
19-Jan-2022 11:16:02 ::: Beginning: Sigma 5 of 10 (sigma = 2.500)
19-Jan-2022 11:16:06 ::: Completed: Sigma 5 of 10 (sigma = 2.500)
19-Jan-2022 11:16:06 ::: Beginning: Sigma 6 of 10 (sigma = 3.000)
19-Jan-2022 11:16:10 ::: Completed: Sigma 6 of 10 (sigma = 3.000)
19-Jan-2022 11:16:10 ::: Beginning: Sigma 7 of 10 (sigma = 3.500)
19-Jan-2022 11:16:13 ::: Completed: Sigma 7 of 10 (sigma = 3.500)
19-Jan-2022 11:16:13 ::: Beginning: Sigma 8 of 10 (sigma = 4.000)
19-Jan-2022 11:16:18 ::: Completed: Sigma 8 of 10 (sigma = 4.000)
19-Jan-2022 11:16:18 ::: Beginning: Sigma 9 of 10 (sigma = 4.500)
19-Jan-2022 11:16:22 ::: Completed: Sigma 9 of 10 (sigma = 4.500)
19-Jan-2022 11:16:22 ::: Beginning: Sigma 10 of 10 (sigma = 5.000)
19-Jan-2022 11:16:26 ::: Completed: Sigma 10 of 10 (sigma = 5.000)
19-Jan-2022 11:16:26 ::: Completed: Bandlimit 27 of 35 (banlimit = 54)
19-Jan-2022 11:16:26 ::: Beginning: Bandlimit 28 of 35 (banlimit = 56)
19-Jan-2022 11:16:26 ::: Beginning: Sigma 1 of 10 (sigma = 0.500)
19-Jan-2022 11:16:31 ::: Completed: Sigma 1 of 10 (sigma = 0.500)
19-Jan-2022 11:16:31 ::: Beginning: Sigma 2 of 10 (sigma = 1.000)
19-Jan-2022 11:16:35 ::: Completed: Sigma 2 of 10 (sigma = 1.000)
19-Jan-2022 11:16:35 ::: Beginning: Sigma 3 of 10 (sigma = 1.500)
19-Jan-2022 11:16:40 ::: Completed: Sigma 3 of 10 (sigma = 1.500)
19-Jan-2022 11:16:40 ::: Beginning: Sigma 4 of 10 (sigma = 2.000)
19-Jan-2022 11:16:44 ::: Completed: Sigma 4 of 10 (sigma = 2.000)
19-Jan-2022 11:16:44 ::: Beginning: Sigma 5 of 10 (sigma = 2.500)
19-Jan-2022 11:16:49 ::: Completed: Sigma 5 of 10 (sigma = 2.500)
19-Jan-2022 11:16:49 ::: Beginning: Sigma 6 of 10 (sigma = 3.000)
19-Jan-2022 11:16:53 ::: Completed: Sigma 6 of 10 (sigma = 3.000)
19-Jan-2022 11:16:53 ::: Beginning: Sigma 7 of 10 (sigma = 3.500)
19-Jan-2022 11:16:57 ::: Completed: Sigma 7 of 10 (sigma = 3.500)
19-Jan-2022 11:16:57 ::: Beginning: Sigma 8 of 10 (sigma = 4.000)
19-Jan-2022 11:17:02 ::: Completed: Sigma 8 of 10 (sigma = 4.000)
19-Jan-2022 11:17:02 ::: Beginning: Sigma 9 of 10 (sigma = 4.500)
19-Jan-2022 11:17:06 ::: Completed: Sigma 9 of 10 (sigma = 4.500)
19-Jan-2022 11:17:06 ::: Beginning: Sigma 10 of 10 (sigma = 5.000)
19-Jan-2022 11:17:11 ::: Completed: Sigma 10 of 10 (sigma = 5.000)
19-Jan-2022 11:17:11 ::: Completed: Bandlimit 28 of 35 (banlimit = 56)
19-Jan-2022 11:17:11 ::: Beginning: Bandlimit 29 of 35 (banlimit = 58)
19-Jan-2022 11:17:11 ::: Beginning: Sigma 1 of 10 (sigma = 0.500)
19-Jan-2022 11:17:16 ::: Completed: Sigma 1 of 10 (sigma = 0.500)
19-Jan-2022 11:17:16 ::: Beginning: Sigma 2 of 10 (sigma = 1.000)
19-Jan-2022 11:17:20 ::: Completed: Sigma 2 of 10 (sigma = 1.000)
19-Jan-2022 11:17:20 ::: Beginning: Sigma 3 of 10 (sigma = 1.500)
19-Jan-2022 11:17:25 ::: Completed: Sigma 3 of 10 (sigma = 1.500)
19-Jan-2022 11:17:25 ::: Beginning: Sigma 4 of 10 (sigma = 2.000)
19-Jan-2022 11:17:31 ::: Completed: Sigma 4 of 10 (sigma = 2.000)
19-Jan-2022 11:17:31 ::: Beginning: Sigma 5 of 10 (sigma = 2.500)
19-Jan-2022 11:17:35 ::: Completed: Sigma 5 of 10 (sigma = 2.500)
19-Jan-2022 11:17:35 ::: Beginning: Sigma 6 of 10 (sigma = 3.000)
19-Jan-2022 11:17:40 ::: Completed: Sigma 6 of 10 (sigma = 3.000)
19-Jan-2022 11:17:40 ::: Beginning: Sigma 7 of 10 (sigma = 3.500)
19-Jan-2022 11:17:45 ::: Completed: Sigma 7 of 10 (sigma = 3.500)
19-Jan-2022 11:17:45 ::: Beginning: Sigma 8 of 10 (sigma = 4.000)
19-Jan-2022 11:17:50 ::: Completed: Sigma 8 of 10 (sigma = 4.000)
19-Jan-2022 11:17:50 ::: Beginning: Sigma 9 of 10 (sigma = 4.500)
19-Jan-2022 11:17:54 ::: Completed: Sigma 9 of 10 (sigma = 4.500)
19-Jan-2022 11:17:54 ::: Beginning: Sigma 10 of 10 (sigma = 5.000)
19-Jan-2022 11:18:00 ::: Completed: Sigma 10 of 10 (sigma = 5.000)
19-Jan-2022 11:18:00 ::: Completed: Bandlimit 29 of 35 (banlimit = 58)
19-Jan-2022 11:18:00 ::: Beginning: Bandlimit 30 of 35 (banlimit = 60)
19-Jan-2022 11:18:00 ::: Beginning: Sigma 1 of 10 (sigma = 0.500)
19-Jan-2022 11:18:06 ::: Completed: Sigma 1 of 10 (sigma = 0.500)
19-Jan-2022 11:18:06 ::: Beginning: Sigma 2 of 10 (sigma = 1.000)
19-Jan-2022 11:18:11 ::: Completed: Sigma 2 of 10 (sigma = 1.000)
19-Jan-2022 11:18:11 ::: Beginning: Sigma 3 of 10 (sigma = 1.500)
19-Jan-2022 11:18:17 ::: Completed: Sigma 3 of 10 (sigma = 1.500)
19-Jan-2022 11:18:17 ::: Beginning: Sigma 4 of 10 (sigma = 2.000)
19-Jan-2022 11:18:22 ::: Completed: Sigma 4 of 10 (sigma = 2.000)
19-Jan-2022 11:18:22 ::: Beginning: Sigma 5 of 10 (sigma = 2.500)
19-Jan-2022 11:18:28 ::: Completed: Sigma 5 of 10 (sigma = 2.500)
19-Jan-2022 11:18:28 ::: Beginning: Sigma 6 of 10 (sigma = 3.000)
19-Jan-2022 11:18:35 ::: Completed: Sigma 6 of 10 (sigma = 3.000)
19-Jan-2022 11:18:35 ::: Beginning: Sigma 7 of 10 (sigma = 3.500)
19-Jan-2022 11:18:41 ::: Completed: Sigma 7 of 10 (sigma = 3.500)
19-Jan-2022 11:18:41 ::: Beginning: Sigma 8 of 10 (sigma = 4.000)
19-Jan-2022 11:18:46 ::: Completed: Sigma 8 of 10 (sigma = 4.000)
19-Jan-2022 11:18:46 ::: Beginning: Sigma 9 of 10 (sigma = 4.500)
19-Jan-2022 11:18:52 ::: Completed: Sigma 9 of 10 (sigma = 4.500)
19-Jan-2022 11:18:52 ::: Beginning: Sigma 10 of 10 (sigma = 5.000)
19-Jan-2022 11:18:58 ::: Completed: Sigma 10 of 10 (sigma = 5.000)
19-Jan-2022 11:18:58 ::: Completed: Bandlimit 30 of 35 (banlimit = 60)
19-Jan-2022 11:18:58 ::: Beginning: Bandlimit 31 of 35 (banlimit = 62)
19-Jan-2022 11:18:58 ::: Beginning: Sigma 1 of 10 (sigma = 0.500)
19-Jan-2022 11:19:06 ::: Completed: Sigma 1 of 10 (sigma = 0.500)
19-Jan-2022 11:19:06 ::: Beginning: Sigma 2 of 10 (sigma = 1.000)
19-Jan-2022 11:19:12 ::: Completed: Sigma 2 of 10 (sigma = 1.000)
19-Jan-2022 11:19:12 ::: Beginning: Sigma 3 of 10 (sigma = 1.500)
19-Jan-2022 11:19:18 ::: Completed: Sigma 3 of 10 (sigma = 1.500)
19-Jan-2022 11:19:18 ::: Beginning: Sigma 4 of 10 (sigma = 2.000)
19-Jan-2022 11:19:24 ::: Completed: Sigma 4 of 10 (sigma = 2.000)
19-Jan-2022 11:19:24 ::: Beginning: Sigma 5 of 10 (sigma = 2.500)
19-Jan-2022 11:19:30 ::: Completed: Sigma 5 of 10 (sigma = 2.500)
19-Jan-2022 11:19:30 ::: Beginning: Sigma 6 of 10 (sigma = 3.000)
19-Jan-2022 11:19:37 ::: Completed: Sigma 6 of 10 (sigma = 3.000)
19-Jan-2022 11:19:37 ::: Beginning: Sigma 7 of 10 (sigma = 3.500)
19-Jan-2022 11:19:44 ::: Completed: Sigma 7 of 10 (sigma = 3.500)
19-Jan-2022 11:19:44 ::: Beginning: Sigma 8 of 10 (sigma = 4.000)
19-Jan-2022 11:19:50 ::: Completed: Sigma 8 of 10 (sigma = 4.000)
19-Jan-2022 11:19:50 ::: Beginning: Sigma 9 of 10 (sigma = 4.500)
19-Jan-2022 11:19:57 ::: Completed: Sigma 9 of 10 (sigma = 4.500)
19-Jan-2022 11:19:57 ::: Beginning: Sigma 10 of 10 (sigma = 5.000)
19-Jan-2022 11:20:03 ::: Completed: Sigma 10 of 10 (sigma = 5.000)
19-Jan-2022 11:20:03 ::: Completed: Bandlimit 31 of 35 (banlimit = 62)
19-Jan-2022 11:20:03 ::: Beginning: Bandlimit 32 of 35 (banlimit = 64)
19-Jan-2022 11:20:03 ::: Beginning: Sigma 1 of 10 (sigma = 0.500)
19-Jan-2022 11:20:11 ::: Completed: Sigma 1 of 10 (sigma = 0.500)
19-Jan-2022 11:20:11 ::: Beginning: Sigma 2 of 10 (sigma = 1.000)
19-Jan-2022 11:20:19 ::: Completed: Sigma 2 of 10 (sigma = 1.000)
19-Jan-2022 11:20:19 ::: Beginning: Sigma 3 of 10 (sigma = 1.500)
19-Jan-2022 11:20:27 ::: Completed: Sigma 3 of 10 (sigma = 1.500)
19-Jan-2022 11:20:27 ::: Beginning: Sigma 4 of 10 (sigma = 2.000)
19-Jan-2022 11:20:35 ::: Completed: Sigma 4 of 10 (sigma = 2.000)
19-Jan-2022 11:20:35 ::: Beginning: Sigma 5 of 10 (sigma = 2.500)
19-Jan-2022 11:20:43 ::: Completed: Sigma 5 of 10 (sigma = 2.500)
19-Jan-2022 11:20:43 ::: Beginning: Sigma 6 of 10 (sigma = 3.000)
19-Jan-2022 11:20:52 ::: Completed: Sigma 6 of 10 (sigma = 3.000)
19-Jan-2022 11:20:52 ::: Beginning: Sigma 7 of 10 (sigma = 3.500)
19-Jan-2022 11:20:59 ::: Completed: Sigma 7 of 10 (sigma = 3.500)
19-Jan-2022 11:20:59 ::: Beginning: Sigma 8 of 10 (sigma = 4.000)
19-Jan-2022 11:21:06 ::: Completed: Sigma 8 of 10 (sigma = 4.000)
19-Jan-2022 11:21:06 ::: Beginning: Sigma 9 of 10 (sigma = 4.500)
19-Jan-2022 11:21:14 ::: Completed: Sigma 9 of 10 (sigma = 4.500)
19-Jan-2022 11:21:14 ::: Beginning: Sigma 10 of 10 (sigma = 5.000)
19-Jan-2022 11:21:23 ::: Completed: Sigma 10 of 10 (sigma = 5.000)
19-Jan-2022 11:21:23 ::: Completed: Bandlimit 32 of 35 (banlimit = 64)
19-Jan-2022 11:21:23 ::: Beginning: Bandlimit 33 of 35 (banlimit = 66)
19-Jan-2022 11:21:23 ::: Beginning: Sigma 1 of 10 (sigma = 0.500)
19-Jan-2022 11:21:31 ::: Completed: Sigma 1 of 10 (sigma = 0.500)
19-Jan-2022 11:21:31 ::: Beginning: Sigma 2 of 10 (sigma = 1.000)
19-Jan-2022 11:21:39 ::: Completed: Sigma 2 of 10 (sigma = 1.000)
19-Jan-2022 11:21:39 ::: Beginning: Sigma 3 of 10 (sigma = 1.500)
19-Jan-2022 11:21:48 ::: Completed: Sigma 3 of 10 (sigma = 1.500)
19-Jan-2022 11:21:48 ::: Beginning: Sigma 4 of 10 (sigma = 2.000)
19-Jan-2022 11:21:57 ::: Completed: Sigma 4 of 10 (sigma = 2.000)
19-Jan-2022 11:21:57 ::: Beginning: Sigma 5 of 10 (sigma = 2.500)
19-Jan-2022 11:22:05 ::: Completed: Sigma 5 of 10 (sigma = 2.500)
19-Jan-2022 11:22:05 ::: Beginning: Sigma 6 of 10 (sigma = 3.000)
19-Jan-2022 11:22:14 ::: Completed: Sigma 6 of 10 (sigma = 3.000)
19-Jan-2022 11:22:14 ::: Beginning: Sigma 7 of 10 (sigma = 3.500)
19-Jan-2022 11:22:22 ::: Completed: Sigma 7 of 10 (sigma = 3.500)
19-Jan-2022 11:22:22 ::: Beginning: Sigma 8 of 10 (sigma = 4.000)
19-Jan-2022 11:22:31 ::: Completed: Sigma 8 of 10 (sigma = 4.000)
19-Jan-2022 11:22:31 ::: Beginning: Sigma 9 of 10 (sigma = 4.500)
19-Jan-2022 11:22:40 ::: Completed: Sigma 9 of 10 (sigma = 4.500)
19-Jan-2022 11:22:40 ::: Beginning: Sigma 10 of 10 (sigma = 5.000)
19-Jan-2022 11:22:48 ::: Completed: Sigma 10 of 10 (sigma = 5.000)
19-Jan-2022 11:22:48 ::: Completed: Bandlimit 33 of 35 (banlimit = 66)
19-Jan-2022 11:22:48 ::: Beginning: Bandlimit 34 of 35 (banlimit = 68)
19-Jan-2022 11:22:48 ::: Beginning: Sigma 1 of 10 (sigma = 0.500)
19-Jan-2022 11:22:57 ::: Completed: Sigma 1 of 10 (sigma = 0.500)
19-Jan-2022 11:22:57 ::: Beginning: Sigma 2 of 10 (sigma = 1.000)
19-Jan-2022 11:23:07 ::: Completed: Sigma 2 of 10 (sigma = 1.000)
19-Jan-2022 11:23:07 ::: Beginning: Sigma 3 of 10 (sigma = 1.500)
19-Jan-2022 11:23:16 ::: Completed: Sigma 3 of 10 (sigma = 1.500)
19-Jan-2022 11:23:16 ::: Beginning: Sigma 4 of 10 (sigma = 2.000)
19-Jan-2022 11:23:25 ::: Completed: Sigma 4 of 10 (sigma = 2.000)
19-Jan-2022 11:23:25 ::: Beginning: Sigma 5 of 10 (sigma = 2.500)
19-Jan-2022 11:23:36 ::: Completed: Sigma 5 of 10 (sigma = 2.500)
19-Jan-2022 11:23:36 ::: Beginning: Sigma 6 of 10 (sigma = 3.000)
19-Jan-2022 11:23:45 ::: Completed: Sigma 6 of 10 (sigma = 3.000)
19-Jan-2022 11:23:45 ::: Beginning: Sigma 7 of 10 (sigma = 3.500)
19-Jan-2022 11:23:54 ::: Completed: Sigma 7 of 10 (sigma = 3.500)
19-Jan-2022 11:23:54 ::: Beginning: Sigma 8 of 10 (sigma = 4.000)
19-Jan-2022 11:24:05 ::: Completed: Sigma 8 of 10 (sigma = 4.000)
19-Jan-2022 11:24:05 ::: Beginning: Sigma 9 of 10 (sigma = 4.500)
19-Jan-2022 11:24:14 ::: Completed: Sigma 9 of 10 (sigma = 4.500)
19-Jan-2022 11:24:14 ::: Beginning: Sigma 10 of 10 (sigma = 5.000)
19-Jan-2022 11:24:23 ::: Completed: Sigma 10 of 10 (sigma = 5.000)
19-Jan-2022 11:24:23 ::: Completed: Bandlimit 34 of 35 (banlimit = 68)
19-Jan-2022 11:24:23 ::: Beginning: Bandlimit 35 of 35 (banlimit = 70)
19-Jan-2022 11:24:23 ::: Beginning: Sigma 1 of 10 (sigma = 0.500)
19-Jan-2022 11:24:34 ::: Completed: Sigma 1 of 10 (sigma = 0.500)
19-Jan-2022 11:24:34 ::: Beginning: Sigma 2 of 10 (sigma = 1.000)
19-Jan-2022 11:24:46 ::: Completed: Sigma 2 of 10 (sigma = 1.000)
19-Jan-2022 11:24:46 ::: Beginning: Sigma 3 of 10 (sigma = 1.500)
19-Jan-2022 11:24:57 ::: Completed: Sigma 3 of 10 (sigma = 1.500)
19-Jan-2022 11:24:57 ::: Beginning: Sigma 4 of 10 (sigma = 2.000)
19-Jan-2022 11:25:08 ::: Completed: Sigma 4 of 10 (sigma = 2.000)
19-Jan-2022 11:25:08 ::: Beginning: Sigma 5 of 10 (sigma = 2.500)
19-Jan-2022 11:25:20 ::: Completed: Sigma 5 of 10 (sigma = 2.500)
19-Jan-2022 11:25:20 ::: Beginning: Sigma 6 of 10 (sigma = 3.000)
19-Jan-2022 11:25:31 ::: Completed: Sigma 6 of 10 (sigma = 3.000)
19-Jan-2022 11:25:31 ::: Beginning: Sigma 7 of 10 (sigma = 3.500)
19-Jan-2022 11:25:42 ::: Completed: Sigma 7 of 10 (sigma = 3.500)
19-Jan-2022 11:25:42 ::: Beginning: Sigma 8 of 10 (sigma = 4.000)
19-Jan-2022 11:25:53 ::: Completed: Sigma 8 of 10 (sigma = 4.000)
19-Jan-2022 11:25:53 ::: Beginning: Sigma 9 of 10 (sigma = 4.500)
19-Jan-2022 11:26:04 ::: Completed: Sigma 9 of 10 (sigma = 4.500)
19-Jan-2022 11:26:04 ::: Beginning: Sigma 10 of 10 (sigma = 5.000)
19-Jan-2022 11:26:16 ::: Completed: Sigma 10 of 10 (sigma = 5.000)
19-Jan-2022 11:26:16 ::: Completed: Bandlimit 35 of 35 (banlimit = 70)
19-Jan-2022 11:26:16 ::: Completed: Running test
19-Jan-2022 11:26:16 ::: Beginning: Calculating the mean over all images
19-Jan-2022 11:26:16 ::: Completed: Calculating the mean over all images
