19-Jan-2022 08:51:31 ::: Beginning: Load saved parameters and images
19-Jan-2022 08:51:31 ::: Completed: Load saved parameters and images
19-Jan-2022 08:51:31 ::: Beginning: Running test
19-Jan-2022 08:51:31 ::: Beginning: Bandlimit 1 of 35 (banlimit = 2)
19-Jan-2022 08:51:31 ::: Beginning: Sigma 1 of 10 (sigma = 0.500)
19-Jan-2022 08:51:33 ::: Completed: Sigma 1 of 10 (sigma = 0.500)
19-Jan-2022 08:51:33 ::: Beginning: Sigma 2 of 10 (sigma = 1.000)
19-Jan-2022 08:51:33 ::: Completed: Sigma 2 of 10 (sigma = 1.000)
19-Jan-2022 08:51:33 ::: Beginning: Sigma 3 of 10 (sigma = 1.500)
19-Jan-2022 08:51:33 ::: Completed: Sigma 3 of 10 (sigma = 1.500)
19-Jan-2022 08:51:33 ::: Beginning: Sigma 4 of 10 (sigma = 2.000)
19-Jan-2022 08:51:33 ::: Completed: Sigma 4 of 10 (sigma = 2.000)
19-Jan-2022 08:51:33 ::: Beginning: Sigma 5 of 10 (sigma = 2.500)
19-Jan-2022 08:51:33 ::: Completed: Sigma 5 of 10 (sigma = 2.500)
19-Jan-2022 08:51:33 ::: Beginning: Sigma 6 of 10 (sigma = 3.000)
19-Jan-2022 08:51:34 ::: Completed: Sigma 6 of 10 (sigma = 3.000)
19-Jan-2022 08:51:34 ::: Beginning: Sigma 7 of 10 (sigma = 3.500)
19-Jan-2022 08:51:34 ::: Completed: Sigma 7 of 10 (sigma = 3.500)
19-Jan-2022 08:51:34 ::: Beginning: Sigma 8 of 10 (sigma = 4.000)
19-Jan-2022 08:51:34 ::: Completed: Sigma 8 of 10 (sigma = 4.000)
19-Jan-2022 08:51:34 ::: Beginning: Sigma 9 of 10 (sigma = 4.500)
19-Jan-2022 08:51:34 ::: Completed: Sigma 9 of 10 (sigma = 4.500)
19-Jan-2022 08:51:34 ::: Beginning: Sigma 10 of 10 (sigma = 5.000)
19-Jan-2022 08:51:34 ::: Completed: Sigma 10 of 10 (sigma = 5.000)
19-Jan-2022 08:51:34 ::: Completed: Bandlimit 1 of 35 (banlimit = 2)
19-Jan-2022 08:51:34 ::: Beginning: Bandlimit 2 of 35 (banlimit = 4)
19-Jan-2022 08:51:34 ::: Beginning: Sigma 1 of 10 (sigma = 0.500)
19-Jan-2022 08:51:34 ::: Completed: Sigma 1 of 10 (sigma = 0.500)
19-Jan-2022 08:51:34 ::: Beginning: Sigma 2 of 10 (sigma = 1.000)
19-Jan-2022 08:51:35 ::: Completed: Sigma 2 of 10 (sigma = 1.000)
19-Jan-2022 08:51:35 ::: Beginning: Sigma 3 of 10 (sigma = 1.500)
19-Jan-2022 08:51:35 ::: Completed: Sigma 3 of 10 (sigma = 1.500)
19-Jan-2022 08:51:35 ::: Beginning: Sigma 4 of 10 (sigma = 2.000)
19-Jan-2022 08:51:35 ::: Completed: Sigma 4 of 10 (sigma = 2.000)
19-Jan-2022 08:51:35 ::: Beginning: Sigma 5 of 10 (sigma = 2.500)
19-Jan-2022 08:51:35 ::: Completed: Sigma 5 of 10 (sigma = 2.500)
19-Jan-2022 08:51:35 ::: Beginning: Sigma 6 of 10 (sigma = 3.000)
19-Jan-2022 08:51:35 ::: Completed: Sigma 6 of 10 (sigma = 3.000)
19-Jan-2022 08:51:35 ::: Beginning: Sigma 7 of 10 (sigma = 3.500)
19-Jan-2022 08:51:36 ::: Completed: Sigma 7 of 10 (sigma = 3.500)
19-Jan-2022 08:51:36 ::: Beginning: Sigma 8 of 10 (sigma = 4.000)
19-Jan-2022 08:51:36 ::: Completed: Sigma 8 of 10 (sigma = 4.000)
19-Jan-2022 08:51:36 ::: Beginning: Sigma 9 of 10 (sigma = 4.500)
19-Jan-2022 08:51:36 ::: Completed: Sigma 9 of 10 (sigma = 4.500)
19-Jan-2022 08:51:36 ::: Beginning: Sigma 10 of 10 (sigma = 5.000)
19-Jan-2022 08:51:36 ::: Completed: Sigma 10 of 10 (sigma = 5.000)
19-Jan-2022 08:51:36 ::: Completed: Bandlimit 2 of 35 (banlimit = 4)
19-Jan-2022 08:51:36 ::: Beginning: Bandlimit 3 of 35 (banlimit = 6)
19-Jan-2022 08:51:36 ::: Beginning: Sigma 1 of 10 (sigma = 0.500)
19-Jan-2022 08:51:36 ::: Completed: Sigma 1 of 10 (sigma = 0.500)
19-Jan-2022 08:51:36 ::: Beginning: Sigma 2 of 10 (sigma = 1.000)
19-Jan-2022 08:51:37 ::: Completed: Sigma 2 of 10 (sigma = 1.000)
19-Jan-2022 08:51:37 ::: Beginning: Sigma 3 of 10 (sigma = 1.500)
19-Jan-2022 08:51:37 ::: Completed: Sigma 3 of 10 (sigma = 1.500)
19-Jan-2022 08:51:37 ::: Beginning: Sigma 4 of 10 (sigma = 2.000)
19-Jan-2022 08:51:37 ::: Completed: Sigma 4 of 10 (sigma = 2.000)
19-Jan-2022 08:51:37 ::: Beginning: Sigma 5 of 10 (sigma = 2.500)
19-Jan-2022 08:51:37 ::: Completed: Sigma 5 of 10 (sigma = 2.500)
19-Jan-2022 08:51:37 ::: Beginning: Sigma 6 of 10 (sigma = 3.000)
19-Jan-2022 08:51:38 ::: Completed: Sigma 6 of 10 (sigma = 3.000)
19-Jan-2022 08:51:38 ::: Beginning: Sigma 7 of 10 (sigma = 3.500)
19-Jan-2022 08:51:38 ::: Completed: Sigma 7 of 10 (sigma = 3.500)
19-Jan-2022 08:51:38 ::: Beginning: Sigma 8 of 10 (sigma = 4.000)
19-Jan-2022 08:51:38 ::: Completed: Sigma 8 of 10 (sigma = 4.000)
19-Jan-2022 08:51:38 ::: Beginning: Sigma 9 of 10 (sigma = 4.500)
19-Jan-2022 08:51:38 ::: Completed: Sigma 9 of 10 (sigma = 4.500)
19-Jan-2022 08:51:38 ::: Beginning: Sigma 10 of 10 (sigma = 5.000)
19-Jan-2022 08:51:39 ::: Completed: Sigma 10 of 10 (sigma = 5.000)
19-Jan-2022 08:51:39 ::: Completed: Bandlimit 3 of 35 (banlimit = 6)
19-Jan-2022 08:51:39 ::: Beginning: Bandlimit 4 of 35 (banlimit = 8)
19-Jan-2022 08:51:39 ::: Beginning: Sigma 1 of 10 (sigma = 0.500)
19-Jan-2022 08:51:39 ::: Completed: Sigma 1 of 10 (sigma = 0.500)
19-Jan-2022 08:51:39 ::: Beginning: Sigma 2 of 10 (sigma = 1.000)
19-Jan-2022 08:51:39 ::: Completed: Sigma 2 of 10 (sigma = 1.000)
19-Jan-2022 08:51:39 ::: Beginning: Sigma 3 of 10 (sigma = 1.500)
19-Jan-2022 08:51:40 ::: Completed: Sigma 3 of 10 (sigma = 1.500)
19-Jan-2022 08:51:40 ::: Beginning: Sigma 4 of 10 (sigma = 2.000)
19-Jan-2022 08:51:40 ::: Completed: Sigma 4 of 10 (sigma = 2.000)
19-Jan-2022 08:51:40 ::: Beginning: Sigma 5 of 10 (sigma = 2.500)
19-Jan-2022 08:51:40 ::: Completed: Sigma 5 of 10 (sigma = 2.500)
19-Jan-2022 08:51:40 ::: Beginning: Sigma 6 of 10 (sigma = 3.000)
19-Jan-2022 08:51:41 ::: Completed: Sigma 6 of 10 (sigma = 3.000)
19-Jan-2022 08:51:41 ::: Beginning: Sigma 7 of 10 (sigma = 3.500)
19-Jan-2022 08:51:41 ::: Completed: Sigma 7 of 10 (sigma = 3.500)
19-Jan-2022 08:51:41 ::: Beginning: Sigma 8 of 10 (sigma = 4.000)
19-Jan-2022 08:51:41 ::: Completed: Sigma 8 of 10 (sigma = 4.000)
19-Jan-2022 08:51:41 ::: Beginning: Sigma 9 of 10 (sigma = 4.500)
19-Jan-2022 08:51:42 ::: Completed: Sigma 9 of 10 (sigma = 4.500)
19-Jan-2022 08:51:42 ::: Beginning: Sigma 10 of 10 (sigma = 5.000)
19-Jan-2022 08:51:42 ::: Completed: Sigma 10 of 10 (sigma = 5.000)
19-Jan-2022 08:51:42 ::: Completed: Bandlimit 4 of 35 (banlimit = 8)
19-Jan-2022 08:51:42 ::: Beginning: Bandlimit 5 of 35 (banlimit = 10)
19-Jan-2022 08:51:42 ::: Beginning: Sigma 1 of 10 (sigma = 0.500)
19-Jan-2022 08:51:43 ::: Completed: Sigma 1 of 10 (sigma = 0.500)
19-Jan-2022 08:51:43 ::: Beginning: Sigma 2 of 10 (sigma = 1.000)
19-Jan-2022 08:51:43 ::: Completed: Sigma 2 of 10 (sigma = 1.000)
19-Jan-2022 08:51:43 ::: Beginning: Sigma 3 of 10 (sigma = 1.500)
19-Jan-2022 08:51:44 ::: Completed: Sigma 3 of 10 (sigma = 1.500)
19-Jan-2022 08:51:44 ::: Beginning: Sigma 4 of 10 (sigma = 2.000)
19-Jan-2022 08:51:44 ::: Completed: Sigma 4 of 10 (sigma = 2.000)
19-Jan-2022 08:51:44 ::: Beginning: Sigma 5 of 10 (sigma = 2.500)
19-Jan-2022 08:51:44 ::: Completed: Sigma 5 of 10 (sigma = 2.500)
19-Jan-2022 08:51:44 ::: Beginning: Sigma 6 of 10 (sigma = 3.000)
19-Jan-2022 08:51:45 ::: Completed: Sigma 6 of 10 (sigma = 3.000)
19-Jan-2022 08:51:45 ::: Beginning: Sigma 7 of 10 (sigma = 3.500)
19-Jan-2022 08:51:45 ::: Completed: Sigma 7 of 10 (sigma = 3.500)
19-Jan-2022 08:51:45 ::: Beginning: Sigma 8 of 10 (sigma = 4.000)
19-Jan-2022 08:51:46 ::: Completed: Sigma 8 of 10 (sigma = 4.000)
19-Jan-2022 08:51:46 ::: Beginning: Sigma 9 of 10 (sigma = 4.500)
19-Jan-2022 08:51:46 ::: Completed: Sigma 9 of 10 (sigma = 4.500)
19-Jan-2022 08:51:46 ::: Beginning: Sigma 10 of 10 (sigma = 5.000)
19-Jan-2022 08:51:47 ::: Completed: Sigma 10 of 10 (sigma = 5.000)
19-Jan-2022 08:51:47 ::: Completed: Bandlimit 5 of 35 (banlimit = 10)
19-Jan-2022 08:51:47 ::: Beginning: Bandlimit 6 of 35 (banlimit = 12)
19-Jan-2022 08:51:47 ::: Beginning: Sigma 1 of 10 (sigma = 0.500)
19-Jan-2022 08:51:47 ::: Completed: Sigma 1 of 10 (sigma = 0.500)
19-Jan-2022 08:51:47 ::: Beginning: Sigma 2 of 10 (sigma = 1.000)
19-Jan-2022 08:51:48 ::: Completed: Sigma 2 of 10 (sigma = 1.000)
19-Jan-2022 08:51:48 ::: Beginning: Sigma 3 of 10 (sigma = 1.500)
19-Jan-2022 08:51:49 ::: Completed: Sigma 3 of 10 (sigma = 1.500)
19-Jan-2022 08:51:49 ::: Beginning: Sigma 4 of 10 (sigma = 2.000)
19-Jan-2022 08:51:49 ::: Completed: Sigma 4 of 10 (sigma = 2.000)
19-Jan-2022 08:51:49 ::: Beginning: Sigma 5 of 10 (sigma = 2.500)
19-Jan-2022 08:51:50 ::: Completed: Sigma 5 of 10 (sigma = 2.500)
19-Jan-2022 08:51:50 ::: Beginning: Sigma 6 of 10 (sigma = 3.000)
19-Jan-2022 08:51:51 ::: Completed: Sigma 6 of 10 (sigma = 3.000)
19-Jan-2022 08:51:51 ::: Beginning: Sigma 7 of 10 (sigma = 3.500)
19-Jan-2022 08:51:51 ::: Completed: Sigma 7 of 10 (sigma = 3.500)
19-Jan-2022 08:51:51 ::: Beginning: Sigma 8 of 10 (sigma = 4.000)
19-Jan-2022 08:51:52 ::: Completed: Sigma 8 of 10 (sigma = 4.000)
19-Jan-2022 08:51:52 ::: Beginning: Sigma 9 of 10 (sigma = 4.500)
19-Jan-2022 08:51:52 ::: Completed: Sigma 9 of 10 (sigma = 4.500)
19-Jan-2022 08:51:52 ::: Beginning: Sigma 10 of 10 (sigma = 5.000)
19-Jan-2022 08:51:53 ::: Completed: Sigma 10 of 10 (sigma = 5.000)
19-Jan-2022 08:51:53 ::: Completed: Bandlimit 6 of 35 (banlimit = 12)
19-Jan-2022 08:51:53 ::: Beginning: Bandlimit 7 of 35 (banlimit = 14)
19-Jan-2022 08:51:53 ::: Beginning: Sigma 1 of 10 (sigma = 0.500)
19-Jan-2022 08:51:54 ::: Completed: Sigma 1 of 10 (sigma = 0.500)
19-Jan-2022 08:51:54 ::: Beginning: Sigma 2 of 10 (sigma = 1.000)
19-Jan-2022 08:51:55 ::: Completed: Sigma 2 of 10 (sigma = 1.000)
19-Jan-2022 08:51:55 ::: Beginning: Sigma 3 of 10 (sigma = 1.500)
19-Jan-2022 08:51:56 ::: Completed: Sigma 3 of 10 (sigma = 1.500)
19-Jan-2022 08:51:56 ::: Beginning: Sigma 4 of 10 (sigma = 2.000)
19-Jan-2022 08:51:57 ::: Completed: Sigma 4 of 10 (sigma = 2.000)
19-Jan-2022 08:51:57 ::: Beginning: Sigma 5 of 10 (sigma = 2.500)
19-Jan-2022 08:51:57 ::: Completed: Sigma 5 of 10 (sigma = 2.500)
19-Jan-2022 08:51:57 ::: Beginning: Sigma 6 of 10 (sigma = 3.000)
19-Jan-2022 08:51:58 ::: Completed: Sigma 6 of 10 (sigma = 3.000)
19-Jan-2022 08:51:58 ::: Beginning: Sigma 7 of 10 (sigma = 3.500)
19-Jan-2022 08:51:59 ::: Completed: Sigma 7 of 10 (sigma = 3.500)
19-Jan-2022 08:51:59 ::: Beginning: Sigma 8 of 10 (sigma = 4.000)
19-Jan-2022 08:52:00 ::: Completed: Sigma 8 of 10 (sigma = 4.000)
19-Jan-2022 08:52:00 ::: Beginning: Sigma 9 of 10 (sigma = 4.500)
19-Jan-2022 08:52:01 ::: Completed: Sigma 9 of 10 (sigma = 4.500)
19-Jan-2022 08:52:01 ::: Beginning: Sigma 10 of 10 (sigma = 5.000)
19-Jan-2022 08:52:02 ::: Completed: Sigma 10 of 10 (sigma = 5.000)
19-Jan-2022 08:52:02 ::: Completed: Bandlimit 7 of 35 (banlimit = 14)
19-Jan-2022 08:52:02 ::: Beginning: Bandlimit 8 of 35 (banlimit = 16)
19-Jan-2022 08:52:02 ::: Beginning: Sigma 1 of 10 (sigma = 0.500)
19-Jan-2022 08:52:03 ::: Completed: Sigma 1 of 10 (sigma = 0.500)
19-Jan-2022 08:52:03 ::: Beginning: Sigma 2 of 10 (sigma = 1.000)
19-Jan-2022 08:52:05 ::: Completed: Sigma 2 of 10 (sigma = 1.000)
19-Jan-2022 08:52:05 ::: Beginning: Sigma 3 of 10 (sigma = 1.500)
19-Jan-2022 08:52:06 ::: Completed: Sigma 3 of 10 (sigma = 1.500)
19-Jan-2022 08:52:06 ::: Beginning: Sigma 4 of 10 (sigma = 2.000)
19-Jan-2022 08:52:07 ::: Completed: Sigma 4 of 10 (sigma = 2.000)
19-Jan-2022 08:52:07 ::: Beginning: Sigma 5 of 10 (sigma = 2.500)
19-Jan-2022 08:52:08 ::: Completed: Sigma 5 of 10 (sigma = 2.500)
19-Jan-2022 08:52:08 ::: Beginning: Sigma 6 of 10 (sigma = 3.000)
19-Jan-2022 08:52:09 ::: Completed: Sigma 6 of 10 (sigma = 3.000)
19-Jan-2022 08:52:09 ::: Beginning: Sigma 7 of 10 (sigma = 3.500)
19-Jan-2022 08:52:10 ::: Completed: Sigma 7 of 10 (sigma = 3.500)
19-Jan-2022 08:52:10 ::: Beginning: Sigma 8 of 10 (sigma = 4.000)
19-Jan-2022 08:52:11 ::: Completed: Sigma 8 of 10 (sigma = 4.000)
19-Jan-2022 08:52:11 ::: Beginning: Sigma 9 of 10 (sigma = 4.500)
19-Jan-2022 08:52:12 ::: Completed: Sigma 9 of 10 (sigma = 4.500)
19-Jan-2022 08:52:12 ::: Beginning: Sigma 10 of 10 (sigma = 5.000)
19-Jan-2022 08:52:13 ::: Completed: Sigma 10 of 10 (sigma = 5.000)
19-Jan-2022 08:52:13 ::: Completed: Bandlimit 8 of 35 (banlimit = 16)
19-Jan-2022 08:52:13 ::: Beginning: Bandlimit 9 of 35 (banlimit = 18)
19-Jan-2022 08:52:13 ::: Beginning: Sigma 1 of 10 (sigma = 0.500)
19-Jan-2022 08:52:15 ::: Completed: Sigma 1 of 10 (sigma = 0.500)
19-Jan-2022 08:52:15 ::: Beginning: Sigma 2 of 10 (sigma = 1.000)
19-Jan-2022 08:52:16 ::: Completed: Sigma 2 of 10 (sigma = 1.000)
19-Jan-2022 08:52:16 ::: Beginning: Sigma 3 of 10 (sigma = 1.500)
19-Jan-2022 08:52:18 ::: Completed: Sigma 3 of 10 (sigma = 1.500)
19-Jan-2022 08:52:18 ::: Beginning: Sigma 4 of 10 (sigma = 2.000)
19-Jan-2022 08:52:19 ::: Completed: Sigma 4 of 10 (sigma = 2.000)
19-Jan-2022 08:52:19 ::: Beginning: Sigma 5 of 10 (sigma = 2.500)
19-Jan-2022 08:52:20 ::: Completed: Sigma 5 of 10 (sigma = 2.500)
19-Jan-2022 08:52:20 ::: Beginning: Sigma 6 of 10 (sigma = 3.000)
19-Jan-2022 08:52:22 ::: Completed: Sigma 6 of 10 (sigma = 3.000)
19-Jan-2022 08:52:22 ::: Beginning: Sigma 7 of 10 (sigma = 3.500)
19-Jan-2022 08:52:23 ::: Completed: Sigma 7 of 10 (sigma = 3.500)
19-Jan-2022 08:52:23 ::: Beginning: Sigma 8 of 10 (sigma = 4.000)
19-Jan-2022 08:52:25 ::: Completed: Sigma 8 of 10 (sigma = 4.000)
19-Jan-2022 08:52:25 ::: Beginning: Sigma 9 of 10 (sigma = 4.500)
19-Jan-2022 08:52:26 ::: Completed: Sigma 9 of 10 (sigma = 4.500)
19-Jan-2022 08:52:26 ::: Beginning: Sigma 10 of 10 (sigma = 5.000)
19-Jan-2022 08:52:27 ::: Completed: Sigma 10 of 10 (sigma = 5.000)
19-Jan-2022 08:52:27 ::: Completed: Bandlimit 9 of 35 (banlimit = 18)
19-Jan-2022 08:52:27 ::: Beginning: Bandlimit 10 of 35 (banlimit = 20)
19-Jan-2022 08:52:27 ::: Beginning: Sigma 1 of 10 (sigma = 0.500)
19-Jan-2022 08:52:29 ::: Completed: Sigma 1 of 10 (sigma = 0.500)
19-Jan-2022 08:52:29 ::: Beginning: Sigma 2 of 10 (sigma = 1.000)
19-Jan-2022 08:52:31 ::: Completed: Sigma 2 of 10 (sigma = 1.000)
19-Jan-2022 08:52:31 ::: Beginning: Sigma 3 of 10 (sigma = 1.500)
19-Jan-2022 08:52:33 ::: Completed: Sigma 3 of 10 (sigma = 1.500)
19-Jan-2022 08:52:33 ::: Beginning: Sigma 4 of 10 (sigma = 2.000)
19-Jan-2022 08:52:35 ::: Completed: Sigma 4 of 10 (sigma = 2.000)
19-Jan-2022 08:52:35 ::: Beginning: Sigma 5 of 10 (sigma = 2.500)
19-Jan-2022 08:52:37 ::: Completed: Sigma 5 of 10 (sigma = 2.500)
19-Jan-2022 08:52:37 ::: Beginning: Sigma 6 of 10 (sigma = 3.000)
19-Jan-2022 08:52:39 ::: Completed: Sigma 6 of 10 (sigma = 3.000)
19-Jan-2022 08:52:39 ::: Beginning: Sigma 7 of 10 (sigma = 3.500)
19-Jan-2022 08:52:41 ::: Completed: Sigma 7 of 10 (sigma = 3.500)
19-Jan-2022 08:52:41 ::: Beginning: Sigma 8 of 10 (sigma = 4.000)
19-Jan-2022 08:52:43 ::: Completed: Sigma 8 of 10 (sigma = 4.000)
19-Jan-2022 08:52:43 ::: Beginning: Sigma 9 of 10 (sigma = 4.500)
19-Jan-2022 08:52:45 ::: Completed: Sigma 9 of 10 (sigma = 4.500)
19-Jan-2022 08:52:45 ::: Beginning: Sigma 10 of 10 (sigma = 5.000)
19-Jan-2022 08:52:47 ::: Completed: Sigma 10 of 10 (sigma = 5.000)
19-Jan-2022 08:52:47 ::: Completed: Bandlimit 10 of 35 (banlimit = 20)
19-Jan-2022 08:52:47 ::: Beginning: Bandlimit 11 of 35 (banlimit = 22)
19-Jan-2022 08:52:47 ::: Beginning: Sigma 1 of 10 (sigma = 0.500)
19-Jan-2022 08:52:50 ::: Completed: Sigma 1 of 10 (sigma = 0.500)
19-Jan-2022 08:52:50 ::: Beginning: Sigma 2 of 10 (sigma = 1.000)
19-Jan-2022 08:52:52 ::: Completed: Sigma 2 of 10 (sigma = 1.000)
19-Jan-2022 08:52:52 ::: Beginning: Sigma 3 of 10 (sigma = 1.500)
19-Jan-2022 08:52:55 ::: Completed: Sigma 3 of 10 (sigma = 1.500)
19-Jan-2022 08:52:55 ::: Beginning: Sigma 4 of 10 (sigma = 2.000)
19-Jan-2022 08:52:57 ::: Completed: Sigma 4 of 10 (sigma = 2.000)
19-Jan-2022 08:52:57 ::: Beginning: Sigma 5 of 10 (sigma = 2.500)
19-Jan-2022 08:53:00 ::: Completed: Sigma 5 of 10 (sigma = 2.500)
19-Jan-2022 08:53:00 ::: Beginning: Sigma 6 of 10 (sigma = 3.000)
19-Jan-2022 08:53:02 ::: Completed: Sigma 6 of 10 (sigma = 3.000)
19-Jan-2022 08:53:02 ::: Beginning: Sigma 7 of 10 (sigma = 3.500)
19-Jan-2022 08:53:04 ::: Completed: Sigma 7 of 10 (sigma = 3.500)
19-Jan-2022 08:53:04 ::: Beginning: Sigma 8 of 10 (sigma = 4.000)
19-Jan-2022 08:53:07 ::: Completed: Sigma 8 of 10 (sigma = 4.000)
19-Jan-2022 08:53:07 ::: Beginning: Sigma 9 of 10 (sigma = 4.500)
19-Jan-2022 08:53:09 ::: Completed: Sigma 9 of 10 (sigma = 4.500)
19-Jan-2022 08:53:09 ::: Beginning: Sigma 10 of 10 (sigma = 5.000)
19-Jan-2022 08:53:11 ::: Completed: Sigma 10 of 10 (sigma = 5.000)
19-Jan-2022 08:53:11 ::: Completed: Bandlimit 11 of 35 (banlimit = 22)
19-Jan-2022 08:53:11 ::: Beginning: Bandlimit 12 of 35 (banlimit = 24)
19-Jan-2022 08:53:12 ::: Beginning: Sigma 1 of 10 (sigma = 0.500)
19-Jan-2022 08:53:15 ::: Completed: Sigma 1 of 10 (sigma = 0.500)
19-Jan-2022 08:53:15 ::: Beginning: Sigma 2 of 10 (sigma = 1.000)
19-Jan-2022 08:53:18 ::: Completed: Sigma 2 of 10 (sigma = 1.000)
19-Jan-2022 08:53:18 ::: Beginning: Sigma 3 of 10 (sigma = 1.500)
19-Jan-2022 08:53:20 ::: Completed: Sigma 3 of 10 (sigma = 1.500)
19-Jan-2022 08:53:20 ::: Beginning: Sigma 4 of 10 (sigma = 2.000)
19-Jan-2022 08:53:23 ::: Completed: Sigma 4 of 10 (sigma = 2.000)
19-Jan-2022 08:53:23 ::: Beginning: Sigma 5 of 10 (sigma = 2.500)
19-Jan-2022 08:53:26 ::: Completed: Sigma 5 of 10 (sigma = 2.500)
19-Jan-2022 08:53:26 ::: Beginning: Sigma 6 of 10 (sigma = 3.000)
19-Jan-2022 08:53:29 ::: Completed: Sigma 6 of 10 (sigma = 3.000)
19-Jan-2022 08:53:29 ::: Beginning: Sigma 7 of 10 (sigma = 3.500)
19-Jan-2022 08:53:32 ::: Completed: Sigma 7 of 10 (sigma = 3.500)
19-Jan-2022 08:53:32 ::: Beginning: Sigma 8 of 10 (sigma = 4.000)
19-Jan-2022 08:53:35 ::: Completed: Sigma 8 of 10 (sigma = 4.000)
19-Jan-2022 08:53:35 ::: Beginning: Sigma 9 of 10 (sigma = 4.500)
19-Jan-2022 08:53:37 ::: Completed: Sigma 9 of 10 (sigma = 4.500)
19-Jan-2022 08:53:37 ::: Beginning: Sigma 10 of 10 (sigma = 5.000)
19-Jan-2022 08:53:40 ::: Completed: Sigma 10 of 10 (sigma = 5.000)
19-Jan-2022 08:53:40 ::: Completed: Bandlimit 12 of 35 (banlimit = 24)
19-Jan-2022 08:53:40 ::: Beginning: Bandlimit 13 of 35 (banlimit = 26)
19-Jan-2022 08:53:40 ::: Beginning: Sigma 1 of 10 (sigma = 0.500)
19-Jan-2022 08:53:44 ::: Completed: Sigma 1 of 10 (sigma = 0.500)
19-Jan-2022 08:53:44 ::: Beginning: Sigma 2 of 10 (sigma = 1.000)
19-Jan-2022 08:53:47 ::: Completed: Sigma 2 of 10 (sigma = 1.000)
19-Jan-2022 08:53:47 ::: Beginning: Sigma 3 of 10 (sigma = 1.500)
19-Jan-2022 08:53:51 ::: Completed: Sigma 3 of 10 (sigma = 1.500)
19-Jan-2022 08:53:51 ::: Beginning: Sigma 4 of 10 (sigma = 2.000)
19-Jan-2022 08:53:54 ::: Completed: Sigma 4 of 10 (sigma = 2.000)
19-Jan-2022 08:53:54 ::: Beginning: Sigma 5 of 10 (sigma = 2.500)
19-Jan-2022 08:53:58 ::: Completed: Sigma 5 of 10 (sigma = 2.500)
19-Jan-2022 08:53:58 ::: Beginning: Sigma 6 of 10 (sigma = 3.000)
19-Jan-2022 08:54:01 ::: Completed: Sigma 6 of 10 (sigma = 3.000)
19-Jan-2022 08:54:01 ::: Beginning: Sigma 7 of 10 (sigma = 3.500)
19-Jan-2022 08:54:04 ::: Completed: Sigma 7 of 10 (sigma = 3.500)
19-Jan-2022 08:54:04 ::: Beginning: Sigma 8 of 10 (sigma = 4.000)
19-Jan-2022 08:54:08 ::: Completed: Sigma 8 of 10 (sigma = 4.000)
19-Jan-2022 08:54:08 ::: Beginning: Sigma 9 of 10 (sigma = 4.500)
19-Jan-2022 08:54:11 ::: Completed: Sigma 9 of 10 (sigma = 4.500)
19-Jan-2022 08:54:11 ::: Beginning: Sigma 10 of 10 (sigma = 5.000)
19-Jan-2022 08:54:15 ::: Completed: Sigma 10 of 10 (sigma = 5.000)
19-Jan-2022 08:54:15 ::: Completed: Bandlimit 13 of 35 (banlimit = 26)
19-Jan-2022 08:54:15 ::: Beginning: Bandlimit 14 of 35 (banlimit = 28)
19-Jan-2022 08:54:15 ::: Beginning: Sigma 1 of 10 (sigma = 0.500)
19-Jan-2022 08:54:20 ::: Completed: Sigma 1 of 10 (sigma = 0.500)
19-Jan-2022 08:54:20 ::: Beginning: Sigma 2 of 10 (sigma = 1.000)
19-Jan-2022 08:54:25 ::: Completed: Sigma 2 of 10 (sigma = 1.000)
19-Jan-2022 08:54:25 ::: Beginning: Sigma 3 of 10 (sigma = 1.500)
19-Jan-2022 08:54:30 ::: Completed: Sigma 3 of 10 (sigma = 1.500)
19-Jan-2022 08:54:30 ::: Beginning: Sigma 4 of 10 (sigma = 2.000)
19-Jan-2022 08:54:35 ::: Completed: Sigma 4 of 10 (sigma = 2.000)
19-Jan-2022 08:54:35 ::: Beginning: Sigma 5 of 10 (sigma = 2.500)
19-Jan-2022 08:54:40 ::: Completed: Sigma 5 of 10 (sigma = 2.500)
19-Jan-2022 08:54:40 ::: Beginning: Sigma 6 of 10 (sigma = 3.000)
19-Jan-2022 08:54:45 ::: Completed: Sigma 6 of 10 (sigma = 3.000)
19-Jan-2022 08:54:45 ::: Beginning: Sigma 7 of 10 (sigma = 3.500)
19-Jan-2022 08:54:50 ::: Completed: Sigma 7 of 10 (sigma = 3.500)
19-Jan-2022 08:54:50 ::: Beginning: Sigma 8 of 10 (sigma = 4.000)
19-Jan-2022 08:54:55 ::: Completed: Sigma 8 of 10 (sigma = 4.000)
19-Jan-2022 08:54:55 ::: Beginning: Sigma 9 of 10 (sigma = 4.500)
19-Jan-2022 08:55:00 ::: Completed: Sigma 9 of 10 (sigma = 4.500)
19-Jan-2022 08:55:00 ::: Beginning: Sigma 10 of 10 (sigma = 5.000)
19-Jan-2022 08:55:06 ::: Completed: Sigma 10 of 10 (sigma = 5.000)
19-Jan-2022 08:55:06 ::: Completed: Bandlimit 14 of 35 (banlimit = 28)
19-Jan-2022 08:55:06 ::: Beginning: Bandlimit 15 of 35 (banlimit = 30)
19-Jan-2022 08:55:06 ::: Beginning: Sigma 1 of 10 (sigma = 0.500)
19-Jan-2022 08:55:12 ::: Completed: Sigma 1 of 10 (sigma = 0.500)
19-Jan-2022 08:55:12 ::: Beginning: Sigma 2 of 10 (sigma = 1.000)
19-Jan-2022 08:55:17 ::: Completed: Sigma 2 of 10 (sigma = 1.000)
19-Jan-2022 08:55:17 ::: Beginning: Sigma 3 of 10 (sigma = 1.500)
19-Jan-2022 08:55:23 ::: Completed: Sigma 3 of 10 (sigma = 1.500)
19-Jan-2022 08:55:23 ::: Beginning: Sigma 4 of 10 (sigma = 2.000)
19-Jan-2022 08:55:28 ::: Completed: Sigma 4 of 10 (sigma = 2.000)
19-Jan-2022 08:55:28 ::: Beginning: Sigma 5 of 10 (sigma = 2.500)
19-Jan-2022 08:55:35 ::: Completed: Sigma 5 of 10 (sigma = 2.500)
19-Jan-2022 08:55:35 ::: Beginning: Sigma 6 of 10 (sigma = 3.000)
19-Jan-2022 08:55:41 ::: Completed: Sigma 6 of 10 (sigma = 3.000)
19-Jan-2022 08:55:41 ::: Beginning: Sigma 7 of 10 (sigma = 3.500)
19-Jan-2022 08:55:47 ::: Completed: Sigma 7 of 10 (sigma = 3.500)
19-Jan-2022 08:55:47 ::: Beginning: Sigma 8 of 10 (sigma = 4.000)
19-Jan-2022 08:55:53 ::: Completed: Sigma 8 of 10 (sigma = 4.000)
19-Jan-2022 08:55:53 ::: Beginning: Sigma 9 of 10 (sigma = 4.500)
19-Jan-2022 08:55:58 ::: Completed: Sigma 9 of 10 (sigma = 4.500)
19-Jan-2022 08:55:58 ::: Beginning: Sigma 10 of 10 (sigma = 5.000)
19-Jan-2022 08:56:05 ::: Completed: Sigma 10 of 10 (sigma = 5.000)
19-Jan-2022 08:56:05 ::: Completed: Bandlimit 15 of 35 (banlimit = 30)
19-Jan-2022 08:56:05 ::: Beginning: Bandlimit 16 of 35 (banlimit = 32)
19-Jan-2022 08:56:05 ::: Beginning: Sigma 1 of 10 (sigma = 0.500)
19-Jan-2022 08:56:12 ::: Completed: Sigma 1 of 10 (sigma = 0.500)
19-Jan-2022 08:56:12 ::: Beginning: Sigma 2 of 10 (sigma = 1.000)
19-Jan-2022 08:56:20 ::: Completed: Sigma 2 of 10 (sigma = 1.000)
19-Jan-2022 08:56:20 ::: Beginning: Sigma 3 of 10 (sigma = 1.500)
19-Jan-2022 08:56:27 ::: Completed: Sigma 3 of 10 (sigma = 1.500)
19-Jan-2022 08:56:27 ::: Beginning: Sigma 4 of 10 (sigma = 2.000)
19-Jan-2022 08:56:35 ::: Completed: Sigma 4 of 10 (sigma = 2.000)
19-Jan-2022 08:56:35 ::: Beginning: Sigma 5 of 10 (sigma = 2.500)
19-Jan-2022 08:56:42 ::: Completed: Sigma 5 of 10 (sigma = 2.500)
19-Jan-2022 08:56:42 ::: Beginning: Sigma 6 of 10 (sigma = 3.000)
19-Jan-2022 08:56:49 ::: Completed: Sigma 6 of 10 (sigma = 3.000)
19-Jan-2022 08:56:49 ::: Beginning: Sigma 7 of 10 (sigma = 3.500)
19-Jan-2022 08:56:56 ::: Completed: Sigma 7 of 10 (sigma = 3.500)
19-Jan-2022 08:56:56 ::: Beginning: Sigma 8 of 10 (sigma = 4.000)
19-Jan-2022 08:57:05 ::: Completed: Sigma 8 of 10 (sigma = 4.000)
19-Jan-2022 08:57:05 ::: Beginning: Sigma 9 of 10 (sigma = 4.500)
19-Jan-2022 08:57:12 ::: Completed: Sigma 9 of 10 (sigma = 4.500)
19-Jan-2022 08:57:12 ::: Beginning: Sigma 10 of 10 (sigma = 5.000)
19-Jan-2022 08:57:19 ::: Completed: Sigma 10 of 10 (sigma = 5.000)
19-Jan-2022 08:57:19 ::: Completed: Bandlimit 16 of 35 (banlimit = 32)
19-Jan-2022 08:57:19 ::: Beginning: Bandlimit 17 of 35 (banlimit = 34)
19-Jan-2022 08:57:19 ::: Beginning: Sigma 1 of 10 (sigma = 0.500)
19-Jan-2022 08:57:27 ::: Completed: Sigma 1 of 10 (sigma = 0.500)
19-Jan-2022 08:57:27 ::: Beginning: Sigma 2 of 10 (sigma = 1.000)
19-Jan-2022 08:57:36 ::: Completed: Sigma 2 of 10 (sigma = 1.000)
19-Jan-2022 08:57:36 ::: Beginning: Sigma 3 of 10 (sigma = 1.500)
19-Jan-2022 08:57:44 ::: Completed: Sigma 3 of 10 (sigma = 1.500)
19-Jan-2022 08:57:44 ::: Beginning: Sigma 4 of 10 (sigma = 2.000)
19-Jan-2022 08:57:52 ::: Completed: Sigma 4 of 10 (sigma = 2.000)
19-Jan-2022 08:57:52 ::: Beginning: Sigma 5 of 10 (sigma = 2.500)
19-Jan-2022 08:58:01 ::: Completed: Sigma 5 of 10 (sigma = 2.500)
19-Jan-2022 08:58:01 ::: Beginning: Sigma 6 of 10 (sigma = 3.000)
19-Jan-2022 08:58:10 ::: Completed: Sigma 6 of 10 (sigma = 3.000)
19-Jan-2022 08:58:10 ::: Beginning: Sigma 7 of 10 (sigma = 3.500)
19-Jan-2022 08:58:18 ::: Completed: Sigma 7 of 10 (sigma = 3.500)
19-Jan-2022 08:58:18 ::: Beginning: Sigma 8 of 10 (sigma = 4.000)
19-Jan-2022 08:58:25 ::: Completed: Sigma 8 of 10 (sigma = 4.000)
19-Jan-2022 08:58:25 ::: Beginning: Sigma 9 of 10 (sigma = 4.500)
19-Jan-2022 08:58:33 ::: Completed: Sigma 9 of 10 (sigma = 4.500)
19-Jan-2022 08:58:33 ::: Beginning: Sigma 10 of 10 (sigma = 5.000)
19-Jan-2022 08:58:42 ::: Completed: Sigma 10 of 10 (sigma = 5.000)
19-Jan-2022 08:58:42 ::: Completed: Bandlimit 17 of 35 (banlimit = 34)
19-Jan-2022 08:58:42 ::: Beginning: Bandlimit 18 of 35 (banlimit = 36)
19-Jan-2022 08:58:42 ::: Beginning: Sigma 1 of 10 (sigma = 0.500)
19-Jan-2022 08:58:50 ::: Completed: Sigma 1 of 10 (sigma = 0.500)
19-Jan-2022 08:58:50 ::: Beginning: Sigma 2 of 10 (sigma = 1.000)
19-Jan-2022 08:59:00 ::: Completed: Sigma 2 of 10 (sigma = 1.000)
19-Jan-2022 08:59:00 ::: Beginning: Sigma 3 of 10 (sigma = 1.500)
19-Jan-2022 08:59:10 ::: Completed: Sigma 3 of 10 (sigma = 1.500)
19-Jan-2022 08:59:10 ::: Beginning: Sigma 4 of 10 (sigma = 2.000)
19-Jan-2022 08:59:18 ::: Completed: Sigma 4 of 10 (sigma = 2.000)
19-Jan-2022 08:59:18 ::: Beginning: Sigma 5 of 10 (sigma = 2.500)
19-Jan-2022 08:59:27 ::: Completed: Sigma 5 of 10 (sigma = 2.500)
19-Jan-2022 08:59:27 ::: Beginning: Sigma 6 of 10 (sigma = 3.000)
19-Jan-2022 08:59:38 ::: Completed: Sigma 6 of 10 (sigma = 3.000)
19-Jan-2022 08:59:38 ::: Beginning: Sigma 7 of 10 (sigma = 3.500)
19-Jan-2022 08:59:47 ::: Completed: Sigma 7 of 10 (sigma = 3.500)
19-Jan-2022 08:59:47 ::: Beginning: Sigma 8 of 10 (sigma = 4.000)
19-Jan-2022 08:59:56 ::: Completed: Sigma 8 of 10 (sigma = 4.000)
19-Jan-2022 08:59:56 ::: Beginning: Sigma 9 of 10 (sigma = 4.500)
19-Jan-2022 09:00:05 ::: Completed: Sigma 9 of 10 (sigma = 4.500)
19-Jan-2022 09:00:05 ::: Beginning: Sigma 10 of 10 (sigma = 5.000)
19-Jan-2022 09:00:15 ::: Completed: Sigma 10 of 10 (sigma = 5.000)
19-Jan-2022 09:00:15 ::: Completed: Bandlimit 18 of 35 (banlimit = 36)
19-Jan-2022 09:00:15 ::: Beginning: Bandlimit 19 of 35 (banlimit = 38)
19-Jan-2022 09:00:15 ::: Beginning: Sigma 1 of 10 (sigma = 0.500)
19-Jan-2022 09:00:25 ::: Completed: Sigma 1 of 10 (sigma = 0.500)
19-Jan-2022 09:00:25 ::: Beginning: Sigma 2 of 10 (sigma = 1.000)
19-Jan-2022 09:00:35 ::: Completed: Sigma 2 of 10 (sigma = 1.000)
19-Jan-2022 09:00:35 ::: Beginning: Sigma 3 of 10 (sigma = 1.500)
19-Jan-2022 09:00:45 ::: Completed: Sigma 3 of 10 (sigma = 1.500)
19-Jan-2022 09:00:45 ::: Beginning: Sigma 4 of 10 (sigma = 2.000)
19-Jan-2022 09:00:55 ::: Completed: Sigma 4 of 10 (sigma = 2.000)
19-Jan-2022 09:00:55 ::: Beginning: Sigma 5 of 10 (sigma = 2.500)
19-Jan-2022 09:01:04 ::: Completed: Sigma 5 of 10 (sigma = 2.500)
19-Jan-2022 09:01:04 ::: Beginning: Sigma 6 of 10 (sigma = 3.000)
19-Jan-2022 09:01:15 ::: Completed: Sigma 6 of 10 (sigma = 3.000)
19-Jan-2022 09:01:15 ::: Beginning: Sigma 7 of 10 (sigma = 3.500)
19-Jan-2022 09:01:25 ::: Completed: Sigma 7 of 10 (sigma = 3.500)
19-Jan-2022 09:01:25 ::: Beginning: Sigma 8 of 10 (sigma = 4.000)
19-Jan-2022 09:01:35 ::: Completed: Sigma 8 of 10 (sigma = 4.000)
19-Jan-2022 09:01:35 ::: Beginning: Sigma 9 of 10 (sigma = 4.500)
19-Jan-2022 09:01:45 ::: Completed: Sigma 9 of 10 (sigma = 4.500)
19-Jan-2022 09:01:45 ::: Beginning: Sigma 10 of 10 (sigma = 5.000)
19-Jan-2022 09:01:55 ::: Completed: Sigma 10 of 10 (sigma = 5.000)
19-Jan-2022 09:01:55 ::: Completed: Bandlimit 19 of 35 (banlimit = 38)
19-Jan-2022 09:01:55 ::: Beginning: Bandlimit 20 of 35 (banlimit = 40)
19-Jan-2022 09:01:55 ::: Beginning: Sigma 1 of 10 (sigma = 0.500)
19-Jan-2022 09:02:07 ::: Completed: Sigma 1 of 10 (sigma = 0.500)
19-Jan-2022 09:02:07 ::: Beginning: Sigma 2 of 10 (sigma = 1.000)
19-Jan-2022 09:02:20 ::: Completed: Sigma 2 of 10 (sigma = 1.000)
19-Jan-2022 09:02:20 ::: Beginning: Sigma 3 of 10 (sigma = 1.500)
19-Jan-2022 09:02:33 ::: Completed: Sigma 3 of 10 (sigma = 1.500)
19-Jan-2022 09:02:33 ::: Beginning: Sigma 4 of 10 (sigma = 2.000)
19-Jan-2022 09:02:47 ::: Completed: Sigma 4 of 10 (sigma = 2.000)
19-Jan-2022 09:02:47 ::: Beginning: Sigma 5 of 10 (sigma = 2.500)
19-Jan-2022 09:02:59 ::: Completed: Sigma 5 of 10 (sigma = 2.500)
19-Jan-2022 09:02:59 ::: Beginning: Sigma 6 of 10 (sigma = 3.000)
19-Jan-2022 09:03:12 ::: Completed: Sigma 6 of 10 (sigma = 3.000)
19-Jan-2022 09:03:12 ::: Beginning: Sigma 7 of 10 (sigma = 3.500)
19-Jan-2022 09:03:24 ::: Completed: Sigma 7 of 10 (sigma = 3.500)
19-Jan-2022 09:03:24 ::: Beginning: Sigma 8 of 10 (sigma = 4.000)
19-Jan-2022 09:03:37 ::: Completed: Sigma 8 of 10 (sigma = 4.000)
19-Jan-2022 09:03:37 ::: Beginning: Sigma 9 of 10 (sigma = 4.500)
19-Jan-2022 09:03:49 ::: Completed: Sigma 9 of 10 (sigma = 4.500)
19-Jan-2022 09:03:49 ::: Beginning: Sigma 10 of 10 (sigma = 5.000)
19-Jan-2022 09:04:02 ::: Completed: Sigma 10 of 10 (sigma = 5.000)
19-Jan-2022 09:04:02 ::: Completed: Bandlimit 20 of 35 (banlimit = 40)
19-Jan-2022 09:04:02 ::: Beginning: Bandlimit 21 of 35 (banlimit = 42)
19-Jan-2022 09:04:02 ::: Beginning: Sigma 1 of 10 (sigma = 0.500)
19-Jan-2022 09:04:17 ::: Completed: Sigma 1 of 10 (sigma = 0.500)
19-Jan-2022 09:04:17 ::: Beginning: Sigma 2 of 10 (sigma = 1.000)
19-Jan-2022 09:04:31 ::: Completed: Sigma 2 of 10 (sigma = 1.000)
19-Jan-2022 09:04:31 ::: Beginning: Sigma 3 of 10 (sigma = 1.500)
19-Jan-2022 09:04:45 ::: Completed: Sigma 3 of 10 (sigma = 1.500)
19-Jan-2022 09:04:45 ::: Beginning: Sigma 4 of 10 (sigma = 2.000)
19-Jan-2022 09:04:58 ::: Completed: Sigma 4 of 10 (sigma = 2.000)
19-Jan-2022 09:04:58 ::: Beginning: Sigma 5 of 10 (sigma = 2.500)
19-Jan-2022 09:05:13 ::: Completed: Sigma 5 of 10 (sigma = 2.500)
19-Jan-2022 09:05:13 ::: Beginning: Sigma 6 of 10 (sigma = 3.000)
19-Jan-2022 09:05:26 ::: Completed: Sigma 6 of 10 (sigma = 3.000)
19-Jan-2022 09:05:26 ::: Beginning: Sigma 7 of 10 (sigma = 3.500)
19-Jan-2022 09:05:40 ::: Completed: Sigma 7 of 10 (sigma = 3.500)
19-Jan-2022 09:05:40 ::: Beginning: Sigma 8 of 10 (sigma = 4.000)
19-Jan-2022 09:05:54 ::: Completed: Sigma 8 of 10 (sigma = 4.000)
19-Jan-2022 09:05:54 ::: Beginning: Sigma 9 of 10 (sigma = 4.500)
19-Jan-2022 09:06:08 ::: Completed: Sigma 9 of 10 (sigma = 4.500)
19-Jan-2022 09:06:08 ::: Beginning: Sigma 10 of 10 (sigma = 5.000)
19-Jan-2022 09:06:22 ::: Completed: Sigma 10 of 10 (sigma = 5.000)
19-Jan-2022 09:06:22 ::: Completed: Bandlimit 21 of 35 (banlimit = 42)
19-Jan-2022 09:06:22 ::: Beginning: Bandlimit 22 of 35 (banlimit = 44)
19-Jan-2022 09:06:22 ::: Beginning: Sigma 1 of 10 (sigma = 0.500)
19-Jan-2022 09:06:38 ::: Completed: Sigma 1 of 10 (sigma = 0.500)
19-Jan-2022 09:06:38 ::: Beginning: Sigma 2 of 10 (sigma = 1.000)
19-Jan-2022 09:06:54 ::: Completed: Sigma 2 of 10 (sigma = 1.000)
19-Jan-2022 09:06:54 ::: Beginning: Sigma 3 of 10 (sigma = 1.500)
19-Jan-2022 09:07:09 ::: Completed: Sigma 3 of 10 (sigma = 1.500)
19-Jan-2022 09:07:09 ::: Beginning: Sigma 4 of 10 (sigma = 2.000)
19-Jan-2022 09:07:24 ::: Completed: Sigma 4 of 10 (sigma = 2.000)
19-Jan-2022 09:07:24 ::: Beginning: Sigma 5 of 10 (sigma = 2.500)
19-Jan-2022 09:07:39 ::: Completed: Sigma 5 of 10 (sigma = 2.500)
19-Jan-2022 09:07:39 ::: Beginning: Sigma 6 of 10 (sigma = 3.000)
19-Jan-2022 09:07:55 ::: Completed: Sigma 6 of 10 (sigma = 3.000)
19-Jan-2022 09:07:55 ::: Beginning: Sigma 7 of 10 (sigma = 3.500)
19-Jan-2022 09:08:10 ::: Completed: Sigma 7 of 10 (sigma = 3.500)
19-Jan-2022 09:08:10 ::: Beginning: Sigma 8 of 10 (sigma = 4.000)
19-Jan-2022 09:08:26 ::: Completed: Sigma 8 of 10 (sigma = 4.000)
19-Jan-2022 09:08:26 ::: Beginning: Sigma 9 of 10 (sigma = 4.500)
19-Jan-2022 09:08:42 ::: Completed: Sigma 9 of 10 (sigma = 4.500)
19-Jan-2022 09:08:42 ::: Beginning: Sigma 10 of 10 (sigma = 5.000)
19-Jan-2022 09:08:58 ::: Completed: Sigma 10 of 10 (sigma = 5.000)
19-Jan-2022 09:08:58 ::: Completed: Bandlimit 22 of 35 (banlimit = 44)
19-Jan-2022 09:08:58 ::: Beginning: Bandlimit 23 of 35 (banlimit = 46)
19-Jan-2022 09:08:58 ::: Beginning: Sigma 1 of 10 (sigma = 0.500)
19-Jan-2022 09:09:15 ::: Completed: Sigma 1 of 10 (sigma = 0.500)
19-Jan-2022 09:09:15 ::: Beginning: Sigma 2 of 10 (sigma = 1.000)
19-Jan-2022 09:09:32 ::: Completed: Sigma 2 of 10 (sigma = 1.000)
19-Jan-2022 09:09:32 ::: Beginning: Sigma 3 of 10 (sigma = 1.500)
19-Jan-2022 09:09:50 ::: Completed: Sigma 3 of 10 (sigma = 1.500)
19-Jan-2022 09:09:50 ::: Beginning: Sigma 4 of 10 (sigma = 2.000)
19-Jan-2022 09:10:06 ::: Completed: Sigma 4 of 10 (sigma = 2.000)
19-Jan-2022 09:10:06 ::: Beginning: Sigma 5 of 10 (sigma = 2.500)
19-Jan-2022 09:10:24 ::: Completed: Sigma 5 of 10 (sigma = 2.500)
19-Jan-2022 09:10:24 ::: Beginning: Sigma 6 of 10 (sigma = 3.000)
19-Jan-2022 09:10:41 ::: Completed: Sigma 6 of 10 (sigma = 3.000)
19-Jan-2022 09:10:41 ::: Beginning: Sigma 7 of 10 (sigma = 3.500)
19-Jan-2022 09:10:58 ::: Completed: Sigma 7 of 10 (sigma = 3.500)
19-Jan-2022 09:10:58 ::: Beginning: Sigma 8 of 10 (sigma = 4.000)
19-Jan-2022 09:11:14 ::: Completed: Sigma 8 of 10 (sigma = 4.000)
19-Jan-2022 09:11:14 ::: Beginning: Sigma 9 of 10 (sigma = 4.500)
19-Jan-2022 09:11:31 ::: Completed: Sigma 9 of 10 (sigma = 4.500)
19-Jan-2022 09:11:31 ::: Beginning: Sigma 10 of 10 (sigma = 5.000)
19-Jan-2022 09:11:48 ::: Completed: Sigma 10 of 10 (sigma = 5.000)
19-Jan-2022 09:11:48 ::: Completed: Bandlimit 23 of 35 (banlimit = 46)
19-Jan-2022 09:11:48 ::: Beginning: Bandlimit 24 of 35 (banlimit = 48)
19-Jan-2022 09:11:48 ::: Beginning: Sigma 1 of 10 (sigma = 0.500)
19-Jan-2022 09:12:06 ::: Completed: Sigma 1 of 10 (sigma = 0.500)
19-Jan-2022 09:12:06 ::: Beginning: Sigma 2 of 10 (sigma = 1.000)
19-Jan-2022 09:12:24 ::: Completed: Sigma 2 of 10 (sigma = 1.000)
19-Jan-2022 09:12:24 ::: Beginning: Sigma 3 of 10 (sigma = 1.500)
19-Jan-2022 09:12:42 ::: Completed: Sigma 3 of 10 (sigma = 1.500)
19-Jan-2022 09:12:42 ::: Beginning: Sigma 4 of 10 (sigma = 2.000)
19-Jan-2022 09:13:01 ::: Completed: Sigma 4 of 10 (sigma = 2.000)
19-Jan-2022 09:13:01 ::: Beginning: Sigma 5 of 10 (sigma = 2.500)
19-Jan-2022 09:13:19 ::: Completed: Sigma 5 of 10 (sigma = 2.500)
19-Jan-2022 09:13:19 ::: Beginning: Sigma 6 of 10 (sigma = 3.000)
19-Jan-2022 09:13:37 ::: Completed: Sigma 6 of 10 (sigma = 3.000)
19-Jan-2022 09:13:37 ::: Beginning: Sigma 7 of 10 (sigma = 3.500)
19-Jan-2022 09:13:55 ::: Completed: Sigma 7 of 10 (sigma = 3.500)
19-Jan-2022 09:13:55 ::: Beginning: Sigma 8 of 10 (sigma = 4.000)
19-Jan-2022 09:14:14 ::: Completed: Sigma 8 of 10 (sigma = 4.000)
19-Jan-2022 09:14:14 ::: Beginning: Sigma 9 of 10 (sigma = 4.500)
19-Jan-2022 09:14:33 ::: Completed: Sigma 9 of 10 (sigma = 4.500)
19-Jan-2022 09:14:33 ::: Beginning: Sigma 10 of 10 (sigma = 5.000)
19-Jan-2022 09:14:51 ::: Completed: Sigma 10 of 10 (sigma = 5.000)
19-Jan-2022 09:14:51 ::: Completed: Bandlimit 24 of 35 (banlimit = 48)
19-Jan-2022 09:14:51 ::: Beginning: Bandlimit 25 of 35 (banlimit = 50)
19-Jan-2022 09:14:51 ::: Beginning: Sigma 1 of 10 (sigma = 0.500)
19-Jan-2022 09:15:11 ::: Completed: Sigma 1 of 10 (sigma = 0.500)
19-Jan-2022 09:15:11 ::: Beginning: Sigma 2 of 10 (sigma = 1.000)
19-Jan-2022 09:15:31 ::: Completed: Sigma 2 of 10 (sigma = 1.000)
19-Jan-2022 09:15:31 ::: Beginning: Sigma 3 of 10 (sigma = 1.500)
19-Jan-2022 09:15:50 ::: Completed: Sigma 3 of 10 (sigma = 1.500)
19-Jan-2022 09:15:50 ::: Beginning: Sigma 4 of 10 (sigma = 2.000)
19-Jan-2022 09:16:10 ::: Completed: Sigma 4 of 10 (sigma = 2.000)
19-Jan-2022 09:16:10 ::: Beginning: Sigma 5 of 10 (sigma = 2.500)
19-Jan-2022 09:16:30 ::: Completed: Sigma 5 of 10 (sigma = 2.500)
19-Jan-2022 09:16:30 ::: Beginning: Sigma 6 of 10 (sigma = 3.000)
19-Jan-2022 09:16:49 ::: Completed: Sigma 6 of 10 (sigma = 3.000)
19-Jan-2022 09:16:49 ::: Beginning: Sigma 7 of 10 (sigma = 3.500)
19-Jan-2022 09:17:09 ::: Completed: Sigma 7 of 10 (sigma = 3.500)
19-Jan-2022 09:17:09 ::: Beginning: Sigma 8 of 10 (sigma = 4.000)
19-Jan-2022 09:17:28 ::: Completed: Sigma 8 of 10 (sigma = 4.000)
19-Jan-2022 09:17:28 ::: Beginning: Sigma 9 of 10 (sigma = 4.500)
19-Jan-2022 09:17:47 ::: Completed: Sigma 9 of 10 (sigma = 4.500)
19-Jan-2022 09:17:47 ::: Beginning: Sigma 10 of 10 (sigma = 5.000)
19-Jan-2022 09:18:07 ::: Completed: Sigma 10 of 10 (sigma = 5.000)
19-Jan-2022 09:18:07 ::: Completed: Bandlimit 25 of 35 (banlimit = 50)
19-Jan-2022 09:18:07 ::: Beginning: Bandlimit 26 of 35 (banlimit = 52)
19-Jan-2022 09:18:07 ::: Beginning: Sigma 1 of 10 (sigma = 0.500)
19-Jan-2022 09:18:29 ::: Completed: Sigma 1 of 10 (sigma = 0.500)
19-Jan-2022 09:18:29 ::: Beginning: Sigma 2 of 10 (sigma = 1.000)
19-Jan-2022 09:18:50 ::: Completed: Sigma 2 of 10 (sigma = 1.000)
19-Jan-2022 09:18:50 ::: Beginning: Sigma 3 of 10 (sigma = 1.500)
19-Jan-2022 09:19:11 ::: Completed: Sigma 3 of 10 (sigma = 1.500)
19-Jan-2022 09:19:11 ::: Beginning: Sigma 4 of 10 (sigma = 2.000)
19-Jan-2022 09:19:31 ::: Completed: Sigma 4 of 10 (sigma = 2.000)
19-Jan-2022 09:19:31 ::: Beginning: Sigma 5 of 10 (sigma = 2.500)
19-Jan-2022 09:19:52 ::: Completed: Sigma 5 of 10 (sigma = 2.500)
19-Jan-2022 09:19:52 ::: Beginning: Sigma 6 of 10 (sigma = 3.000)
19-Jan-2022 09:20:13 ::: Completed: Sigma 6 of 10 (sigma = 3.000)
19-Jan-2022 09:20:13 ::: Beginning: Sigma 7 of 10 (sigma = 3.500)
19-Jan-2022 09:20:33 ::: Completed: Sigma 7 of 10 (sigma = 3.500)
19-Jan-2022 09:20:33 ::: Beginning: Sigma 8 of 10 (sigma = 4.000)
19-Jan-2022 09:20:54 ::: Completed: Sigma 8 of 10 (sigma = 4.000)
19-Jan-2022 09:20:54 ::: Beginning: Sigma 9 of 10 (sigma = 4.500)
19-Jan-2022 09:21:15 ::: Completed: Sigma 9 of 10 (sigma = 4.500)
19-Jan-2022 09:21:15 ::: Beginning: Sigma 10 of 10 (sigma = 5.000)
19-Jan-2022 09:21:37 ::: Completed: Sigma 10 of 10 (sigma = 5.000)
19-Jan-2022 09:21:37 ::: Completed: Bandlimit 26 of 35 (banlimit = 52)
19-Jan-2022 09:21:37 ::: Beginning: Bandlimit 27 of 35 (banlimit = 54)
19-Jan-2022 09:21:37 ::: Beginning: Sigma 1 of 10 (sigma = 0.500)
19-Jan-2022 09:22:08 ::: Completed: Sigma 1 of 10 (sigma = 0.500)
19-Jan-2022 09:22:08 ::: Beginning: Sigma 2 of 10 (sigma = 1.000)
19-Jan-2022 09:22:40 ::: Completed: Sigma 2 of 10 (sigma = 1.000)
19-Jan-2022 09:22:40 ::: Beginning: Sigma 3 of 10 (sigma = 1.500)
19-Jan-2022 09:23:12 ::: Completed: Sigma 3 of 10 (sigma = 1.500)
19-Jan-2022 09:23:12 ::: Beginning: Sigma 4 of 10 (sigma = 2.000)
19-Jan-2022 09:23:44 ::: Completed: Sigma 4 of 10 (sigma = 2.000)
19-Jan-2022 09:23:44 ::: Beginning: Sigma 5 of 10 (sigma = 2.500)
19-Jan-2022 09:24:15 ::: Completed: Sigma 5 of 10 (sigma = 2.500)
19-Jan-2022 09:24:15 ::: Beginning: Sigma 6 of 10 (sigma = 3.000)
19-Jan-2022 09:24:46 ::: Completed: Sigma 6 of 10 (sigma = 3.000)
19-Jan-2022 09:24:46 ::: Beginning: Sigma 7 of 10 (sigma = 3.500)
19-Jan-2022 09:25:19 ::: Completed: Sigma 7 of 10 (sigma = 3.500)
19-Jan-2022 09:25:19 ::: Beginning: Sigma 8 of 10 (sigma = 4.000)
19-Jan-2022 09:25:51 ::: Completed: Sigma 8 of 10 (sigma = 4.000)
19-Jan-2022 09:25:51 ::: Beginning: Sigma 9 of 10 (sigma = 4.500)
19-Jan-2022 09:26:24 ::: Completed: Sigma 9 of 10 (sigma = 4.500)
19-Jan-2022 09:26:24 ::: Beginning: Sigma 10 of 10 (sigma = 5.000)
19-Jan-2022 09:26:56 ::: Completed: Sigma 10 of 10 (sigma = 5.000)
19-Jan-2022 09:26:56 ::: Completed: Bandlimit 27 of 35 (banlimit = 54)
19-Jan-2022 09:26:56 ::: Beginning: Bandlimit 28 of 35 (banlimit = 56)
19-Jan-2022 09:26:56 ::: Beginning: Sigma 1 of 10 (sigma = 0.500)
19-Jan-2022 09:27:31 ::: Completed: Sigma 1 of 10 (sigma = 0.500)
19-Jan-2022 09:27:31 ::: Beginning: Sigma 2 of 10 (sigma = 1.000)
19-Jan-2022 09:28:06 ::: Completed: Sigma 2 of 10 (sigma = 1.000)
19-Jan-2022 09:28:06 ::: Beginning: Sigma 3 of 10 (sigma = 1.500)
19-Jan-2022 09:28:41 ::: Completed: Sigma 3 of 10 (sigma = 1.500)
19-Jan-2022 09:28:41 ::: Beginning: Sigma 4 of 10 (sigma = 2.000)
19-Jan-2022 09:29:16 ::: Completed: Sigma 4 of 10 (sigma = 2.000)
19-Jan-2022 09:29:16 ::: Beginning: Sigma 5 of 10 (sigma = 2.500)
19-Jan-2022 09:29:51 ::: Completed: Sigma 5 of 10 (sigma = 2.500)
19-Jan-2022 09:29:51 ::: Beginning: Sigma 6 of 10 (sigma = 3.000)
19-Jan-2022 09:30:25 ::: Completed: Sigma 6 of 10 (sigma = 3.000)
19-Jan-2022 09:30:25 ::: Beginning: Sigma 7 of 10 (sigma = 3.500)
19-Jan-2022 09:30:58 ::: Completed: Sigma 7 of 10 (sigma = 3.500)
19-Jan-2022 09:30:58 ::: Beginning: Sigma 8 of 10 (sigma = 4.000)
19-Jan-2022 09:31:33 ::: Completed: Sigma 8 of 10 (sigma = 4.000)
19-Jan-2022 09:31:33 ::: Beginning: Sigma 9 of 10 (sigma = 4.500)
19-Jan-2022 09:32:09 ::: Completed: Sigma 9 of 10 (sigma = 4.500)
19-Jan-2022 09:32:09 ::: Beginning: Sigma 10 of 10 (sigma = 5.000)
19-Jan-2022 09:32:43 ::: Completed: Sigma 10 of 10 (sigma = 5.000)
19-Jan-2022 09:32:43 ::: Completed: Bandlimit 28 of 35 (banlimit = 56)
19-Jan-2022 09:32:43 ::: Beginning: Bandlimit 29 of 35 (banlimit = 58)
19-Jan-2022 09:32:44 ::: Beginning: Sigma 1 of 10 (sigma = 0.500)
19-Jan-2022 09:33:21 ::: Completed: Sigma 1 of 10 (sigma = 0.500)
19-Jan-2022 09:33:21 ::: Beginning: Sigma 2 of 10 (sigma = 1.000)
19-Jan-2022 09:33:58 ::: Completed: Sigma 2 of 10 (sigma = 1.000)
19-Jan-2022 09:33:58 ::: Beginning: Sigma 3 of 10 (sigma = 1.500)
19-Jan-2022 09:34:36 ::: Completed: Sigma 3 of 10 (sigma = 1.500)
19-Jan-2022 09:34:36 ::: Beginning: Sigma 4 of 10 (sigma = 2.000)
19-Jan-2022 09:35:13 ::: Completed: Sigma 4 of 10 (sigma = 2.000)
19-Jan-2022 09:35:13 ::: Beginning: Sigma 5 of 10 (sigma = 2.500)
19-Jan-2022 09:35:50 ::: Completed: Sigma 5 of 10 (sigma = 2.500)
19-Jan-2022 09:35:50 ::: Beginning: Sigma 6 of 10 (sigma = 3.000)
19-Jan-2022 09:36:27 ::: Completed: Sigma 6 of 10 (sigma = 3.000)
19-Jan-2022 09:36:27 ::: Beginning: Sigma 7 of 10 (sigma = 3.500)
19-Jan-2022 09:37:03 ::: Completed: Sigma 7 of 10 (sigma = 3.500)
19-Jan-2022 09:37:03 ::: Beginning: Sigma 8 of 10 (sigma = 4.000)
19-Jan-2022 09:37:40 ::: Completed: Sigma 8 of 10 (sigma = 4.000)
19-Jan-2022 09:37:40 ::: Beginning: Sigma 9 of 10 (sigma = 4.500)
19-Jan-2022 09:38:17 ::: Completed: Sigma 9 of 10 (sigma = 4.500)
19-Jan-2022 09:38:17 ::: Beginning: Sigma 10 of 10 (sigma = 5.000)
19-Jan-2022 09:38:53 ::: Completed: Sigma 10 of 10 (sigma = 5.000)
19-Jan-2022 09:38:53 ::: Completed: Bandlimit 29 of 35 (banlimit = 58)
19-Jan-2022 09:38:53 ::: Beginning: Bandlimit 30 of 35 (banlimit = 60)
19-Jan-2022 09:38:53 ::: Beginning: Sigma 1 of 10 (sigma = 0.500)
19-Jan-2022 09:39:32 ::: Completed: Sigma 1 of 10 (sigma = 0.500)
19-Jan-2022 09:39:32 ::: Beginning: Sigma 2 of 10 (sigma = 1.000)
19-Jan-2022 09:40:12 ::: Completed: Sigma 2 of 10 (sigma = 1.000)
19-Jan-2022 09:40:12 ::: Beginning: Sigma 3 of 10 (sigma = 1.500)
19-Jan-2022 09:40:52 ::: Completed: Sigma 3 of 10 (sigma = 1.500)
19-Jan-2022 09:40:52 ::: Beginning: Sigma 4 of 10 (sigma = 2.000)
19-Jan-2022 09:41:33 ::: Completed: Sigma 4 of 10 (sigma = 2.000)
19-Jan-2022 09:41:33 ::: Beginning: Sigma 5 of 10 (sigma = 2.500)
19-Jan-2022 09:42:12 ::: Completed: Sigma 5 of 10 (sigma = 2.500)
19-Jan-2022 09:42:12 ::: Beginning: Sigma 6 of 10 (sigma = 3.000)
19-Jan-2022 09:42:53 ::: Completed: Sigma 6 of 10 (sigma = 3.000)
19-Jan-2022 09:42:53 ::: Beginning: Sigma 7 of 10 (sigma = 3.500)
19-Jan-2022 09:43:35 ::: Completed: Sigma 7 of 10 (sigma = 3.500)
19-Jan-2022 09:43:35 ::: Beginning: Sigma 8 of 10 (sigma = 4.000)
19-Jan-2022 09:44:15 ::: Completed: Sigma 8 of 10 (sigma = 4.000)
19-Jan-2022 09:44:15 ::: Beginning: Sigma 9 of 10 (sigma = 4.500)
19-Jan-2022 09:44:57 ::: Completed: Sigma 9 of 10 (sigma = 4.500)
19-Jan-2022 09:44:57 ::: Beginning: Sigma 10 of 10 (sigma = 5.000)
19-Jan-2022 09:45:37 ::: Completed: Sigma 10 of 10 (sigma = 5.000)
19-Jan-2022 09:45:37 ::: Completed: Bandlimit 30 of 35 (banlimit = 60)
19-Jan-2022 09:45:37 ::: Beginning: Bandlimit 31 of 35 (banlimit = 62)
19-Jan-2022 09:45:37 ::: Beginning: Sigma 1 of 10 (sigma = 0.500)
19-Jan-2022 09:46:21 ::: Completed: Sigma 1 of 10 (sigma = 0.500)
19-Jan-2022 09:46:21 ::: Beginning: Sigma 2 of 10 (sigma = 1.000)
19-Jan-2022 09:47:05 ::: Completed: Sigma 2 of 10 (sigma = 1.000)
19-Jan-2022 09:47:05 ::: Beginning: Sigma 3 of 10 (sigma = 1.500)
19-Jan-2022 09:47:49 ::: Completed: Sigma 3 of 10 (sigma = 1.500)
19-Jan-2022 09:47:49 ::: Beginning: Sigma 4 of 10 (sigma = 2.000)
19-Jan-2022 09:48:33 ::: Completed: Sigma 4 of 10 (sigma = 2.000)
19-Jan-2022 09:48:33 ::: Beginning: Sigma 5 of 10 (sigma = 2.500)
19-Jan-2022 09:49:18 ::: Completed: Sigma 5 of 10 (sigma = 2.500)
19-Jan-2022 09:49:18 ::: Beginning: Sigma 6 of 10 (sigma = 3.000)
19-Jan-2022 09:50:03 ::: Completed: Sigma 6 of 10 (sigma = 3.000)
19-Jan-2022 09:50:03 ::: Beginning: Sigma 7 of 10 (sigma = 3.500)
19-Jan-2022 09:50:47 ::: Completed: Sigma 7 of 10 (sigma = 3.500)
19-Jan-2022 09:50:47 ::: Beginning: Sigma 8 of 10 (sigma = 4.000)
19-Jan-2022 09:51:32 ::: Completed: Sigma 8 of 10 (sigma = 4.000)
19-Jan-2022 09:51:32 ::: Beginning: Sigma 9 of 10 (sigma = 4.500)
19-Jan-2022 09:52:16 ::: Completed: Sigma 9 of 10 (sigma = 4.500)
19-Jan-2022 09:52:16 ::: Beginning: Sigma 10 of 10 (sigma = 5.000)
19-Jan-2022 09:53:01 ::: Completed: Sigma 10 of 10 (sigma = 5.000)
19-Jan-2022 09:53:01 ::: Completed: Bandlimit 31 of 35 (banlimit = 62)
19-Jan-2022 09:53:01 ::: Beginning: Bandlimit 32 of 35 (banlimit = 64)
19-Jan-2022 09:53:02 ::: Beginning: Sigma 1 of 10 (sigma = 0.500)
19-Jan-2022 09:53:49 ::: Completed: Sigma 1 of 10 (sigma = 0.500)
19-Jan-2022 09:53:49 ::: Beginning: Sigma 2 of 10 (sigma = 1.000)
19-Jan-2022 09:54:36 ::: Completed: Sigma 2 of 10 (sigma = 1.000)
19-Jan-2022 09:54:36 ::: Beginning: Sigma 3 of 10 (sigma = 1.500)
19-Jan-2022 09:55:25 ::: Completed: Sigma 3 of 10 (sigma = 1.500)
19-Jan-2022 09:55:25 ::: Beginning: Sigma 4 of 10 (sigma = 2.000)
19-Jan-2022 09:56:13 ::: Completed: Sigma 4 of 10 (sigma = 2.000)
19-Jan-2022 09:56:13 ::: Beginning: Sigma 5 of 10 (sigma = 2.500)
19-Jan-2022 09:57:00 ::: Completed: Sigma 5 of 10 (sigma = 2.500)
19-Jan-2022 09:57:00 ::: Beginning: Sigma 6 of 10 (sigma = 3.000)
19-Jan-2022 09:57:46 ::: Completed: Sigma 6 of 10 (sigma = 3.000)
19-Jan-2022 09:57:46 ::: Beginning: Sigma 7 of 10 (sigma = 3.500)
19-Jan-2022 09:58:32 ::: Completed: Sigma 7 of 10 (sigma = 3.500)
19-Jan-2022 09:58:32 ::: Beginning: Sigma 8 of 10 (sigma = 4.000)
19-Jan-2022 09:59:18 ::: Completed: Sigma 8 of 10 (sigma = 4.000)
19-Jan-2022 09:59:18 ::: Beginning: Sigma 9 of 10 (sigma = 4.500)
19-Jan-2022 10:00:05 ::: Completed: Sigma 9 of 10 (sigma = 4.500)
19-Jan-2022 10:00:05 ::: Beginning: Sigma 10 of 10 (sigma = 5.000)
19-Jan-2022 10:00:51 ::: Completed: Sigma 10 of 10 (sigma = 5.000)
19-Jan-2022 10:00:51 ::: Completed: Bandlimit 32 of 35 (banlimit = 64)
19-Jan-2022 10:00:51 ::: Beginning: Bandlimit 33 of 35 (banlimit = 66)
19-Jan-2022 10:00:51 ::: Beginning: Sigma 1 of 10 (sigma = 0.500)
19-Jan-2022 10:01:39 ::: Completed: Sigma 1 of 10 (sigma = 0.500)
19-Jan-2022 10:01:39 ::: Beginning: Sigma 2 of 10 (sigma = 1.000)
19-Jan-2022 10:02:29 ::: Completed: Sigma 2 of 10 (sigma = 1.000)
19-Jan-2022 10:02:29 ::: Beginning: Sigma 3 of 10 (sigma = 1.500)
19-Jan-2022 10:03:18 ::: Completed: Sigma 3 of 10 (sigma = 1.500)
19-Jan-2022 10:03:18 ::: Beginning: Sigma 4 of 10 (sigma = 2.000)
19-Jan-2022 10:04:08 ::: Completed: Sigma 4 of 10 (sigma = 2.000)
19-Jan-2022 10:04:08 ::: Beginning: Sigma 5 of 10 (sigma = 2.500)
19-Jan-2022 10:04:58 ::: Completed: Sigma 5 of 10 (sigma = 2.500)
19-Jan-2022 10:04:58 ::: Beginning: Sigma 6 of 10 (sigma = 3.000)
19-Jan-2022 10:05:48 ::: Completed: Sigma 6 of 10 (sigma = 3.000)
19-Jan-2022 10:05:48 ::: Beginning: Sigma 7 of 10 (sigma = 3.500)
19-Jan-2022 10:06:39 ::: Completed: Sigma 7 of 10 (sigma = 3.500)
19-Jan-2022 10:06:39 ::: Beginning: Sigma 8 of 10 (sigma = 4.000)
19-Jan-2022 10:07:30 ::: Completed: Sigma 8 of 10 (sigma = 4.000)
19-Jan-2022 10:07:30 ::: Beginning: Sigma 9 of 10 (sigma = 4.500)
19-Jan-2022 10:08:22 ::: Completed: Sigma 9 of 10 (sigma = 4.500)
19-Jan-2022 10:08:22 ::: Beginning: Sigma 10 of 10 (sigma = 5.000)
19-Jan-2022 10:09:11 ::: Completed: Sigma 10 of 10 (sigma = 5.000)
19-Jan-2022 10:09:11 ::: Completed: Bandlimit 33 of 35 (banlimit = 66)
19-Jan-2022 10:09:11 ::: Beginning: Bandlimit 34 of 35 (banlimit = 68)
19-Jan-2022 10:09:11 ::: Beginning: Sigma 1 of 10 (sigma = 0.500)
19-Jan-2022 10:10:06 ::: Completed: Sigma 1 of 10 (sigma = 0.500)
19-Jan-2022 10:10:06 ::: Beginning: Sigma 2 of 10 (sigma = 1.000)
19-Jan-2022 10:11:01 ::: Completed: Sigma 2 of 10 (sigma = 1.000)
19-Jan-2022 10:11:01 ::: Beginning: Sigma 3 of 10 (sigma = 1.500)
19-Jan-2022 10:11:56 ::: Completed: Sigma 3 of 10 (sigma = 1.500)
19-Jan-2022 10:11:56 ::: Beginning: Sigma 4 of 10 (sigma = 2.000)
19-Jan-2022 10:12:51 ::: Completed: Sigma 4 of 10 (sigma = 2.000)
19-Jan-2022 10:12:51 ::: Beginning: Sigma 5 of 10 (sigma = 2.500)
19-Jan-2022 10:13:46 ::: Completed: Sigma 5 of 10 (sigma = 2.500)
19-Jan-2022 10:13:46 ::: Beginning: Sigma 6 of 10 (sigma = 3.000)
19-Jan-2022 10:14:41 ::: Completed: Sigma 6 of 10 (sigma = 3.000)
19-Jan-2022 10:14:41 ::: Beginning: Sigma 7 of 10 (sigma = 3.500)
19-Jan-2022 10:15:36 ::: Completed: Sigma 7 of 10 (sigma = 3.500)
19-Jan-2022 10:15:36 ::: Beginning: Sigma 8 of 10 (sigma = 4.000)
19-Jan-2022 10:16:30 ::: Completed: Sigma 8 of 10 (sigma = 4.000)
19-Jan-2022 10:16:30 ::: Beginning: Sigma 9 of 10 (sigma = 4.500)
19-Jan-2022 10:17:23 ::: Completed: Sigma 9 of 10 (sigma = 4.500)
19-Jan-2022 10:17:23 ::: Beginning: Sigma 10 of 10 (sigma = 5.000)
19-Jan-2022 10:18:17 ::: Completed: Sigma 10 of 10 (sigma = 5.000)
19-Jan-2022 10:18:17 ::: Completed: Bandlimit 34 of 35 (banlimit = 68)
19-Jan-2022 10:18:17 ::: Beginning: Bandlimit 35 of 35 (banlimit = 70)
19-Jan-2022 10:18:17 ::: Beginning: Sigma 1 of 10 (sigma = 0.500)
19-Jan-2022 10:19:14 ::: Completed: Sigma 1 of 10 (sigma = 0.500)
19-Jan-2022 10:19:14 ::: Beginning: Sigma 2 of 10 (sigma = 1.000)
19-Jan-2022 10:20:10 ::: Completed: Sigma 2 of 10 (sigma = 1.000)
19-Jan-2022 10:20:10 ::: Beginning: Sigma 3 of 10 (sigma = 1.500)
19-Jan-2022 10:21:07 ::: Completed: Sigma 3 of 10 (sigma = 1.500)
19-Jan-2022 10:21:07 ::: Beginning: Sigma 4 of 10 (sigma = 2.000)
19-Jan-2022 10:22:05 ::: Completed: Sigma 4 of 10 (sigma = 2.000)
19-Jan-2022 10:22:05 ::: Beginning: Sigma 5 of 10 (sigma = 2.500)
19-Jan-2022 10:23:02 ::: Completed: Sigma 5 of 10 (sigma = 2.500)
19-Jan-2022 10:23:02 ::: Beginning: Sigma 6 of 10 (sigma = 3.000)
19-Jan-2022 10:23:57 ::: Completed: Sigma 6 of 10 (sigma = 3.000)
19-Jan-2022 10:23:57 ::: Beginning: Sigma 7 of 10 (sigma = 3.500)
19-Jan-2022 10:24:53 ::: Completed: Sigma 7 of 10 (sigma = 3.500)
19-Jan-2022 10:24:53 ::: Beginning: Sigma 8 of 10 (sigma = 4.000)
19-Jan-2022 10:25:49 ::: Completed: Sigma 8 of 10 (sigma = 4.000)
19-Jan-2022 10:25:49 ::: Beginning: Sigma 9 of 10 (sigma = 4.500)
19-Jan-2022 10:26:45 ::: Completed: Sigma 9 of 10 (sigma = 4.500)
19-Jan-2022 10:26:45 ::: Beginning: Sigma 10 of 10 (sigma = 5.000)
19-Jan-2022 10:27:40 ::: Completed: Sigma 10 of 10 (sigma = 5.000)
19-Jan-2022 10:27:40 ::: Completed: Bandlimit 35 of 35 (banlimit = 70)
19-Jan-2022 10:27:40 ::: Completed: Running test
19-Jan-2022 10:27:40 ::: Beginning: Calculating the mean over all images
19-Jan-2022 10:27:40 ::: Completed: Calculating the mean over all images
